2020-11-16 12:33:24,846 INFO org.springframework.boot.StartupInfoLogger [restartedMain] Starting ApiservicesApplication on Karthiks-MacBook-Air.local with PID 1129 (/Users/karthikh/git/Thavare_daily/apiservices/target/classes started by karthikh in /Users/karthikh/git/Thavare_daily/apiservices)
2020-11-16 12:33:24,853 DEBUG org.springframework.boot.StartupInfoLogger [restartedMain] Running with Spring Boot v2.2.5.RELEASE, Spring v5.2.4.RELEASE
2020-11-16 12:33:24,854 INFO org.springframework.boot.SpringApplication [restartedMain] The following profiles are active: dev
2020-11-16 12:33:27,012 INFO org.springframework.data.repository.config.RepositoryConfigurationDelegate [restartedMain] Bootstrapping Spring Data MongoDB repositories in DEFAULT mode.
2020-11-16 12:33:27,034 DEBUG org.springframework.data.repository.config.RepositoryConfigurationDelegate [restartedMain] Scanning for MongoDB repositories in packages com.initializers.services.apiservices.
2020-11-16 12:33:27,067 DEBUG org.springframework.context.annotation.ClassPathScanningCandidateComponentProvider [restartedMain] Identified candidate component class: file [/Users/karthikh/git/Thavare_daily/apiservices/target/classes/com/initializers/services/apiservices/repo/AddressRepo.class]
2020-11-16 12:33:27,069 DEBUG org.springframework.context.annotation.ClassPathScanningCandidateComponentProvider [restartedMain] Identified candidate component class: file [/Users/karthikh/git/Thavare_daily/apiservices/target/classes/com/initializers/services/apiservices/repo/ItemAvailabilityRepo.class]
2020-11-16 12:33:27,070 DEBUG org.springframework.context.annotation.ClassPathScanningCandidateComponentProvider [restartedMain] Identified candidate component class: file [/Users/karthikh/git/Thavare_daily/apiservices/target/classes/com/initializers/services/apiservices/repo/ItemCategoryRepo.class]
2020-11-16 12:33:27,071 DEBUG org.springframework.context.annotation.ClassPathScanningCandidateComponentProvider [restartedMain] Identified candidate component class: file [/Users/karthikh/git/Thavare_daily/apiservices/target/classes/com/initializers/services/apiservices/repo/ItemDetailsRepo.class]
2020-11-16 12:33:27,074 DEBUG org.springframework.context.annotation.ClassPathScanningCandidateComponentProvider [restartedMain] Identified candidate component class: file [/Users/karthikh/git/Thavare_daily/apiservices/target/classes/com/initializers/services/apiservices/repo/ItemSubCategoryRepo.class]
2020-11-16 12:33:27,075 DEBUG org.springframework.context.annotation.ClassPathScanningCandidateComponentProvider [restartedMain] Identified candidate component class: file [/Users/karthikh/git/Thavare_daily/apiservices/target/classes/com/initializers/services/apiservices/repo/OfferConfigurationDBRepo.class]
2020-11-16 12:33:27,085 DEBUG org.springframework.context.annotation.ClassPathScanningCandidateComponentProvider [restartedMain] Identified candidate component class: file [/Users/karthikh/git/Thavare_daily/apiservices/target/classes/com/initializers/services/apiservices/repo/OfferRepo.class]
2020-11-16 12:33:27,086 DEBUG org.springframework.context.annotation.ClassPathScanningCandidateComponentProvider [restartedMain] Identified candidate component class: file [/Users/karthikh/git/Thavare_daily/apiservices/target/classes/com/initializers/services/apiservices/repo/TopDealsRepo.class]
2020-11-16 12:33:27,087 DEBUG org.springframework.context.annotation.ClassPathScanningCandidateComponentProvider [restartedMain] Identified candidate component class: file [/Users/karthikh/git/Thavare_daily/apiservices/target/classes/com/initializers/services/apiservices/repo/TransientUserDetailsRepo.class]
2020-11-16 12:33:27,113 DEBUG org.springframework.context.annotation.ClassPathScanningCandidateComponentProvider [restartedMain] Identified candidate component class: file [/Users/karthikh/git/Thavare_daily/apiservices/target/classes/com/initializers/services/apiservices/repo/UserCartRepo.class]
2020-11-16 12:33:27,114 DEBUG org.springframework.context.annotation.ClassPathScanningCandidateComponentProvider [restartedMain] Identified candidate component class: file [/Users/karthikh/git/Thavare_daily/apiservices/target/classes/com/initializers/services/apiservices/repo/UserDetailsRepo.class]
2020-11-16 12:33:27,115 DEBUG org.springframework.context.annotation.ClassPathScanningCandidateComponentProvider [restartedMain] Identified candidate component class: file [/Users/karthikh/git/Thavare_daily/apiservices/target/classes/com/initializers/services/apiservices/repo/UserOTPRepo.class]
2020-11-16 12:33:27,116 DEBUG org.springframework.context.annotation.ClassPathScanningCandidateComponentProvider [restartedMain] Identified candidate component class: file [/Users/karthikh/git/Thavare_daily/apiservices/target/classes/com/initializers/services/apiservices/repo/UserOrderSetRepo.class]
2020-11-16 12:33:27,117 DEBUG org.springframework.context.annotation.ClassPathScanningCandidateComponentProvider [restartedMain] Identified candidate component class: file [/Users/karthikh/git/Thavare_daily/apiservices/target/classes/com/initializers/services/apiservices/repo/UserReviewRepo.class]
2020-11-16 12:33:27,118 DEBUG org.springframework.context.annotation.ClassPathScanningCandidateComponentProvider [restartedMain] Identified candidate component class: file [/Users/karthikh/git/Thavare_daily/apiservices/target/classes/com/initializers/services/apiservices/repo/UserWishlistRepo.class]
2020-11-16 12:33:27,450 DEBUG org.springframework.data.repository.config.RepositoryBeanDefinitionBuilder [restartedMain] Registering repository fragment implementation: itemCategoryCustomRepoImpl com.initializers.services.apiservices.repo.Impl.ItemCategoryCustomRepoImpl
2020-11-16 12:33:27,451 DEBUG org.springframework.data.repository.config.RepositoryBeanDefinitionBuilder [restartedMain] Registering repository fragment: itemCategoryCustomRepoImplFragment
2020-11-16 12:33:27,464 INFO org.springframework.data.repository.config.RepositoryConfigurationDelegate [restartedMain] Finished Spring Data repository scanning in 428ms. Found 15 MongoDB repository interfaces.
2020-11-16 12:33:30,174 DEBUG org.springframework.data.convert.CustomConversions [restartedMain] Registering converter from class java.time.LocalDateTime to class java.time.Instant as reading converter although it doesn't convert from a store-supported type! You might want to check your annotation setup at the converter implementation.
2020-11-16 12:33:30,176 DEBUG org.springframework.data.convert.CustomConversions [restartedMain] Registering converter from class java.time.Instant to class java.time.LocalDateTime as reading converter although it doesn't convert from a store-supported type! You might want to check your annotation setup at the converter implementation.
2020-11-16 12:33:30,592 DEBUG org.springframework.data.convert.CustomConversions [restartedMain] Registering converter from class java.time.LocalDateTime to class java.time.Instant as reading converter although it doesn't convert from a store-supported type! You might want to check your annotation setup at the converter implementation.
2020-11-16 12:33:30,595 DEBUG org.springframework.data.convert.CustomConversions [restartedMain] Registering converter from class java.time.Instant to class java.time.LocalDateTime as reading converter although it doesn't convert from a store-supported type! You might want to check your annotation setup at the converter implementation.
2020-11-16 12:33:30,712 DEBUG org.springframework.data.mongodb.core.index.MongoPersistentEntityIndexCreator [restartedMain] Analyzing class class com.initializers.services.apiservices.model.item.ItemDetails for index information.
2020-11-16 12:33:30,747 DEBUG org.springframework.data.mongodb.core.index.MongoPersistentEntityIndexCreator [restartedMain] Analyzing class class com.initializers.services.apiservices.model.Address for index information.
2020-11-16 12:33:30,749 DEBUG org.springframework.data.mongodb.core.index.MongoPersistentEntityIndexCreator [restartedMain] Analyzing class class com.initializers.services.apiservices.model.UserWishlist for index information.
2020-11-16 12:33:30,751 DEBUG org.springframework.data.mongodb.core.index.MongoPersistentEntityIndexCreator [restartedMain] Analyzing class class com.initializers.services.apiservices.model.OrderStatus for index information.
2020-11-16 12:33:30,752 DEBUG org.springframework.data.mongodb.core.index.MongoPersistentEntityIndexCreator [restartedMain] Analyzing class class com.initializers.services.apiservices.model.item.ItemDescription for index information.
2020-11-16 12:33:30,754 DEBUG org.springframework.data.mongodb.core.index.MongoPersistentEntityIndexCreator [restartedMain] Analyzing class class com.initializers.services.apiservices.model.OfferConfigurationDB for index information.
2020-11-16 12:33:30,756 DEBUG org.springframework.data.mongodb.core.index.MongoPersistentEntityIndexCreator [restartedMain] Analyzing class class com.initializers.services.apiservices.model.UserOrder for index information.
2020-11-16 12:33:30,757 DEBUG org.springframework.data.mongodb.core.index.MongoPersistentEntityIndexCreator [restartedMain] Analyzing class class com.initializers.services.apiservices.model.UserOTP for index information.
2020-11-16 12:33:30,758 DEBUG org.springframework.data.mongodb.core.index.MongoPersistentEntityIndexCreator [restartedMain] Analyzing class class com.initializers.services.apiservices.model.UserReview$CompositeKey for index information.
2020-11-16 12:33:30,759 DEBUG org.springframework.data.mongodb.core.index.MongoPersistentEntityIndexCreator [restartedMain] Analyzing class class com.initializers.services.apiservices.model.UserReview for index information.
2020-11-16 12:33:30,761 DEBUG org.springframework.data.mongodb.core.index.MongoPersistentEntityIndexCreator [restartedMain] Analyzing class class com.initializers.services.apiservices.model.UserDetails for index information.
2020-11-16 12:33:30,763 DEBUG org.springframework.data.mongodb.core.index.MongoPersistentEntityIndexCreator [restartedMain] Analyzing class class com.initializers.services.apiservices.model.item.ItemCategory for index information.
2020-11-16 12:33:30,764 DEBUG org.springframework.data.mongodb.core.index.MongoPersistentEntityIndexCreator [restartedMain] Analyzing class class com.initializers.services.apiservices.model.DatabaseSequence for index information.
2020-11-16 12:33:30,782 DEBUG org.springframework.data.mongodb.core.index.MongoPersistentEntityIndexCreator [restartedMain] Analyzing class class com.initializers.services.apiservices.model.item.ItemAvailability for index information.
2020-11-16 12:33:30,784 DEBUG org.springframework.data.mongodb.core.index.MongoPersistentEntityIndexCreator [restartedMain] Analyzing class class com.initializers.services.apiservices.model.TopDeals for index information.
2020-11-16 12:33:30,786 DEBUG org.springframework.data.mongodb.core.index.MongoPersistentEntityIndexCreator [restartedMain] Analyzing class class com.initializers.services.apiservices.model.Offer for index information.
2020-11-16 12:33:30,788 DEBUG org.springframework.data.mongodb.core.index.MongoPersistentEntityIndexCreator [restartedMain] Analyzing class class com.initializers.services.apiservices.model.TransientUserDetails for index information.
2020-11-16 12:33:30,790 DEBUG org.springframework.data.mongodb.core.index.MongoPersistentEntityIndexCreator [restartedMain] Analyzing class class com.initializers.services.apiservices.model.UserCart for index information.
2020-11-16 12:33:30,792 DEBUG org.springframework.data.mongodb.core.index.MongoPersistentEntityIndexCreator [restartedMain] Analyzing class class com.initializers.services.apiservices.model.item.ItemSubCategory for index information.
2020-11-16 12:33:30,794 DEBUG org.springframework.data.mongodb.core.index.MongoPersistentEntityIndexCreator [restartedMain] Analyzing class class com.initializers.services.apiservices.model.UserOrderSet for index information.
2020-11-16 12:33:30,800 DEBUG org.springframework.data.mongodb.core.index.MongoPersistentEntityIndexCreator [restartedMain] Analyzing class class com.initializers.services.apiservices.model.UserCart$CompositeKey for index information.
2020-11-16 12:33:31,461 DEBUG org.springframework.data.repository.core.support.RepositoryFactorySupport [restartedMain] Initializing repository instance for com.initializers.services.apiservices.repo.ItemCategoryRepo…
2020-11-16 12:33:31,600 DEBUG org.springframework.data.repository.core.support.RepositoryFactorySupport [restartedMain] Finished creation of repository instance for com.initializers.services.apiservices.repo.ItemCategoryRepo.
2020-11-16 12:33:31,619 DEBUG org.springframework.data.repository.core.support.RepositoryFactorySupport [restartedMain] Initializing repository instance for com.initializers.services.apiservices.repo.ItemSubCategoryRepo…
2020-11-16 12:33:31,649 DEBUG org.springframework.data.repository.core.support.RepositoryFactorySupport [restartedMain] Finished creation of repository instance for com.initializers.services.apiservices.repo.ItemSubCategoryRepo.
2020-11-16 12:33:31,674 DEBUG org.springframework.data.repository.core.support.RepositoryFactorySupport [restartedMain] Initializing repository instance for com.initializers.services.apiservices.repo.ItemAvailabilityRepo…
2020-11-16 12:33:31,689 DEBUG org.springframework.data.repository.core.support.RepositoryFactorySupport [restartedMain] Finished creation of repository instance for com.initializers.services.apiservices.repo.ItemAvailabilityRepo.
2020-11-16 12:33:31,700 DEBUG org.springframework.data.repository.core.support.RepositoryFactorySupport [restartedMain] Initializing repository instance for com.initializers.services.apiservices.repo.ItemDetailsRepo…
2020-11-16 12:33:31,748 DEBUG org.springframework.data.repository.core.support.RepositoryFactorySupport [restartedMain] Finished creation of repository instance for com.initializers.services.apiservices.repo.ItemDetailsRepo.
2020-11-16 12:33:31,903 DEBUG org.springframework.data.repository.core.support.RepositoryFactorySupport [restartedMain] Initializing repository instance for com.initializers.services.apiservices.repo.UserOrderSetRepo…
2020-11-16 12:33:31,932 DEBUG org.springframework.data.repository.core.support.RepositoryFactorySupport [restartedMain] Finished creation of repository instance for com.initializers.services.apiservices.repo.UserOrderSetRepo.
2020-11-16 12:33:31,947 DEBUG org.springframework.data.repository.core.support.RepositoryFactorySupport [restartedMain] Initializing repository instance for com.initializers.services.apiservices.repo.UserDetailsRepo…
2020-11-16 12:33:31,971 DEBUG org.springframework.data.repository.core.support.RepositoryFactorySupport [restartedMain] Finished creation of repository instance for com.initializers.services.apiservices.repo.UserDetailsRepo.
2020-11-16 12:33:31,983 DEBUG org.springframework.data.repository.core.support.RepositoryFactorySupport [restartedMain] Initializing repository instance for com.initializers.services.apiservices.repo.TransientUserDetailsRepo…
2020-11-16 12:33:31,995 DEBUG org.springframework.data.repository.core.support.RepositoryFactorySupport [restartedMain] Finished creation of repository instance for com.initializers.services.apiservices.repo.TransientUserDetailsRepo.
2020-11-16 12:33:32,013 DEBUG org.springframework.data.repository.core.support.RepositoryFactorySupport [restartedMain] Initializing repository instance for com.initializers.services.apiservices.repo.UserOTPRepo…
2020-11-16 12:33:32,025 DEBUG org.springframework.data.repository.core.support.RepositoryFactorySupport [restartedMain] Finished creation of repository instance for com.initializers.services.apiservices.repo.UserOTPRepo.
2020-11-16 12:33:32,060 DEBUG org.springframework.data.repository.core.support.RepositoryFactorySupport [restartedMain] Initializing repository instance for com.initializers.services.apiservices.repo.AddressRepo…
2020-11-16 12:33:32,071 DEBUG org.springframework.data.repository.core.support.RepositoryFactorySupport [restartedMain] Finished creation of repository instance for com.initializers.services.apiservices.repo.AddressRepo.
2020-11-16 12:33:32,089 DEBUG org.springframework.data.repository.core.support.RepositoryFactorySupport [restartedMain] Initializing repository instance for com.initializers.services.apiservices.repo.TopDealsRepo…
2020-11-16 12:33:32,102 DEBUG org.springframework.data.repository.core.support.RepositoryFactorySupport [restartedMain] Finished creation of repository instance for com.initializers.services.apiservices.repo.TopDealsRepo.
2020-11-16 12:33:32,148 DEBUG org.springframework.data.repository.core.support.RepositoryFactorySupport [restartedMain] Initializing repository instance for com.initializers.services.apiservices.repo.UserCartRepo…
2020-11-16 12:33:32,163 DEBUG org.springframework.data.repository.core.support.RepositoryFactorySupport [restartedMain] Finished creation of repository instance for com.initializers.services.apiservices.repo.UserCartRepo.
2020-11-16 12:33:32,194 DEBUG org.springframework.data.repository.core.support.RepositoryFactorySupport [restartedMain] Initializing repository instance for com.initializers.services.apiservices.repo.OfferConfigurationDBRepo…
2020-11-16 12:33:32,215 DEBUG org.springframework.data.repository.core.support.RepositoryFactorySupport [restartedMain] Finished creation of repository instance for com.initializers.services.apiservices.repo.OfferConfigurationDBRepo.
2020-11-16 12:33:32,247 DEBUG org.springframework.data.repository.core.support.RepositoryFactorySupport [restartedMain] Initializing repository instance for com.initializers.services.apiservices.repo.UserReviewRepo…
2020-11-16 12:33:32,255 DEBUG org.springframework.data.repository.core.support.RepositoryFactorySupport [restartedMain] Finished creation of repository instance for com.initializers.services.apiservices.repo.UserReviewRepo.
2020-11-16 12:33:32,288 DEBUG org.springframework.data.repository.core.support.RepositoryFactorySupport [restartedMain] Initializing repository instance for com.initializers.services.apiservices.repo.UserWishlistRepo…
2020-11-16 12:33:32,312 DEBUG org.springframework.data.repository.core.support.RepositoryFactorySupport [restartedMain] Finished creation of repository instance for com.initializers.services.apiservices.repo.UserWishlistRepo.
2020-11-16 12:33:32,409 INFO com.initializers.services.apiservices.others.ApplicationProperties [restartedMain] app running in dev environment
2020-11-16 12:33:32,411 WARN org.springframework.data.rest.webmvc.halbrowser.HalBrowser [restartedMain] ---
2020-11-16 12:33:32,412 WARN org.springframework.data.rest.webmvc.halbrowser.HalBrowser [restartedMain] Spring Data REST HAL Browser is deprecated! Prefer the HAL Explorer (artifactId: spring-data-rest-hal-explorer)!
2020-11-16 12:33:32,412 WARN org.springframework.data.rest.webmvc.halbrowser.HalBrowser [restartedMain] ---
2020-11-16 12:33:32,593 DEBUG org.springframework.data.repository.core.support.RepositoryFactorySupport [restartedMain] Initializing repository instance for com.initializers.services.apiservices.repo.OfferRepo…
2020-11-16 12:33:32,599 DEBUG org.springframework.data.repository.core.support.RepositoryFactorySupport [restartedMain] Finished creation of repository instance for com.initializers.services.apiservices.repo.OfferRepo.
2020-11-16 12:33:34,217 DEBUG org.springframework.web.servlet.mvc.method.annotation.RequestMappingHandlerAdapter [restartedMain] ControllerAdvice beans: 0 @ModelAttribute, 0 @InitBinder, 0 RequestBodyAdvice, 1 ResponseBodyAdvice
2020-11-16 12:33:34,251 DEBUG org.springframework.web.servlet.handler.AbstractHandlerMethodMapping [restartedMain] 27 mappings in <unknown>
2020-11-16 12:33:34,256 DEBUG org.springframework.web.servlet.handler.AbstractHandlerMethodMapping [restartedMain] 7 mappings in <unknown>
2020-11-16 12:33:34,495 INFO org.springframework.boot.StartupInfoLogger [restartedMain] Started ApiservicesApplication in 30.362 seconds (JVM running for 31.313)
2020-11-16 12:34:28,621 DEBUG org.springframework.data.mongodb.repository.query.MongoQueryCreator [http-nio-8080-exec-1] Created query Query: { "userID" : { "$numberLong" : "1"}}, Fields: {}, Sort: {}
2020-11-16 12:34:28,642 DEBUG org.springframework.data.mongodb.core.MongoTemplate [http-nio-8080-exec-1] find using query: { "_id" : { "$numberLong" : "1"}} fields: Document{{}} for class: class com.initializers.services.apiservices.model.UserWishlist in collection: user_wishlist
2020-11-16 12:34:28,831 DEBUG org.springframework.data.mongodb.repository.query.StringBasedMongoQuery [http-nio-8080-exec-1] Created query Document{{id=1}} for Document{{}} fields.
2020-11-16 12:34:28,833 DEBUG org.springframework.data.mongodb.core.MongoTemplate [http-nio-8080-exec-1] find using query: { "_id" : { "$numberLong" : "1"}} fields: Document{{}} for class: class com.initializers.services.apiservices.model.item.ItemDetails in collection: item_details
2020-11-16 12:34:28,836 DEBUG org.springframework.data.mongodb.core.mapping.event.AbstractMongoEventListener [http-nio-8080-exec-1] onAfterLoad(Document{{_id=1, categoryId=2, subCategoryId=1, name=Gold winner, description=Document{{itemProperties=test, sellerName=test, disclaimer=test}}, imageLinks=[http://res.cloudinary.com/dsywyhhdl/image/upload/v1597589128/ehkzd3msvhzcfms3d4m7.jpg, http://res.cloudinary.com/dsywyhhdl/image/upload/v1597589424/fwoucyhldpsf2z8xfnzp.jpg], status=Active, _class=com.initializers.services.apiservices.model.item.ItemDetails}})
2020-11-16 12:34:28,856 DEBUG org.springframework.data.mongodb.core.mapping.event.AbstractMongoEventListener [http-nio-8080-exec-1] onAfterConvert(Document{{_id=1, categoryId=2, subCategoryId=1, name=Gold winner, description=Document{{itemProperties=test, sellerName=test, disclaimer=test}}, imageLinks=[http://res.cloudinary.com/dsywyhhdl/image/upload/v1597589128/ehkzd3msvhzcfms3d4m7.jpg, http://res.cloudinary.com/dsywyhhdl/image/upload/v1597589424/fwoucyhldpsf2z8xfnzp.jpg], status=Active, _class=com.initializers.services.apiservices.model.item.ItemDetails}}, com.initializers.services.apiservices.model.item.ItemDetails@8f2e0bd)
2020-11-16 12:34:28,861 DEBUG org.springframework.data.mongodb.repository.query.StringBasedMongoQuery [http-nio-8080-exec-1] Created query Document{{itemId=1, available=Y}} for Document{{}} fields.
2020-11-16 12:34:28,865 DEBUG org.springframework.data.mongodb.core.MongoTemplate [http-nio-8080-exec-1] find using query: { "itemId" : { "$numberLong" : "1"}, "available" : "Y"} fields: Document{{}} for class: class com.initializers.services.apiservices.model.item.ItemAvailability in collection: item_availability
2020-11-16 12:34:28,904 DEBUG org.springframework.data.mongodb.core.MongoTemplate [http-nio-8080-exec-1] Saving Document containing fields: [_id, itemsId, _class]
2020-11-16 12:35:16,942 DEBUG org.springframework.data.mongodb.repository.query.MongoQueryCreator [http-nio-8080-exec-3] Created query Query: { "userID" : { "$numberLong" : "1"}}, Fields: {}, Sort: {}
2020-11-16 12:35:16,944 DEBUG org.springframework.data.mongodb.core.MongoTemplate [http-nio-8080-exec-3] find using query: { "_id" : { "$numberLong" : "1"}} fields: Document{{}} for class: class com.initializers.services.apiservices.model.UserWishlist in collection: user_wishlist
2020-11-16 12:35:16,954 DEBUG org.springframework.data.mongodb.repository.query.StringBasedMongoQuery [http-nio-8080-exec-3] Created query Document{{id=1, status=Active}} for Document{{id=1, name=1, imageLinks=1}} fields.
2020-11-16 12:35:16,956 DEBUG org.springframework.data.mongodb.core.MongoTemplate [http-nio-8080-exec-3] find using query: { "_id" : { "$numberLong" : "1"}, "status" : "Active"} fields: Document{{_id=1, name=1, imageLinks=1}} for class: class com.initializers.services.apiservices.model.item.ItemDetails in collection: item_details
2020-11-16 12:35:16,959 DEBUG org.springframework.data.mongodb.core.mapping.event.AbstractMongoEventListener [http-nio-8080-exec-3] onAfterLoad(Document{{_id=1, name=Gold winner, imageLinks=[http://res.cloudinary.com/dsywyhhdl/image/upload/v1597589128/ehkzd3msvhzcfms3d4m7.jpg, http://res.cloudinary.com/dsywyhhdl/image/upload/v1597589424/fwoucyhldpsf2z8xfnzp.jpg]}})
2020-11-16 12:35:16,964 DEBUG org.springframework.data.mongodb.core.mapping.event.AbstractMongoEventListener [http-nio-8080-exec-3] onAfterConvert(Document{{_id=1, name=Gold winner, imageLinks=[http://res.cloudinary.com/dsywyhhdl/image/upload/v1597589128/ehkzd3msvhzcfms3d4m7.jpg, http://res.cloudinary.com/dsywyhhdl/image/upload/v1597589424/fwoucyhldpsf2z8xfnzp.jpg]}}, com.initializers.services.apiservices.model.item.ItemDetails@1b13b50b)
2020-11-16 12:35:16,966 DEBUG org.springframework.data.mongodb.repository.query.StringBasedMongoQuery [http-nio-8080-exec-3] Created query Document{{itemId=1, available=Y}} for Document{{}} fields.
2020-11-16 12:35:16,968 DEBUG org.springframework.data.mongodb.core.MongoTemplate [http-nio-8080-exec-3] find using query: { "itemId" : { "$numberLong" : "1"}, "available" : "Y"} fields: Document{{}} for class: class com.initializers.services.apiservices.model.item.ItemAvailability in collection: item_availability
2020-11-16 12:35:16,977 DEBUG org.springframework.data.mongodb.repository.query.StringBasedMongoQuery [http-nio-8080-exec-3] Created query Document{{id=2, status=Active}} for Document{{id=2, name=2, imageLinks=2}} fields.
2020-11-16 12:35:16,979 DEBUG org.springframework.data.mongodb.core.MongoTemplate [http-nio-8080-exec-3] find using query: { "_id" : { "$numberLong" : "2"}, "status" : "Active"} fields: Document{{_id=2, name=2, imageLinks=2}} for class: class com.initializers.services.apiservices.model.item.ItemDetails in collection: item_details
2020-11-16 12:35:16,984 DEBUG org.springframework.data.mongodb.repository.query.StringBasedMongoQuery [http-nio-8080-exec-3] Created query Document{{id=3, status=Active}} for Document{{id=3, name=3, imageLinks=3}} fields.
2020-11-16 12:35:16,987 DEBUG org.springframework.data.mongodb.core.MongoTemplate [http-nio-8080-exec-3] find using query: { "_id" : { "$numberLong" : "3"}, "status" : "Active"} fields: Document{{_id=3, name=3, imageLinks=3}} for class: class com.initializers.services.apiservices.model.item.ItemDetails in collection: item_details
2020-11-16 12:35:16,991 DEBUG org.springframework.data.mongodb.core.mapping.event.AbstractMongoEventListener [http-nio-8080-exec-3] onAfterLoad(Document{{_id=3, name=test}})
2020-11-16 12:35:16,992 DEBUG org.springframework.data.mongodb.core.mapping.event.AbstractMongoEventListener [http-nio-8080-exec-3] onAfterConvert(Document{{_id=3, name=test}}, com.initializers.services.apiservices.model.item.ItemDetails@1f95d33a)
2020-11-16 12:35:16,993 DEBUG org.springframework.data.mongodb.repository.query.StringBasedMongoQuery [http-nio-8080-exec-3] Created query Document{{itemId=3, available=Y}} for Document{{}} fields.
2020-11-16 12:35:16,995 DEBUG org.springframework.data.mongodb.core.MongoTemplate [http-nio-8080-exec-3] find using query: { "itemId" : { "$numberLong" : "3"}, "available" : "Y"} fields: Document{{}} for class: class com.initializers.services.apiservices.model.item.ItemAvailability in collection: item_availability
2020-11-16 12:35:17,041 DEBUG org.springframework.data.mongodb.repository.query.StringBasedMongoQuery [http-nio-8080-exec-3] Created query Document{{id=4, status=Active}} for Document{{id=4, name=4, imageLinks=4}} fields.
2020-11-16 12:35:17,043 DEBUG org.springframework.data.mongodb.core.MongoTemplate [http-nio-8080-exec-3] find using query: { "_id" : { "$numberLong" : "4"}, "status" : "Active"} fields: Document{{_id=4, name=4, imageLinks=4}} for class: class com.initializers.services.apiservices.model.item.ItemDetails in collection: item_details
2020-11-16 12:35:17,045 DEBUG org.springframework.data.mongodb.core.mapping.event.AbstractMongoEventListener [http-nio-8080-exec-3] onAfterLoad(Document{{_id=4, name=Floyd , imageLinks=[http://res.cloudinary.com/dsywyhhdl/image/upload/v1597589201/uluhlie6j9yshik4cyq3.png]}})
2020-11-16 12:35:17,047 DEBUG org.springframework.data.mongodb.core.mapping.event.AbstractMongoEventListener [http-nio-8080-exec-3] onAfterConvert(Document{{_id=4, name=Floyd , imageLinks=[http://res.cloudinary.com/dsywyhhdl/image/upload/v1597589201/uluhlie6j9yshik4cyq3.png]}}, com.initializers.services.apiservices.model.item.ItemDetails@3ea80ebe)
2020-11-16 12:35:17,049 DEBUG org.springframework.data.mongodb.repository.query.StringBasedMongoQuery [http-nio-8080-exec-3] Created query Document{{itemId=4, available=Y}} for Document{{}} fields.
2020-11-16 12:35:17,051 DEBUG org.springframework.data.mongodb.core.MongoTemplate [http-nio-8080-exec-3] find using query: { "itemId" : { "$numberLong" : "4"}, "available" : "Y"} fields: Document{{}} for class: class com.initializers.services.apiservices.model.item.ItemAvailability in collection: item_availability
2020-11-16 12:35:17,055 DEBUG org.springframework.data.mongodb.repository.query.StringBasedMongoQuery [http-nio-8080-exec-3] Created query Document{{id=5, status=Active}} for Document{{id=5, name=5, imageLinks=5}} fields.
2020-11-16 12:35:17,057 DEBUG org.springframework.data.mongodb.core.MongoTemplate [http-nio-8080-exec-3] find using query: { "_id" : { "$numberLong" : "5"}, "status" : "Active"} fields: Document{{_id=5, name=5, imageLinks=5}} for class: class com.initializers.services.apiservices.model.item.ItemDetails in collection: item_details
2020-11-16 12:35:17,059 DEBUG org.springframework.data.mongodb.core.mapping.event.AbstractMongoEventListener [http-nio-8080-exec-3] onAfterLoad(Document{{_id=5, name=Floyd , imageLinks=[http://res.cloudinary.com/dsywyhhdl/image/upload/v1597589201/uluhlie6j9yshik4cyq3.png]}})
2020-11-16 12:35:17,060 DEBUG org.springframework.data.mongodb.core.mapping.event.AbstractMongoEventListener [http-nio-8080-exec-3] onAfterConvert(Document{{_id=5, name=Floyd , imageLinks=[http://res.cloudinary.com/dsywyhhdl/image/upload/v1597589201/uluhlie6j9yshik4cyq3.png]}}, com.initializers.services.apiservices.model.item.ItemDetails@19e01f6b)
2020-11-16 12:35:17,061 DEBUG org.springframework.data.mongodb.repository.query.StringBasedMongoQuery [http-nio-8080-exec-3] Created query Document{{itemId=5, available=Y}} for Document{{}} fields.
2020-11-16 12:35:17,062 DEBUG org.springframework.data.mongodb.core.MongoTemplate [http-nio-8080-exec-3] find using query: { "itemId" : { "$numberLong" : "5"}, "available" : "Y"} fields: Document{{}} for class: class com.initializers.services.apiservices.model.item.ItemAvailability in collection: item_availability
2020-11-16 12:35:17,068 DEBUG org.springframework.data.mongodb.repository.query.StringBasedMongoQuery [http-nio-8080-exec-3] Created query Document{{id=6, status=Active}} for Document{{id=6, name=6, imageLinks=6}} fields.
2020-11-16 12:35:17,069 DEBUG org.springframework.data.mongodb.core.MongoTemplate [http-nio-8080-exec-3] find using query: { "_id" : { "$numberLong" : "6"}, "status" : "Active"} fields: Document{{_id=6, name=6, imageLinks=6}} for class: class com.initializers.services.apiservices.model.item.ItemDetails in collection: item_details
2020-11-16 12:35:17,071 DEBUG org.springframework.data.mongodb.core.mapping.event.AbstractMongoEventListener [http-nio-8080-exec-3] onAfterLoad(Document{{_id=6, name=Floyd , imageLinks=[http://res.cloudinary.com/dsywyhhdl/image/upload/v1597589201/uluhlie6j9yshik4cyq3.png]}})
2020-11-16 12:35:17,072 DEBUG org.springframework.data.mongodb.core.mapping.event.AbstractMongoEventListener [http-nio-8080-exec-3] onAfterConvert(Document{{_id=6, name=Floyd , imageLinks=[http://res.cloudinary.com/dsywyhhdl/image/upload/v1597589201/uluhlie6j9yshik4cyq3.png]}}, com.initializers.services.apiservices.model.item.ItemDetails@1f5d4ab1)
2020-11-16 12:35:17,073 DEBUG org.springframework.data.mongodb.repository.query.StringBasedMongoQuery [http-nio-8080-exec-3] Created query Document{{itemId=6, available=Y}} for Document{{}} fields.
2020-11-16 12:35:17,075 DEBUG org.springframework.data.mongodb.core.MongoTemplate [http-nio-8080-exec-3] find using query: { "itemId" : { "$numberLong" : "6"}, "available" : "Y"} fields: Document{{}} for class: class com.initializers.services.apiservices.model.item.ItemAvailability in collection: item_availability
2020-11-16 12:35:17,077 DEBUG org.springframework.data.mongodb.repository.query.StringBasedMongoQuery [http-nio-8080-exec-3] Created query Document{{id=7, status=Active}} for Document{{id=7, name=7, imageLinks=7}} fields.
2020-11-16 12:35:17,078 DEBUG org.springframework.data.mongodb.core.MongoTemplate [http-nio-8080-exec-3] find using query: { "_id" : { "$numberLong" : "7"}, "status" : "Active"} fields: Document{{_id=7, name=7, imageLinks=7}} for class: class com.initializers.services.apiservices.model.item.ItemDetails in collection: item_details
2020-11-16 12:39:17,792 INFO org.springframework.boot.StartupInfoLogger [restartedMain] Starting ApiservicesApplication on Karthiks-MacBook-Air.local with PID 1129 (/Users/karthikh/git/Thavare_daily/apiservices/target/classes started by karthikh in /Users/karthikh/git/Thavare_daily/apiservices)
2020-11-16 12:39:17,793 DEBUG org.springframework.boot.StartupInfoLogger [restartedMain] Running with Spring Boot v2.2.5.RELEASE, Spring v5.2.4.RELEASE
2020-11-16 12:39:17,793 INFO org.springframework.boot.SpringApplication [restartedMain] The following profiles are active: dev
2020-11-16 12:39:18,590 INFO org.springframework.data.repository.config.RepositoryConfigurationDelegate [restartedMain] Bootstrapping Spring Data MongoDB repositories in DEFAULT mode.
2020-11-16 12:39:18,591 DEBUG org.springframework.data.repository.config.RepositoryConfigurationDelegate [restartedMain] Scanning for MongoDB repositories in packages com.initializers.services.apiservices.
2020-11-16 12:39:18,614 DEBUG org.springframework.context.annotation.ClassPathScanningCandidateComponentProvider [restartedMain] Identified candidate component class: file [/Users/karthikh/git/Thavare_daily/apiservices/target/classes/com/initializers/services/apiservices/repo/AddressRepo.class]
2020-11-16 12:39:18,616 DEBUG org.springframework.context.annotation.ClassPathScanningCandidateComponentProvider [restartedMain] Identified candidate component class: file [/Users/karthikh/git/Thavare_daily/apiservices/target/classes/com/initializers/services/apiservices/repo/ItemAvailabilityRepo.class]
2020-11-16 12:39:18,616 DEBUG org.springframework.context.annotation.ClassPathScanningCandidateComponentProvider [restartedMain] Identified candidate component class: file [/Users/karthikh/git/Thavare_daily/apiservices/target/classes/com/initializers/services/apiservices/repo/ItemCategoryRepo.class]
2020-11-16 12:39:18,617 DEBUG org.springframework.context.annotation.ClassPathScanningCandidateComponentProvider [restartedMain] Identified candidate component class: file [/Users/karthikh/git/Thavare_daily/apiservices/target/classes/com/initializers/services/apiservices/repo/ItemDetailsRepo.class]
2020-11-16 12:39:18,618 DEBUG org.springframework.context.annotation.ClassPathScanningCandidateComponentProvider [restartedMain] Identified candidate component class: file [/Users/karthikh/git/Thavare_daily/apiservices/target/classes/com/initializers/services/apiservices/repo/ItemSubCategoryRepo.class]
2020-11-16 12:39:18,618 DEBUG org.springframework.context.annotation.ClassPathScanningCandidateComponentProvider [restartedMain] Identified candidate component class: file [/Users/karthikh/git/Thavare_daily/apiservices/target/classes/com/initializers/services/apiservices/repo/OfferConfigurationDBRepo.class]
2020-11-16 12:39:18,619 DEBUG org.springframework.context.annotation.ClassPathScanningCandidateComponentProvider [restartedMain] Identified candidate component class: file [/Users/karthikh/git/Thavare_daily/apiservices/target/classes/com/initializers/services/apiservices/repo/OfferRepo.class]
2020-11-16 12:39:18,619 DEBUG org.springframework.context.annotation.ClassPathScanningCandidateComponentProvider [restartedMain] Identified candidate component class: file [/Users/karthikh/git/Thavare_daily/apiservices/target/classes/com/initializers/services/apiservices/repo/TopDealsRepo.class]
2020-11-16 12:39:18,620 DEBUG org.springframework.context.annotation.ClassPathScanningCandidateComponentProvider [restartedMain] Identified candidate component class: file [/Users/karthikh/git/Thavare_daily/apiservices/target/classes/com/initializers/services/apiservices/repo/TransientUserDetailsRepo.class]
2020-11-16 12:39:18,621 DEBUG org.springframework.context.annotation.ClassPathScanningCandidateComponentProvider [restartedMain] Identified candidate component class: file [/Users/karthikh/git/Thavare_daily/apiservices/target/classes/com/initializers/services/apiservices/repo/UserCartRepo.class]
2020-11-16 12:39:18,621 DEBUG org.springframework.context.annotation.ClassPathScanningCandidateComponentProvider [restartedMain] Identified candidate component class: file [/Users/karthikh/git/Thavare_daily/apiservices/target/classes/com/initializers/services/apiservices/repo/UserDetailsRepo.class]
2020-11-16 12:39:18,621 DEBUG org.springframework.context.annotation.ClassPathScanningCandidateComponentProvider [restartedMain] Identified candidate component class: file [/Users/karthikh/git/Thavare_daily/apiservices/target/classes/com/initializers/services/apiservices/repo/UserOTPRepo.class]
2020-11-16 12:39:18,622 DEBUG org.springframework.context.annotation.ClassPathScanningCandidateComponentProvider [restartedMain] Identified candidate component class: file [/Users/karthikh/git/Thavare_daily/apiservices/target/classes/com/initializers/services/apiservices/repo/UserOrderSetRepo.class]
2020-11-16 12:39:18,622 DEBUG org.springframework.context.annotation.ClassPathScanningCandidateComponentProvider [restartedMain] Identified candidate component class: file [/Users/karthikh/git/Thavare_daily/apiservices/target/classes/com/initializers/services/apiservices/repo/UserReviewRepo.class]
2020-11-16 12:39:18,622 DEBUG org.springframework.context.annotation.ClassPathScanningCandidateComponentProvider [restartedMain] Identified candidate component class: file [/Users/karthikh/git/Thavare_daily/apiservices/target/classes/com/initializers/services/apiservices/repo/UserWishlistRepo.class]
2020-11-16 12:39:18,676 DEBUG org.springframework.data.repository.config.RepositoryBeanDefinitionBuilder [restartedMain] Registering repository fragment implementation: itemCategoryCustomRepoImpl com.initializers.services.apiservices.repo.Impl.ItemCategoryCustomRepoImpl
2020-11-16 12:39:18,676 DEBUG org.springframework.data.repository.config.RepositoryBeanDefinitionBuilder [restartedMain] Registering repository fragment: itemCategoryCustomRepoImplFragment
2020-11-16 12:39:18,680 INFO org.springframework.data.repository.config.RepositoryConfigurationDelegate [restartedMain] Finished Spring Data repository scanning in 88ms. Found 15 MongoDB repository interfaces.
2020-11-16 12:39:19,068 DEBUG org.springframework.data.convert.CustomConversions [restartedMain] Registering converter from class java.time.LocalDateTime to class java.time.Instant as reading converter although it doesn't convert from a store-supported type! You might want to check your annotation setup at the converter implementation.
2020-11-16 12:39:19,069 DEBUG org.springframework.data.convert.CustomConversions [restartedMain] Registering converter from class java.time.Instant to class java.time.LocalDateTime as reading converter although it doesn't convert from a store-supported type! You might want to check your annotation setup at the converter implementation.
2020-11-16 12:39:19,226 DEBUG org.springframework.data.convert.CustomConversions [restartedMain] Registering converter from class java.time.LocalDateTime to class java.time.Instant as reading converter although it doesn't convert from a store-supported type! You might want to check your annotation setup at the converter implementation.
2020-11-16 12:39:19,227 DEBUG org.springframework.data.convert.CustomConversions [restartedMain] Registering converter from class java.time.Instant to class java.time.LocalDateTime as reading converter although it doesn't convert from a store-supported type! You might want to check your annotation setup at the converter implementation.
2020-11-16 12:39:19,232 DEBUG org.springframework.data.mongodb.core.index.MongoPersistentEntityIndexCreator [restartedMain] Analyzing class class com.initializers.services.apiservices.model.UserDetails for index information.
2020-11-16 12:39:19,233 DEBUG org.springframework.data.mongodb.core.index.MongoPersistentEntityIndexCreator [restartedMain] Analyzing class class com.initializers.services.apiservices.model.item.ItemSubCategory for index information.
2020-11-16 12:39:19,234 DEBUG org.springframework.data.mongodb.core.index.MongoPersistentEntityIndexCreator [restartedMain] Analyzing class class com.initializers.services.apiservices.model.DatabaseSequence for index information.
2020-11-16 12:39:19,235 DEBUG org.springframework.data.mongodb.core.index.MongoPersistentEntityIndexCreator [restartedMain] Analyzing class class com.initializers.services.apiservices.model.UserOrderSet for index information.
2020-11-16 12:39:19,236 DEBUG org.springframework.data.mongodb.core.index.MongoPersistentEntityIndexCreator [restartedMain] Analyzing class class com.initializers.services.apiservices.model.UserReview$CompositeKey for index information.
2020-11-16 12:39:19,237 DEBUG org.springframework.data.mongodb.core.index.MongoPersistentEntityIndexCreator [restartedMain] Analyzing class class com.initializers.services.apiservices.model.item.ItemDescription for index information.
2020-11-16 12:39:19,238 DEBUG org.springframework.data.mongodb.core.index.MongoPersistentEntityIndexCreator [restartedMain] Analyzing class class com.initializers.services.apiservices.model.item.ItemDetails for index information.
2020-11-16 12:39:19,239 DEBUG org.springframework.data.mongodb.core.index.MongoPersistentEntityIndexCreator [restartedMain] Analyzing class class com.initializers.services.apiservices.model.Address for index information.
2020-11-16 12:39:19,240 DEBUG org.springframework.data.mongodb.core.index.MongoPersistentEntityIndexCreator [restartedMain] Analyzing class class com.initializers.services.apiservices.model.item.ItemCategory for index information.
2020-11-16 12:39:19,241 DEBUG org.springframework.data.mongodb.core.index.MongoPersistentEntityIndexCreator [restartedMain] Analyzing class class com.initializers.services.apiservices.model.item.ItemAvailability for index information.
2020-11-16 12:39:19,243 DEBUG org.springframework.data.mongodb.core.index.MongoPersistentEntityIndexCreator [restartedMain] Analyzing class class com.initializers.services.apiservices.model.UserOrder for index information.
2020-11-16 12:39:19,243 DEBUG org.springframework.data.mongodb.core.index.MongoPersistentEntityIndexCreator [restartedMain] Analyzing class class com.initializers.services.apiservices.model.OrderStatus for index information.
2020-11-16 12:39:19,244 DEBUG org.springframework.data.mongodb.core.index.MongoPersistentEntityIndexCreator [restartedMain] Analyzing class class com.initializers.services.apiservices.model.TopDeals for index information.
2020-11-16 12:39:19,245 DEBUG org.springframework.data.mongodb.core.index.MongoPersistentEntityIndexCreator [restartedMain] Analyzing class class com.initializers.services.apiservices.model.Offer for index information.
2020-11-16 12:39:19,249 DEBUG org.springframework.data.mongodb.core.index.MongoPersistentEntityIndexCreator [restartedMain] Analyzing class class com.initializers.services.apiservices.model.OfferConfigurationDB for index information.
2020-11-16 12:39:19,250 DEBUG org.springframework.data.mongodb.core.index.MongoPersistentEntityIndexCreator [restartedMain] Analyzing class class com.initializers.services.apiservices.model.TransientUserDetails for index information.
2020-11-16 12:39:19,252 DEBUG org.springframework.data.mongodb.core.index.MongoPersistentEntityIndexCreator [restartedMain] Analyzing class class com.initializers.services.apiservices.model.UserOTP for index information.
2020-11-16 12:39:19,252 DEBUG org.springframework.data.mongodb.core.index.MongoPersistentEntityIndexCreator [restartedMain] Analyzing class class com.initializers.services.apiservices.model.UserWishlist for index information.
2020-11-16 12:39:19,253 DEBUG org.springframework.data.mongodb.core.index.MongoPersistentEntityIndexCreator [restartedMain] Analyzing class class com.initializers.services.apiservices.model.UserReview for index information.
2020-11-16 12:39:19,254 DEBUG org.springframework.data.mongodb.core.index.MongoPersistentEntityIndexCreator [restartedMain] Analyzing class class com.initializers.services.apiservices.model.UserCart for index information.
2020-11-16 12:39:19,255 DEBUG org.springframework.data.mongodb.core.index.MongoPersistentEntityIndexCreator [restartedMain] Analyzing class class com.initializers.services.apiservices.model.UserCart$CompositeKey for index information.
2020-11-16 12:39:19,379 DEBUG org.springframework.data.repository.core.support.RepositoryFactorySupport [restartedMain] Initializing repository instance for com.initializers.services.apiservices.repo.ItemCategoryRepo…
2020-11-16 12:39:19,392 DEBUG org.springframework.data.repository.core.support.RepositoryFactorySupport [restartedMain] Finished creation of repository instance for com.initializers.services.apiservices.repo.ItemCategoryRepo.
2020-11-16 12:39:19,404 DEBUG org.springframework.data.repository.core.support.RepositoryFactorySupport [restartedMain] Initializing repository instance for com.initializers.services.apiservices.repo.ItemSubCategoryRepo…
2020-11-16 12:39:19,419 DEBUG org.springframework.data.repository.core.support.RepositoryFactorySupport [restartedMain] Finished creation of repository instance for com.initializers.services.apiservices.repo.ItemSubCategoryRepo.
2020-11-16 12:39:19,425 DEBUG org.springframework.data.repository.core.support.RepositoryFactorySupport [restartedMain] Initializing repository instance for com.initializers.services.apiservices.repo.ItemAvailabilityRepo…
2020-11-16 12:39:19,440 DEBUG org.springframework.data.repository.core.support.RepositoryFactorySupport [restartedMain] Finished creation of repository instance for com.initializers.services.apiservices.repo.ItemAvailabilityRepo.
2020-11-16 12:39:19,455 DEBUG org.springframework.data.repository.core.support.RepositoryFactorySupport [restartedMain] Initializing repository instance for com.initializers.services.apiservices.repo.ItemDetailsRepo…
2020-11-16 12:39:19,472 DEBUG org.springframework.data.repository.core.support.RepositoryFactorySupport [restartedMain] Finished creation of repository instance for com.initializers.services.apiservices.repo.ItemDetailsRepo.
2020-11-16 12:39:19,509 DEBUG org.springframework.data.repository.core.support.RepositoryFactorySupport [restartedMain] Initializing repository instance for com.initializers.services.apiservices.repo.UserOrderSetRepo…
2020-11-16 12:39:19,530 DEBUG org.springframework.data.repository.core.support.RepositoryFactorySupport [restartedMain] Finished creation of repository instance for com.initializers.services.apiservices.repo.UserOrderSetRepo.
2020-11-16 12:39:19,554 DEBUG org.springframework.data.repository.core.support.RepositoryFactorySupport [restartedMain] Initializing repository instance for com.initializers.services.apiservices.repo.UserDetailsRepo…
2020-11-16 12:39:19,563 DEBUG org.springframework.data.repository.core.support.RepositoryFactorySupport [restartedMain] Finished creation of repository instance for com.initializers.services.apiservices.repo.UserDetailsRepo.
2020-11-16 12:39:19,571 DEBUG org.springframework.data.repository.core.support.RepositoryFactorySupport [restartedMain] Initializing repository instance for com.initializers.services.apiservices.repo.TransientUserDetailsRepo…
2020-11-16 12:39:19,581 DEBUG org.springframework.data.repository.core.support.RepositoryFactorySupport [restartedMain] Finished creation of repository instance for com.initializers.services.apiservices.repo.TransientUserDetailsRepo.
2020-11-16 12:39:19,595 DEBUG org.springframework.data.repository.core.support.RepositoryFactorySupport [restartedMain] Initializing repository instance for com.initializers.services.apiservices.repo.UserOTPRepo…
2020-11-16 12:39:19,605 DEBUG org.springframework.data.repository.core.support.RepositoryFactorySupport [restartedMain] Finished creation of repository instance for com.initializers.services.apiservices.repo.UserOTPRepo.
2020-11-16 12:39:19,615 DEBUG org.springframework.data.repository.core.support.RepositoryFactorySupport [restartedMain] Initializing repository instance for com.initializers.services.apiservices.repo.AddressRepo…
2020-11-16 12:39:19,623 DEBUG org.springframework.data.repository.core.support.RepositoryFactorySupport [restartedMain] Finished creation of repository instance for com.initializers.services.apiservices.repo.AddressRepo.
2020-11-16 12:39:19,644 DEBUG org.springframework.data.repository.core.support.RepositoryFactorySupport [restartedMain] Initializing repository instance for com.initializers.services.apiservices.repo.TopDealsRepo…
2020-11-16 12:39:19,653 DEBUG org.springframework.data.repository.core.support.RepositoryFactorySupport [restartedMain] Finished creation of repository instance for com.initializers.services.apiservices.repo.TopDealsRepo.
2020-11-16 12:39:19,662 DEBUG org.springframework.data.repository.core.support.RepositoryFactorySupport [restartedMain] Initializing repository instance for com.initializers.services.apiservices.repo.UserCartRepo…
2020-11-16 12:39:19,672 DEBUG org.springframework.data.repository.core.support.RepositoryFactorySupport [restartedMain] Finished creation of repository instance for com.initializers.services.apiservices.repo.UserCartRepo.
2020-11-16 12:39:19,681 DEBUG org.springframework.data.repository.core.support.RepositoryFactorySupport [restartedMain] Initializing repository instance for com.initializers.services.apiservices.repo.OfferConfigurationDBRepo…
2020-11-16 12:39:19,693 DEBUG org.springframework.data.repository.core.support.RepositoryFactorySupport [restartedMain] Finished creation of repository instance for com.initializers.services.apiservices.repo.OfferConfigurationDBRepo.
2020-11-16 12:39:19,719 DEBUG org.springframework.data.repository.core.support.RepositoryFactorySupport [restartedMain] Initializing repository instance for com.initializers.services.apiservices.repo.UserReviewRepo…
2020-11-16 12:39:19,727 DEBUG org.springframework.data.repository.core.support.RepositoryFactorySupport [restartedMain] Finished creation of repository instance for com.initializers.services.apiservices.repo.UserReviewRepo.
2020-11-16 12:39:19,747 DEBUG org.springframework.data.repository.core.support.RepositoryFactorySupport [restartedMain] Initializing repository instance for com.initializers.services.apiservices.repo.UserWishlistRepo…
2020-11-16 12:39:19,755 DEBUG org.springframework.data.repository.core.support.RepositoryFactorySupport [restartedMain] Finished creation of repository instance for com.initializers.services.apiservices.repo.UserWishlistRepo.
2020-11-16 12:39:19,847 INFO com.initializers.services.apiservices.others.ApplicationProperties [restartedMain] app running in dev environment
2020-11-16 12:39:19,850 WARN org.springframework.data.rest.webmvc.halbrowser.HalBrowser [restartedMain] ---
2020-11-16 12:39:19,850 WARN org.springframework.data.rest.webmvc.halbrowser.HalBrowser [restartedMain] Spring Data REST HAL Browser is deprecated! Prefer the HAL Explorer (artifactId: spring-data-rest-hal-explorer)!
2020-11-16 12:39:19,851 WARN org.springframework.data.rest.webmvc.halbrowser.HalBrowser [restartedMain] ---
2020-11-16 12:39:19,895 DEBUG org.springframework.data.repository.core.support.RepositoryFactorySupport [restartedMain] Initializing repository instance for com.initializers.services.apiservices.repo.OfferRepo…
2020-11-16 12:39:19,922 DEBUG org.springframework.data.repository.core.support.RepositoryFactorySupport [restartedMain] Finished creation of repository instance for com.initializers.services.apiservices.repo.OfferRepo.
2020-11-16 12:39:20,267 DEBUG org.springframework.web.servlet.mvc.method.annotation.RequestMappingHandlerAdapter [restartedMain] ControllerAdvice beans: 0 @ModelAttribute, 0 @InitBinder, 0 RequestBodyAdvice, 1 ResponseBodyAdvice
2020-11-16 12:39:20,277 DEBUG org.springframework.web.servlet.handler.AbstractHandlerMethodMapping [restartedMain] 27 mappings in <unknown>
2020-11-16 12:39:20,279 DEBUG org.springframework.web.servlet.handler.AbstractHandlerMethodMapping [restartedMain] 7 mappings in <unknown>
2020-11-16 12:39:20,362 INFO org.springframework.boot.StartupInfoLogger [restartedMain] Started ApiservicesApplication in 22.66 seconds (JVM running for 377.174)
