2020-05-12 23:22:57,068 INFO org.springframework.boot.StartupInfoLogger [main] Starting ApiservicesApplicationTests on karthik-HP-Notebook with PID 9315 (started by karthik in /home/karthik/git/Thavare_daily/apiservices)
2020-05-12 23:22:57,072 DEBUG org.springframework.boot.StartupInfoLogger [main] Running with Spring Boot v2.2.5.RELEASE, Spring v5.2.4.RELEASE
2020-05-12 23:22:57,073 INFO org.springframework.boot.SpringApplication [main] The following profiles are active: prod
2020-05-12 23:22:59,869 INFO org.springframework.data.repository.config.RepositoryConfigurationDelegate [main] Bootstrapping Spring Data MongoDB repositories in DEFAULT mode.
2020-05-12 23:22:59,892 DEBUG org.springframework.data.repository.config.RepositoryConfigurationDelegate [main] Scanning for MongoDB repositories in packages com.initializers.services.apiservices.
2020-05-12 23:22:59,919 DEBUG org.springframework.context.annotation.ClassPathScanningCandidateComponentProvider [main] Identified candidate component class: file [/home/karthik/git/Thavare_daily/apiservices/target/classes/com/initializers/services/apiservices/repo/AddressRepo.class]
2020-05-12 23:22:59,921 DEBUG org.springframework.context.annotation.ClassPathScanningCandidateComponentProvider [main] Identified candidate component class: file [/home/karthik/git/Thavare_daily/apiservices/target/classes/com/initializers/services/apiservices/repo/ItemAvailabilityRepo.class]
2020-05-12 23:22:59,922 DEBUG org.springframework.context.annotation.ClassPathScanningCandidateComponentProvider [main] Identified candidate component class: file [/home/karthik/git/Thavare_daily/apiservices/target/classes/com/initializers/services/apiservices/repo/ItemCategoryRepo.class]
2020-05-12 23:22:59,924 DEBUG org.springframework.context.annotation.ClassPathScanningCandidateComponentProvider [main] Identified candidate component class: file [/home/karthik/git/Thavare_daily/apiservices/target/classes/com/initializers/services/apiservices/repo/ItemDetailsRepo.class]
2020-05-12 23:22:59,927 DEBUG org.springframework.context.annotation.ClassPathScanningCandidateComponentProvider [main] Identified candidate component class: file [/home/karthik/git/Thavare_daily/apiservices/target/classes/com/initializers/services/apiservices/repo/ItemSubCategoryRepo.class]
2020-05-12 23:22:59,928 DEBUG org.springframework.context.annotation.ClassPathScanningCandidateComponentProvider [main] Identified candidate component class: file [/home/karthik/git/Thavare_daily/apiservices/target/classes/com/initializers/services/apiservices/repo/OfferConfigurationDBRepo.class]
2020-05-12 23:22:59,930 DEBUG org.springframework.context.annotation.ClassPathScanningCandidateComponentProvider [main] Identified candidate component class: file [/home/karthik/git/Thavare_daily/apiservices/target/classes/com/initializers/services/apiservices/repo/OfferRepo.class]
2020-05-12 23:22:59,931 DEBUG org.springframework.context.annotation.ClassPathScanningCandidateComponentProvider [main] Identified candidate component class: file [/home/karthik/git/Thavare_daily/apiservices/target/classes/com/initializers/services/apiservices/repo/TransientUserDetailsRepo.class]
2020-05-12 23:22:59,933 DEBUG org.springframework.context.annotation.ClassPathScanningCandidateComponentProvider [main] Identified candidate component class: file [/home/karthik/git/Thavare_daily/apiservices/target/classes/com/initializers/services/apiservices/repo/UserCartRepo.class]
2020-05-12 23:22:59,934 DEBUG org.springframework.context.annotation.ClassPathScanningCandidateComponentProvider [main] Identified candidate component class: file [/home/karthik/git/Thavare_daily/apiservices/target/classes/com/initializers/services/apiservices/repo/UserDetailsRepo.class]
2020-05-12 23:22:59,935 DEBUG org.springframework.context.annotation.ClassPathScanningCandidateComponentProvider [main] Identified candidate component class: file [/home/karthik/git/Thavare_daily/apiservices/target/classes/com/initializers/services/apiservices/repo/UserOTPRepo.class]
2020-05-12 23:22:59,936 DEBUG org.springframework.context.annotation.ClassPathScanningCandidateComponentProvider [main] Identified candidate component class: file [/home/karthik/git/Thavare_daily/apiservices/target/classes/com/initializers/services/apiservices/repo/UserOrderSetRepo.class]
2020-05-12 23:22:59,937 DEBUG org.springframework.context.annotation.ClassPathScanningCandidateComponentProvider [main] Identified candidate component class: file [/home/karthik/git/Thavare_daily/apiservices/target/classes/com/initializers/services/apiservices/repo/UserReviewRepo.class]
2020-05-12 23:22:59,937 DEBUG org.springframework.context.annotation.ClassPathScanningCandidateComponentProvider [main] Identified candidate component class: file [/home/karthik/git/Thavare_daily/apiservices/target/classes/com/initializers/services/apiservices/repo/UserWishlistRepo.class]
2020-05-12 23:23:00,132 INFO org.springframework.data.repository.config.RepositoryConfigurationDelegate [main] Finished Spring Data repository scanning in 238ms. Found 14 MongoDB repository interfaces.
2020-05-12 23:23:06,690 DEBUG org.springframework.data.convert.CustomConversions [main] Registering converter from class java.time.LocalDateTime to class java.time.Instant as reading converter although it doesn't convert from a store-supported type! You might want to check your annotation setup at the converter implementation.
2020-05-12 23:23:06,692 DEBUG org.springframework.data.convert.CustomConversions [main] Registering converter from class java.time.Instant to class java.time.LocalDateTime as reading converter although it doesn't convert from a store-supported type! You might want to check your annotation setup at the converter implementation.
2020-05-12 23:23:07,036 DEBUG org.springframework.data.convert.CustomConversions [main] Registering converter from class java.time.LocalDateTime to class java.time.Instant as reading converter although it doesn't convert from a store-supported type! You might want to check your annotation setup at the converter implementation.
2020-05-12 23:23:07,037 DEBUG org.springframework.data.convert.CustomConversions [main] Registering converter from class java.time.Instant to class java.time.LocalDateTime as reading converter although it doesn't convert from a store-supported type! You might want to check your annotation setup at the converter implementation.
2020-05-12 23:23:07,121 DEBUG org.springframework.data.mongodb.core.index.MongoPersistentEntityIndexCreator [main] Analyzing class class com.initializers.services.apiservices.model.Address for index information.
2020-05-12 23:23:07,132 DEBUG org.springframework.data.mongodb.core.index.MongoPersistentEntityIndexCreator [main] Analyzing class class com.initializers.services.apiservices.model.OrderStatus for index information.
2020-05-12 23:23:07,133 DEBUG org.springframework.data.mongodb.core.index.MongoPersistentEntityIndexCreator [main] Analyzing class class com.initializers.services.apiservices.model.UserDetails for index information.
2020-05-12 23:23:07,134 DEBUG org.springframework.data.mongodb.core.index.MongoPersistentEntityIndexCreator [main] Analyzing class class com.initializers.services.apiservices.model.item.ItemDetails for index information.
2020-05-12 23:23:07,138 DEBUG org.springframework.data.mongodb.core.index.MongoPersistentEntityIndexCreator [main] Analyzing class class com.initializers.services.apiservices.model.TransientUserDetails for index information.
2020-05-12 23:23:07,140 DEBUG org.springframework.data.mongodb.core.index.MongoPersistentEntityIndexCreator [main] Analyzing class class com.initializers.services.apiservices.model.UserOTP for index information.
2020-05-12 23:23:07,146 DEBUG org.springframework.data.mongodb.core.index.MongoPersistentEntityIndexCreator [main] Analyzing class class com.initializers.services.apiservices.model.DatabaseSequence for index information.
2020-05-12 23:23:07,147 DEBUG org.springframework.data.mongodb.core.index.MongoPersistentEntityIndexCreator [main] Analyzing class class com.initializers.services.apiservices.model.Offer for index information.
2020-05-12 23:23:07,150 DEBUG org.springframework.data.mongodb.core.index.MongoPersistentEntityIndexCreator [main] Analyzing class class com.initializers.services.apiservices.model.item.ItemDescription for index information.
2020-05-12 23:23:07,151 DEBUG org.springframework.data.mongodb.core.index.MongoPersistentEntityIndexCreator [main] Analyzing class class com.initializers.services.apiservices.model.item.ItemAvailability for index information.
2020-05-12 23:23:07,153 DEBUG org.springframework.data.mongodb.core.index.MongoPersistentEntityIndexCreator [main] Analyzing class class com.initializers.services.apiservices.model.UserReview for index information.
2020-05-12 23:23:07,155 DEBUG org.springframework.data.mongodb.core.index.MongoPersistentEntityIndexCreator [main] Analyzing class class com.initializers.services.apiservices.model.UserCart$CompositeKey for index information.
2020-05-12 23:23:07,156 DEBUG org.springframework.data.mongodb.core.index.MongoPersistentEntityIndexCreator [main] Analyzing class class com.initializers.services.apiservices.model.item.ItemCategory for index information.
2020-05-12 23:23:07,157 DEBUG org.springframework.data.mongodb.core.index.MongoPersistentEntityIndexCreator [main] Analyzing class class com.initializers.services.apiservices.model.UserOrder for index information.
2020-05-12 23:23:07,159 DEBUG org.springframework.data.mongodb.core.index.MongoPersistentEntityIndexCreator [main] Analyzing class class com.initializers.services.apiservices.model.OfferConfigurationDB for index information.
2020-05-12 23:23:07,161 DEBUG org.springframework.data.mongodb.core.index.MongoPersistentEntityIndexCreator [main] Analyzing class class com.initializers.services.apiservices.model.UserWishlist for index information.
2020-05-12 23:23:07,162 DEBUG org.springframework.data.mongodb.core.index.MongoPersistentEntityIndexCreator [main] Analyzing class class com.initializers.services.apiservices.model.UserCart for index information.
2020-05-12 23:23:07,163 DEBUG org.springframework.data.mongodb.core.index.MongoPersistentEntityIndexCreator [main] Analyzing class class com.initializers.services.apiservices.model.item.ItemSubCategory for index information.
2020-05-12 23:23:07,166 DEBUG org.springframework.data.mongodb.core.index.MongoPersistentEntityIndexCreator [main] Analyzing class class com.initializers.services.apiservices.model.UserOrderSet for index information.
2020-05-12 23:23:07,378 DEBUG org.springframework.data.repository.core.support.RepositoryFactorySupport [main] Initializing repository instance for com.initializers.services.apiservices.repo.ItemCategoryRepo…
2020-05-12 23:23:07,500 DEBUG org.springframework.data.repository.core.support.RepositoryFactorySupport [main] Finished creation of repository instance for com.initializers.services.apiservices.repo.ItemCategoryRepo.
2020-05-12 23:23:07,539 DEBUG org.springframework.data.repository.core.support.RepositoryFactorySupport [main] Initializing repository instance for com.initializers.services.apiservices.repo.ItemSubCategoryRepo…
2020-05-12 23:23:07,561 DEBUG org.springframework.data.repository.core.support.RepositoryFactorySupport [main] Finished creation of repository instance for com.initializers.services.apiservices.repo.ItemSubCategoryRepo.
2020-05-12 23:23:07,581 DEBUG org.springframework.data.repository.core.support.RepositoryFactorySupport [main] Initializing repository instance for com.initializers.services.apiservices.repo.ItemDetailsRepo…
2020-05-12 23:23:07,643 DEBUG org.springframework.data.repository.core.support.RepositoryFactorySupport [main] Finished creation of repository instance for com.initializers.services.apiservices.repo.ItemDetailsRepo.
2020-05-12 23:23:07,657 DEBUG org.springframework.data.repository.core.support.RepositoryFactorySupport [main] Initializing repository instance for com.initializers.services.apiservices.repo.ItemAvailabilityRepo…
2020-05-12 23:23:07,676 DEBUG org.springframework.data.repository.core.support.RepositoryFactorySupport [main] Finished creation of repository instance for com.initializers.services.apiservices.repo.ItemAvailabilityRepo.
2020-05-12 23:23:07,726 DEBUG org.springframework.data.repository.core.support.RepositoryFactorySupport [main] Initializing repository instance for com.initializers.services.apiservices.repo.UserDetailsRepo…
2020-05-12 23:23:07,738 DEBUG org.springframework.data.repository.core.support.RepositoryFactorySupport [main] Finished creation of repository instance for com.initializers.services.apiservices.repo.UserDetailsRepo.
2020-05-12 23:23:07,753 DEBUG org.springframework.data.repository.core.support.RepositoryFactorySupport [main] Initializing repository instance for com.initializers.services.apiservices.repo.TransientUserDetailsRepo…
2020-05-12 23:23:07,767 DEBUG org.springframework.data.repository.core.support.RepositoryFactorySupport [main] Finished creation of repository instance for com.initializers.services.apiservices.repo.TransientUserDetailsRepo.
2020-05-12 23:23:07,780 DEBUG org.springframework.data.repository.core.support.RepositoryFactorySupport [main] Initializing repository instance for com.initializers.services.apiservices.repo.UserOTPRepo…
2020-05-12 23:23:07,789 DEBUG org.springframework.data.repository.core.support.RepositoryFactorySupport [main] Finished creation of repository instance for com.initializers.services.apiservices.repo.UserOTPRepo.
2020-05-12 23:23:07,876 DEBUG org.springframework.data.repository.core.support.RepositoryFactorySupport [main] Initializing repository instance for com.initializers.services.apiservices.repo.AddressRepo…
2020-05-12 23:23:07,892 DEBUG org.springframework.data.repository.core.support.RepositoryFactorySupport [main] Finished creation of repository instance for com.initializers.services.apiservices.repo.AddressRepo.
2020-05-12 23:23:07,908 DEBUG org.springframework.data.repository.core.support.RepositoryFactorySupport [main] Initializing repository instance for com.initializers.services.apiservices.repo.UserCartRepo…
2020-05-12 23:23:07,930 DEBUG org.springframework.data.repository.core.support.RepositoryFactorySupport [main] Finished creation of repository instance for com.initializers.services.apiservices.repo.UserCartRepo.
2020-05-12 23:23:07,942 DEBUG org.springframework.data.repository.core.support.RepositoryFactorySupport [main] Initializing repository instance for com.initializers.services.apiservices.repo.UserOrderSetRepo…
2020-05-12 23:23:07,956 DEBUG org.springframework.data.repository.core.support.RepositoryFactorySupport [main] Finished creation of repository instance for com.initializers.services.apiservices.repo.UserOrderSetRepo.
2020-05-12 23:23:07,973 DEBUG org.springframework.data.repository.core.support.RepositoryFactorySupport [main] Initializing repository instance for com.initializers.services.apiservices.repo.OfferConfigurationDBRepo…
2020-05-12 23:23:07,984 DEBUG org.springframework.data.repository.core.support.RepositoryFactorySupport [main] Finished creation of repository instance for com.initializers.services.apiservices.repo.OfferConfigurationDBRepo.
2020-05-12 23:23:08,021 DEBUG org.springframework.data.repository.core.support.RepositoryFactorySupport [main] Initializing repository instance for com.initializers.services.apiservices.repo.UserReviewRepo…
2020-05-12 23:23:08,033 DEBUG org.springframework.data.repository.core.support.RepositoryFactorySupport [main] Finished creation of repository instance for com.initializers.services.apiservices.repo.UserReviewRepo.
2020-05-12 23:23:08,056 DEBUG org.springframework.data.repository.core.support.RepositoryFactorySupport [main] Initializing repository instance for com.initializers.services.apiservices.repo.UserWishlistRepo…
2020-05-12 23:23:08,067 DEBUG org.springframework.data.repository.core.support.RepositoryFactorySupport [main] Finished creation of repository instance for com.initializers.services.apiservices.repo.UserWishlistRepo.
2020-05-12 23:23:08,309 INFO com.initializers.services.apiservices.others.ApplicationProperties [main] app running in prod environment
2020-05-12 23:23:08,312 WARN org.springframework.data.rest.webmvc.halbrowser.HalBrowser [main] ---
2020-05-12 23:23:08,313 WARN org.springframework.data.rest.webmvc.halbrowser.HalBrowser [main] Spring Data REST HAL Browser is deprecated! Prefer the HAL Explorer (artifactId: spring-data-rest-hal-explorer)!
2020-05-12 23:23:08,321 WARN org.springframework.data.rest.webmvc.halbrowser.HalBrowser [main] ---
2020-05-12 23:23:08,526 DEBUG org.springframework.data.repository.core.support.RepositoryFactorySupport [main] Initializing repository instance for com.initializers.services.apiservices.repo.OfferRepo…
2020-05-12 23:23:08,540 DEBUG org.springframework.data.repository.core.support.RepositoryFactorySupport [main] Finished creation of repository instance for com.initializers.services.apiservices.repo.OfferRepo.
2020-05-12 23:23:10,979 DEBUG org.springframework.web.servlet.mvc.method.annotation.RequestMappingHandlerAdapter [main] ControllerAdvice beans: 0 @ModelAttribute, 0 @InitBinder, 0 RequestBodyAdvice, 1 ResponseBodyAdvice
2020-05-12 23:23:11,089 DEBUG org.springframework.web.servlet.handler.AbstractHandlerMethodMapping [main] 27 mappings in <unknown>
2020-05-12 23:23:11,099 DEBUG org.springframework.web.servlet.handler.AbstractHandlerMethodMapping [main] 7 mappings in <unknown>
2020-05-12 23:23:11,349 INFO org.springframework.boot.StartupInfoLogger [main] Started ApiservicesApplicationTests in 15.324 seconds (JVM running for 17.721)
