2020-08-08 19:50:15,511 INFO org.springframework.boot.StartupInfoLogger [restartedMain] Starting ApiservicesApplication on karthik-HP-Notebook with PID 5753 (/home/karthik/git/Thavare_daily/apiservices/target/classes started by karthik in /home/karthik/git/Thavare_daily/apiservices)
2020-08-08 19:50:15,528 DEBUG org.springframework.boot.StartupInfoLogger [restartedMain] Running with Spring Boot v2.2.5.RELEASE, Spring v5.2.4.RELEASE
2020-08-08 19:50:15,528 INFO org.springframework.boot.SpringApplication [restartedMain] The following profiles are active: dev
2020-08-08 19:50:20,229 INFO org.springframework.data.repository.config.RepositoryConfigurationDelegate [restartedMain] Bootstrapping Spring Data MongoDB repositories in DEFAULT mode.
2020-08-08 19:50:20,286 DEBUG org.springframework.data.repository.config.RepositoryConfigurationDelegate [restartedMain] Scanning for MongoDB repositories in packages com.initializers.services.apiservices.
2020-08-08 19:50:20,324 DEBUG org.springframework.context.annotation.ClassPathScanningCandidateComponentProvider [restartedMain] Identified candidate component class: file [/home/karthik/git/Thavare_daily/apiservices/target/classes/com/initializers/services/apiservices/repo/AddressRepo.class]
2020-08-08 19:50:20,325 DEBUG org.springframework.context.annotation.ClassPathScanningCandidateComponentProvider [restartedMain] Identified candidate component class: file [/home/karthik/git/Thavare_daily/apiservices/target/classes/com/initializers/services/apiservices/repo/ItemAvailabilityRepo.class]
2020-08-08 19:50:20,326 DEBUG org.springframework.context.annotation.ClassPathScanningCandidateComponentProvider [restartedMain] Identified candidate component class: file [/home/karthik/git/Thavare_daily/apiservices/target/classes/com/initializers/services/apiservices/repo/ItemCategoryRepo.class]
2020-08-08 19:50:20,326 DEBUG org.springframework.context.annotation.ClassPathScanningCandidateComponentProvider [restartedMain] Identified candidate component class: file [/home/karthik/git/Thavare_daily/apiservices/target/classes/com/initializers/services/apiservices/repo/ItemDetailsRepo.class]
2020-08-08 19:50:20,326 DEBUG org.springframework.context.annotation.ClassPathScanningCandidateComponentProvider [restartedMain] Identified candidate component class: file [/home/karthik/git/Thavare_daily/apiservices/target/classes/com/initializers/services/apiservices/repo/ItemSubCategoryRepo.class]
2020-08-08 19:50:20,326 DEBUG org.springframework.context.annotation.ClassPathScanningCandidateComponentProvider [restartedMain] Identified candidate component class: file [/home/karthik/git/Thavare_daily/apiservices/target/classes/com/initializers/services/apiservices/repo/OfferConfigurationDBRepo.class]
2020-08-08 19:50:20,327 DEBUG org.springframework.context.annotation.ClassPathScanningCandidateComponentProvider [restartedMain] Identified candidate component class: file [/home/karthik/git/Thavare_daily/apiservices/target/classes/com/initializers/services/apiservices/repo/OfferRepo.class]
2020-08-08 19:50:20,327 DEBUG org.springframework.context.annotation.ClassPathScanningCandidateComponentProvider [restartedMain] Identified candidate component class: file [/home/karthik/git/Thavare_daily/apiservices/target/classes/com/initializers/services/apiservices/repo/TopDealsRepo.class]
2020-08-08 19:50:20,328 DEBUG org.springframework.context.annotation.ClassPathScanningCandidateComponentProvider [restartedMain] Identified candidate component class: file [/home/karthik/git/Thavare_daily/apiservices/target/classes/com/initializers/services/apiservices/repo/TransientUserDetailsRepo.class]
2020-08-08 19:50:20,328 DEBUG org.springframework.context.annotation.ClassPathScanningCandidateComponentProvider [restartedMain] Identified candidate component class: file [/home/karthik/git/Thavare_daily/apiservices/target/classes/com/initializers/services/apiservices/repo/UserCartRepo.class]
2020-08-08 19:50:20,329 DEBUG org.springframework.context.annotation.ClassPathScanningCandidateComponentProvider [restartedMain] Identified candidate component class: file [/home/karthik/git/Thavare_daily/apiservices/target/classes/com/initializers/services/apiservices/repo/UserDetailsRepo.class]
2020-08-08 19:50:20,329 DEBUG org.springframework.context.annotation.ClassPathScanningCandidateComponentProvider [restartedMain] Identified candidate component class: file [/home/karthik/git/Thavare_daily/apiservices/target/classes/com/initializers/services/apiservices/repo/UserOTPRepo.class]
2020-08-08 19:50:20,330 DEBUG org.springframework.context.annotation.ClassPathScanningCandidateComponentProvider [restartedMain] Identified candidate component class: file [/home/karthik/git/Thavare_daily/apiservices/target/classes/com/initializers/services/apiservices/repo/UserOrderSetRepo.class]
2020-08-08 19:50:20,330 DEBUG org.springframework.context.annotation.ClassPathScanningCandidateComponentProvider [restartedMain] Identified candidate component class: file [/home/karthik/git/Thavare_daily/apiservices/target/classes/com/initializers/services/apiservices/repo/UserReviewRepo.class]
2020-08-08 19:50:20,331 DEBUG org.springframework.context.annotation.ClassPathScanningCandidateComponentProvider [restartedMain] Identified candidate component class: file [/home/karthik/git/Thavare_daily/apiservices/target/classes/com/initializers/services/apiservices/repo/UserWishlistRepo.class]
2020-08-08 19:50:20,566 DEBUG org.springframework.data.repository.config.RepositoryBeanDefinitionBuilder [restartedMain] Registering repository fragment implementation: itemCategoryCustomRepoImpl com.initializers.services.apiservices.repo.Impl.ItemCategoryCustomRepoImpl
2020-08-08 19:50:20,571 DEBUG org.springframework.data.repository.config.RepositoryBeanDefinitionBuilder [restartedMain] Registering repository fragment: itemCategoryCustomRepoImplFragment
2020-08-08 19:50:20,590 INFO org.springframework.data.repository.config.RepositoryConfigurationDelegate [restartedMain] Finished Spring Data repository scanning in 302ms. Found 15 MongoDB repository interfaces.
2020-08-08 19:50:27,302 DEBUG org.springframework.data.convert.CustomConversions [restartedMain] Registering converter from class java.time.LocalDateTime to class java.time.Instant as reading converter although it doesn't convert from a store-supported type! You might want to check your annotation setup at the converter implementation.
2020-08-08 19:50:27,303 DEBUG org.springframework.data.convert.CustomConversions [restartedMain] Registering converter from class java.time.Instant to class java.time.LocalDateTime as reading converter although it doesn't convert from a store-supported type! You might want to check your annotation setup at the converter implementation.
2020-08-08 19:50:27,642 DEBUG org.springframework.data.convert.CustomConversions [restartedMain] Registering converter from class java.time.LocalDateTime to class java.time.Instant as reading converter although it doesn't convert from a store-supported type! You might want to check your annotation setup at the converter implementation.
2020-08-08 19:50:27,643 DEBUG org.springframework.data.convert.CustomConversions [restartedMain] Registering converter from class java.time.Instant to class java.time.LocalDateTime as reading converter although it doesn't convert from a store-supported type! You might want to check your annotation setup at the converter implementation.
2020-08-08 19:50:27,752 DEBUG org.springframework.data.mongodb.core.index.MongoPersistentEntityIndexCreator [restartedMain] Analyzing class class com.initializers.services.apiservices.model.UserCart$CompositeKey for index information.
2020-08-08 19:50:27,753 DEBUG org.springframework.data.mongodb.core.index.MongoPersistentEntityIndexCreator [restartedMain] Analyzing class class com.initializers.services.apiservices.model.UserReview for index information.
2020-08-08 19:50:27,777 DEBUG org.springframework.data.mongodb.core.index.MongoPersistentEntityIndexCreator [restartedMain] Analyzing class class com.initializers.services.apiservices.model.item.ItemSubCategory for index information.
2020-08-08 19:50:27,779 DEBUG org.springframework.data.mongodb.core.index.MongoPersistentEntityIndexCreator [restartedMain] Analyzing class class com.initializers.services.apiservices.model.item.ItemAvailability for index information.
2020-08-08 19:50:27,781 DEBUG org.springframework.data.mongodb.core.index.MongoPersistentEntityIndexCreator [restartedMain] Analyzing class class com.initializers.services.apiservices.model.UserReview$CompositeKey for index information.
2020-08-08 19:50:27,781 DEBUG org.springframework.data.mongodb.core.index.MongoPersistentEntityIndexCreator [restartedMain] Analyzing class class com.initializers.services.apiservices.model.Offer for index information.
2020-08-08 19:50:27,783 DEBUG org.springframework.data.mongodb.core.index.MongoPersistentEntityIndexCreator [restartedMain] Analyzing class class com.initializers.services.apiservices.model.UserOTP for index information.
2020-08-08 19:50:27,786 DEBUG org.springframework.data.mongodb.core.index.MongoPersistentEntityIndexCreator [restartedMain] Analyzing class class com.initializers.services.apiservices.model.OrderStatus for index information.
2020-08-08 19:50:27,787 DEBUG org.springframework.data.mongodb.core.index.MongoPersistentEntityIndexCreator [restartedMain] Analyzing class class com.initializers.services.apiservices.model.OfferConfigurationDB for index information.
2020-08-08 19:50:27,788 DEBUG org.springframework.data.mongodb.core.index.MongoPersistentEntityIndexCreator [restartedMain] Analyzing class class com.initializers.services.apiservices.model.item.ItemDetails for index information.
2020-08-08 19:50:27,790 DEBUG org.springframework.data.mongodb.core.index.MongoPersistentEntityIndexCreator [restartedMain] Analyzing class class com.initializers.services.apiservices.model.UserOrderSet for index information.
2020-08-08 19:50:27,792 DEBUG org.springframework.data.mongodb.core.index.MongoPersistentEntityIndexCreator [restartedMain] Analyzing class class com.initializers.services.apiservices.model.UserCart for index information.
2020-08-08 19:50:27,794 DEBUG org.springframework.data.mongodb.core.index.MongoPersistentEntityIndexCreator [restartedMain] Analyzing class class com.initializers.services.apiservices.model.item.ItemCategory for index information.
2020-08-08 19:50:27,797 DEBUG org.springframework.data.mongodb.core.index.MongoPersistentEntityIndexCreator [restartedMain] Analyzing class class com.initializers.services.apiservices.model.item.ItemDescription for index information.
2020-08-08 19:50:27,797 DEBUG org.springframework.data.mongodb.core.index.MongoPersistentEntityIndexCreator [restartedMain] Analyzing class class com.initializers.services.apiservices.model.TransientUserDetails for index information.
2020-08-08 19:50:27,799 DEBUG org.springframework.data.mongodb.core.index.MongoPersistentEntityIndexCreator [restartedMain] Analyzing class class com.initializers.services.apiservices.model.UserDetails for index information.
2020-08-08 19:50:27,801 DEBUG org.springframework.data.mongodb.core.index.MongoPersistentEntityIndexCreator [restartedMain] Analyzing class class com.initializers.services.apiservices.model.Address for index information.
2020-08-08 19:50:27,802 DEBUG org.springframework.data.mongodb.core.index.MongoPersistentEntityIndexCreator [restartedMain] Analyzing class class com.initializers.services.apiservices.model.UserWishlist for index information.
2020-08-08 19:50:27,803 DEBUG org.springframework.data.mongodb.core.index.MongoPersistentEntityIndexCreator [restartedMain] Analyzing class class com.initializers.services.apiservices.model.DatabaseSequence for index information.
2020-08-08 19:50:27,804 DEBUG org.springframework.data.mongodb.core.index.MongoPersistentEntityIndexCreator [restartedMain] Analyzing class class com.initializers.services.apiservices.model.TopDeals for index information.
2020-08-08 19:50:27,805 DEBUG org.springframework.data.mongodb.core.index.MongoPersistentEntityIndexCreator [restartedMain] Analyzing class class com.initializers.services.apiservices.model.UserOrder for index information.
2020-08-08 19:50:28,883 DEBUG org.springframework.data.repository.core.support.RepositoryFactorySupport [restartedMain] Initializing repository instance for com.initializers.services.apiservices.repo.ItemCategoryRepo…
2020-08-08 19:50:29,160 DEBUG org.springframework.data.repository.core.support.RepositoryFactorySupport [restartedMain] Finished creation of repository instance for com.initializers.services.apiservices.repo.ItemCategoryRepo.
2020-08-08 19:50:29,175 DEBUG org.springframework.data.repository.core.support.RepositoryFactorySupport [restartedMain] Initializing repository instance for com.initializers.services.apiservices.repo.ItemSubCategoryRepo…
2020-08-08 19:50:29,199 DEBUG org.springframework.data.repository.core.support.RepositoryFactorySupport [restartedMain] Finished creation of repository instance for com.initializers.services.apiservices.repo.ItemSubCategoryRepo.
2020-08-08 19:50:29,214 DEBUG org.springframework.data.repository.core.support.RepositoryFactorySupport [restartedMain] Initializing repository instance for com.initializers.services.apiservices.repo.ItemAvailabilityRepo…
2020-08-08 19:50:29,234 DEBUG org.springframework.data.repository.core.support.RepositoryFactorySupport [restartedMain] Finished creation of repository instance for com.initializers.services.apiservices.repo.ItemAvailabilityRepo.
2020-08-08 19:50:29,245 DEBUG org.springframework.data.repository.core.support.RepositoryFactorySupport [restartedMain] Initializing repository instance for com.initializers.services.apiservices.repo.ItemDetailsRepo…
2020-08-08 19:50:29,264 DEBUG org.springframework.data.repository.core.support.RepositoryFactorySupport [restartedMain] Finished creation of repository instance for com.initializers.services.apiservices.repo.ItemDetailsRepo.
2020-08-08 19:50:29,464 DEBUG org.springframework.data.repository.core.support.RepositoryFactorySupport [restartedMain] Initializing repository instance for com.initializers.services.apiservices.repo.UserOrderSetRepo…
2020-08-08 19:50:29,488 DEBUG org.springframework.data.repository.core.support.RepositoryFactorySupport [restartedMain] Finished creation of repository instance for com.initializers.services.apiservices.repo.UserOrderSetRepo.
2020-08-08 19:50:29,508 DEBUG org.springframework.data.repository.core.support.RepositoryFactorySupport [restartedMain] Initializing repository instance for com.initializers.services.apiservices.repo.UserDetailsRepo…
2020-08-08 19:50:29,524 DEBUG org.springframework.data.repository.core.support.RepositoryFactorySupport [restartedMain] Finished creation of repository instance for com.initializers.services.apiservices.repo.UserDetailsRepo.
2020-08-08 19:50:29,537 DEBUG org.springframework.data.repository.core.support.RepositoryFactorySupport [restartedMain] Initializing repository instance for com.initializers.services.apiservices.repo.TransientUserDetailsRepo…
2020-08-08 19:50:29,550 DEBUG org.springframework.data.repository.core.support.RepositoryFactorySupport [restartedMain] Finished creation of repository instance for com.initializers.services.apiservices.repo.TransientUserDetailsRepo.
2020-08-08 19:50:29,565 DEBUG org.springframework.data.repository.core.support.RepositoryFactorySupport [restartedMain] Initializing repository instance for com.initializers.services.apiservices.repo.UserOTPRepo…
2020-08-08 19:50:29,576 DEBUG org.springframework.data.repository.core.support.RepositoryFactorySupport [restartedMain] Finished creation of repository instance for com.initializers.services.apiservices.repo.UserOTPRepo.
2020-08-08 19:50:29,620 DEBUG org.springframework.data.repository.core.support.RepositoryFactorySupport [restartedMain] Initializing repository instance for com.initializers.services.apiservices.repo.AddressRepo…
2020-08-08 19:50:29,633 DEBUG org.springframework.data.repository.core.support.RepositoryFactorySupport [restartedMain] Finished creation of repository instance for com.initializers.services.apiservices.repo.AddressRepo.
2020-08-08 19:50:29,653 DEBUG org.springframework.data.repository.core.support.RepositoryFactorySupport [restartedMain] Initializing repository instance for com.initializers.services.apiservices.repo.TopDealsRepo…
2020-08-08 19:50:29,663 DEBUG org.springframework.data.repository.core.support.RepositoryFactorySupport [restartedMain] Finished creation of repository instance for com.initializers.services.apiservices.repo.TopDealsRepo.
2020-08-08 19:50:29,696 DEBUG org.springframework.data.repository.core.support.RepositoryFactorySupport [restartedMain] Initializing repository instance for com.initializers.services.apiservices.repo.UserCartRepo…
2020-08-08 19:50:29,740 DEBUG org.springframework.data.repository.core.support.RepositoryFactorySupport [restartedMain] Finished creation of repository instance for com.initializers.services.apiservices.repo.UserCartRepo.
2020-08-08 19:50:29,779 DEBUG org.springframework.data.repository.core.support.RepositoryFactorySupport [restartedMain] Initializing repository instance for com.initializers.services.apiservices.repo.OfferConfigurationDBRepo…
2020-08-08 19:50:29,796 DEBUG org.springframework.data.repository.core.support.RepositoryFactorySupport [restartedMain] Finished creation of repository instance for com.initializers.services.apiservices.repo.OfferConfigurationDBRepo.
2020-08-08 19:50:29,829 DEBUG org.springframework.data.repository.core.support.RepositoryFactorySupport [restartedMain] Initializing repository instance for com.initializers.services.apiservices.repo.UserReviewRepo…
2020-08-08 19:50:29,840 DEBUG org.springframework.data.repository.core.support.RepositoryFactorySupport [restartedMain] Finished creation of repository instance for com.initializers.services.apiservices.repo.UserReviewRepo.
2020-08-08 19:50:29,857 DEBUG org.springframework.data.repository.core.support.RepositoryFactorySupport [restartedMain] Initializing repository instance for com.initializers.services.apiservices.repo.UserWishlistRepo…
2020-08-08 19:50:29,866 DEBUG org.springframework.data.repository.core.support.RepositoryFactorySupport [restartedMain] Finished creation of repository instance for com.initializers.services.apiservices.repo.UserWishlistRepo.
2020-08-08 19:50:29,991 INFO com.initializers.services.apiservices.others.ApplicationProperties [restartedMain] app running in dev environment
2020-08-08 19:50:29,995 WARN org.springframework.data.rest.webmvc.halbrowser.HalBrowser [restartedMain] ---
2020-08-08 19:50:29,995 WARN org.springframework.data.rest.webmvc.halbrowser.HalBrowser [restartedMain] Spring Data REST HAL Browser is deprecated! Prefer the HAL Explorer (artifactId: spring-data-rest-hal-explorer)!
2020-08-08 19:50:29,995 WARN org.springframework.data.rest.webmvc.halbrowser.HalBrowser [restartedMain] ---
2020-08-08 19:50:30,214 DEBUG org.springframework.data.repository.core.support.RepositoryFactorySupport [restartedMain] Initializing repository instance for com.initializers.services.apiservices.repo.OfferRepo…
2020-08-08 19:50:30,221 DEBUG org.springframework.data.repository.core.support.RepositoryFactorySupport [restartedMain] Finished creation of repository instance for com.initializers.services.apiservices.repo.OfferRepo.
2020-08-08 19:50:32,184 DEBUG org.springframework.web.servlet.mvc.method.annotation.RequestMappingHandlerAdapter [restartedMain] ControllerAdvice beans: 0 @ModelAttribute, 0 @InitBinder, 0 RequestBodyAdvice, 1 ResponseBodyAdvice
2020-08-08 19:50:32,226 DEBUG org.springframework.web.servlet.handler.AbstractHandlerMethodMapping [restartedMain] 27 mappings in <unknown>
2020-08-08 19:50:32,231 DEBUG org.springframework.web.servlet.handler.AbstractHandlerMethodMapping [restartedMain] 7 mappings in <unknown>
2020-08-08 19:50:32,663 INFO org.springframework.boot.StartupInfoLogger [restartedMain] Started ApiservicesApplication in 19.79 seconds (JVM running for 25.946)
2020-08-08 19:51:38,993 DEBUG org.springframework.data.mongodb.core.MongoTemplate [http-nio-8080-exec-1] Executing aggregation: [{ "$project" : { "_id" : 1, "name" : 1, "description" : 1, "imageLink" : 1}}] in collection item_category
2020-08-08 19:51:39,258 DEBUG org.springframework.data.mongodb.core.mapping.event.AbstractMongoEventListener [http-nio-8080-exec-1] onAfterLoad(Document{{_id=13, name=Grocery, description=upto 20% off, imageLink=http://res.cloudinary.com/dsywyhhdl/image/upload/v1595776992/nkpr6hbxvbgod1mbxizk.jpg}})
2020-08-08 19:51:39,336 DEBUG org.springframework.data.mongodb.core.mapping.event.AbstractMongoEventListener [http-nio-8080-exec-1] onAfterConvert(Document{{_id=13, name=Grocery, description=upto 20% off, imageLink=http://res.cloudinary.com/dsywyhhdl/image/upload/v1595776992/nkpr6hbxvbgod1mbxizk.jpg}}, com.initializers.services.apiservices.model.item.ItemCategory@795fed40)
2020-08-08 19:51:39,337 DEBUG org.springframework.data.mongodb.core.mapping.event.AbstractMongoEventListener [http-nio-8080-exec-1] onAfterLoad(Document{{_id=14, name=Oil, description=upto 35% offer, imageLink=http://res.cloudinary.com/dsywyhhdl/image/upload/v1595776939/virysp5rdygpu86p8v6w.jpg}})
2020-08-08 19:51:39,338 DEBUG org.springframework.data.mongodb.core.mapping.event.AbstractMongoEventListener [http-nio-8080-exec-1] onAfterConvert(Document{{_id=14, name=Oil, description=upto 35% offer, imageLink=http://res.cloudinary.com/dsywyhhdl/image/upload/v1595776939/virysp5rdygpu86p8v6w.jpg}}, com.initializers.services.apiservices.model.item.ItemCategory@2bae149f)
2020-08-08 19:51:39,339 DEBUG org.springframework.data.mongodb.core.mapping.event.AbstractMongoEventListener [http-nio-8080-exec-1] onAfterLoad(Document{{_id=17, name=top product, description=offer upto 40%}})
2020-08-08 19:51:39,341 DEBUG org.springframework.data.mongodb.core.mapping.event.AbstractMongoEventListener [http-nio-8080-exec-1] onAfterConvert(Document{{_id=17, name=top product, description=offer upto 40%}}, com.initializers.services.apiservices.model.item.ItemCategory@79880c17)
2020-08-08 19:51:39,341 DEBUG org.springframework.data.mongodb.core.mapping.event.AbstractMongoEventListener [http-nio-8080-exec-1] onAfterLoad(Document{{_id=18, name=top product, description=offer upto 40%, imageLink=http://res.cloudinary.com/dsywyhhdl/image/upload/v1585148387/h1zjbaugnrwszyywiydk.jpg}})
2020-08-08 19:51:39,342 DEBUG org.springframework.data.mongodb.core.mapping.event.AbstractMongoEventListener [http-nio-8080-exec-1] onAfterConvert(Document{{_id=18, name=top product, description=offer upto 40%, imageLink=http://res.cloudinary.com/dsywyhhdl/image/upload/v1585148387/h1zjbaugnrwszyywiydk.jpg}}, com.initializers.services.apiservices.model.item.ItemCategory@578a12e0)
2020-08-08 19:51:43,975 DEBUG org.springframework.data.mongodb.core.MongoTemplate [http-nio-8080-exec-2] Executing aggregation: [{ "$lookup" : { "from" : "item_sub_category", "localField" : "subCategoryId", "foreignField" : "_id", "as" : "join_subcat"}}, { "$lookup" : { "from" : "item_category", "localField" : "categoryId", "foreignField" : "_id", "as" : "join_cat"}}, { "$project" : { "_id" : 1, "name" : 1, "imageLinks" : 1, "status" : 1, "subCategoryId" : "$join_subcat.name", "categoryId" : "$join_cat.name"}}] in collection item_details
2020-08-08 19:51:44,045 DEBUG org.springframework.data.mongodb.core.MongoTemplate [http-nio-8080-exec-3] Executing aggregation: [{ "$project" : { "key" : "$_id", "value" : "$name"}}] in collection item_sub_category
2020-08-08 19:51:44,155 DEBUG org.springframework.data.mongodb.core.index.MongoPersistentEntityIndexCreator [http-nio-8080-exec-3] Analyzing class class com.initializers.services.apiservices.others.Suggestions for index information.
2020-08-08 19:51:44,210 DEBUG org.springframework.data.mongodb.core.index.MongoPersistentEntityIndexCreator [http-nio-8080-exec-2] Analyzing class class com.initializers.services.apiservices.model.item.ItemDetailsList for index information.
2020-08-08 19:51:50,989 DEBUG org.springframework.data.mongodb.core.MongoTemplate [http-nio-8080-exec-4] Executing aggregation: [{ "$project" : { "_id" : 1, "name" : 1, "description" : 1, "imageLink" : 1}}] in collection item_category
2020-08-08 19:51:50,992 DEBUG org.springframework.data.mongodb.core.mapping.event.AbstractMongoEventListener [http-nio-8080-exec-4] onAfterLoad(Document{{_id=13, name=Grocery, description=upto 20% off, imageLink=http://res.cloudinary.com/dsywyhhdl/image/upload/v1595776992/nkpr6hbxvbgod1mbxizk.jpg}})
2020-08-08 19:51:50,993 DEBUG org.springframework.data.mongodb.core.mapping.event.AbstractMongoEventListener [http-nio-8080-exec-4] onAfterConvert(Document{{_id=13, name=Grocery, description=upto 20% off, imageLink=http://res.cloudinary.com/dsywyhhdl/image/upload/v1595776992/nkpr6hbxvbgod1mbxizk.jpg}}, com.initializers.services.apiservices.model.item.ItemCategory@165c2a64)
2020-08-08 19:51:50,994 DEBUG org.springframework.data.mongodb.core.mapping.event.AbstractMongoEventListener [http-nio-8080-exec-4] onAfterLoad(Document{{_id=14, name=Oil, description=upto 35% offer, imageLink=http://res.cloudinary.com/dsywyhhdl/image/upload/v1595776939/virysp5rdygpu86p8v6w.jpg}})
2020-08-08 19:51:50,995 DEBUG org.springframework.data.mongodb.core.mapping.event.AbstractMongoEventListener [http-nio-8080-exec-4] onAfterConvert(Document{{_id=14, name=Oil, description=upto 35% offer, imageLink=http://res.cloudinary.com/dsywyhhdl/image/upload/v1595776939/virysp5rdygpu86p8v6w.jpg}}, com.initializers.services.apiservices.model.item.ItemCategory@535eb6cb)
2020-08-08 19:51:50,995 DEBUG org.springframework.data.mongodb.core.mapping.event.AbstractMongoEventListener [http-nio-8080-exec-4] onAfterLoad(Document{{_id=17, name=top product, description=offer upto 40%}})
2020-08-08 19:51:50,996 DEBUG org.springframework.data.mongodb.core.mapping.event.AbstractMongoEventListener [http-nio-8080-exec-4] onAfterConvert(Document{{_id=17, name=top product, description=offer upto 40%}}, com.initializers.services.apiservices.model.item.ItemCategory@6dcce155)
2020-08-08 19:51:50,997 DEBUG org.springframework.data.mongodb.core.mapping.event.AbstractMongoEventListener [http-nio-8080-exec-4] onAfterLoad(Document{{_id=18, name=top product, description=offer upto 40%, imageLink=http://res.cloudinary.com/dsywyhhdl/image/upload/v1585148387/h1zjbaugnrwszyywiydk.jpg}})
2020-08-08 19:51:50,998 DEBUG org.springframework.data.mongodb.core.mapping.event.AbstractMongoEventListener [http-nio-8080-exec-4] onAfterConvert(Document{{_id=18, name=top product, description=offer upto 40%, imageLink=http://res.cloudinary.com/dsywyhhdl/image/upload/v1585148387/h1zjbaugnrwszyywiydk.jpg}}, com.initializers.services.apiservices.model.item.ItemCategory@62c74420)
2020-08-08 19:51:56,728 DEBUG org.springframework.data.mongodb.core.MongoTemplate [http-nio-8080-exec-6] Executing aggregation: [{ "$lookup" : { "from" : "item_category", "localField" : "categoryId", "foreignField" : "_id", "as" : "join_cat"}}, { "$project" : { "_id" : 1, "description" : 1, "name" : 1, "imageLink" : 1, "offer" : 1, "categoryId" : "$join_cat.name"}}] in collection item_sub_category
2020-08-08 19:51:56,739 DEBUG org.springframework.data.mongodb.core.index.MongoPersistentEntityIndexCreator [http-nio-8080-exec-6] Analyzing class class com.initializers.services.apiservices.model.item.ItemSubCategoryList for index information.
2020-08-08 19:51:58,629 DEBUG org.springframework.data.mongodb.core.MongoTemplate [http-nio-8080-exec-5] Executing aggregation: [{ "$lookup" : { "from" : "item_sub_category", "localField" : "subCategoryId", "foreignField" : "_id", "as" : "join_subcat"}}, { "$lookup" : { "from" : "item_category", "localField" : "categoryId", "foreignField" : "_id", "as" : "join_cat"}}, { "$project" : { "_id" : 1, "name" : 1, "imageLinks" : 1, "status" : 1, "subCategoryId" : "$join_subcat.name", "categoryId" : "$join_cat.name"}}] in collection item_details
2020-08-08 19:52:00,057 DEBUG org.springframework.data.mongodb.core.MongoTemplate [http-nio-8080-exec-7] Executing aggregation: [{ "$lookup" : { "from" : "item_category", "localField" : "categoryId", "foreignField" : "_id", "as" : "join_cat"}}, { "$project" : { "_id" : 1, "description" : 1, "name" : 1, "imageLink" : 1, "offer" : 1, "categoryId" : "$join_cat.name"}}] in collection item_sub_category
2020-08-08 19:52:07,790 DEBUG org.springframework.data.mongodb.core.MongoTemplate [http-nio-8080-exec-8] Executing aggregation: [{ "$lookup" : { "from" : "user_address", "localField" : "addressId", "foreignField" : "_id", "as" : "join_address"}}, { "$project" : { "_id" : 1, "orderAt" : 1, "deliveredBy" : 1, "totalAmount" : 1, "status" : 1, "name" : "$join_address.name", "firstLine" : "$join_address.firstLine", "secondLine" : "$join_address.secondLine", "pinCode" : "$join_address.pinCode", "phoneNumber" : "$join_address.phoneNumber"}}] in collection user-order
2020-08-08 19:52:07,907 DEBUG org.springframework.data.mongodb.core.index.MongoPersistentEntityIndexCreator [http-nio-8080-exec-8] Analyzing class class com.initializers.services.apiservices.model.UserOrderSetList for index information.
2020-08-08 19:52:11,644 DEBUG org.springframework.data.mongodb.core.MongoTemplate [http-nio-8080-exec-9] Executing aggregation: [{ "$lookup" : { "from" : "item_sub_category", "localField" : "subCategoryId", "foreignField" : "_id", "as" : "join_subcat"}}, { "$lookup" : { "from" : "item_category", "localField" : "categoryId", "foreignField" : "_id", "as" : "join_cat"}}, { "$project" : { "_id" : 1, "name" : 1, "imageLinks" : 1, "status" : 1, "subCategoryId" : "$join_subcat.name", "categoryId" : "$join_cat.name"}}] in collection item_details
2020-08-08 19:52:16,050 DEBUG org.springframework.data.mongodb.core.MongoTemplate [http-nio-8080-exec-10] Executing aggregation: [{ "$project" : { "_id" : 1, "name" : 1, "description" : 1, "imageLink" : 1}}] in collection item_category
2020-08-08 19:52:16,053 DEBUG org.springframework.data.mongodb.core.mapping.event.AbstractMongoEventListener [http-nio-8080-exec-10] onAfterLoad(Document{{_id=13, name=Grocery, description=upto 20% off, imageLink=http://res.cloudinary.com/dsywyhhdl/image/upload/v1595776992/nkpr6hbxvbgod1mbxizk.jpg}})
2020-08-08 19:52:16,054 DEBUG org.springframework.data.mongodb.core.mapping.event.AbstractMongoEventListener [http-nio-8080-exec-10] onAfterConvert(Document{{_id=13, name=Grocery, description=upto 20% off, imageLink=http://res.cloudinary.com/dsywyhhdl/image/upload/v1595776992/nkpr6hbxvbgod1mbxizk.jpg}}, com.initializers.services.apiservices.model.item.ItemCategory@a7790a7)
2020-08-08 19:52:16,055 DEBUG org.springframework.data.mongodb.core.mapping.event.AbstractMongoEventListener [http-nio-8080-exec-10] onAfterLoad(Document{{_id=14, name=Oil, description=upto 35% offer, imageLink=http://res.cloudinary.com/dsywyhhdl/image/upload/v1595776939/virysp5rdygpu86p8v6w.jpg}})
2020-08-08 19:52:16,056 DEBUG org.springframework.data.mongodb.core.mapping.event.AbstractMongoEventListener [http-nio-8080-exec-10] onAfterConvert(Document{{_id=14, name=Oil, description=upto 35% offer, imageLink=http://res.cloudinary.com/dsywyhhdl/image/upload/v1595776939/virysp5rdygpu86p8v6w.jpg}}, com.initializers.services.apiservices.model.item.ItemCategory@4b06f99)
2020-08-08 19:52:16,056 DEBUG org.springframework.data.mongodb.core.mapping.event.AbstractMongoEventListener [http-nio-8080-exec-10] onAfterLoad(Document{{_id=17, name=top product, description=offer upto 40%}})
2020-08-08 19:52:16,057 DEBUG org.springframework.data.mongodb.core.mapping.event.AbstractMongoEventListener [http-nio-8080-exec-10] onAfterConvert(Document{{_id=17, name=top product, description=offer upto 40%}}, com.initializers.services.apiservices.model.item.ItemCategory@8ffbd7)
2020-08-08 19:52:16,058 DEBUG org.springframework.data.mongodb.core.mapping.event.AbstractMongoEventListener [http-nio-8080-exec-10] onAfterLoad(Document{{_id=18, name=top product, description=offer upto 40%, imageLink=http://res.cloudinary.com/dsywyhhdl/image/upload/v1585148387/h1zjbaugnrwszyywiydk.jpg}})
2020-08-08 19:52:16,058 DEBUG org.springframework.data.mongodb.core.mapping.event.AbstractMongoEventListener [http-nio-8080-exec-10] onAfterConvert(Document{{_id=18, name=top product, description=offer upto 40%, imageLink=http://res.cloudinary.com/dsywyhhdl/image/upload/v1585148387/h1zjbaugnrwszyywiydk.jpg}}, com.initializers.services.apiservices.model.item.ItemCategory@458d65a2)
2020-08-08 19:52:17,217 DEBUG org.springframework.data.mongodb.core.MongoTemplate [http-nio-8080-exec-1] Executing aggregation: [{ "$lookup" : { "from" : "item_category", "localField" : "categoryId", "foreignField" : "_id", "as" : "join_cat"}}, { "$project" : { "_id" : 1, "description" : 1, "name" : 1, "imageLink" : 1, "offer" : 1, "categoryId" : "$join_cat.name"}}] in collection item_sub_category
2020-08-08 19:52:19,794 DEBUG org.springframework.data.mongodb.core.MongoTemplate [http-nio-8080-exec-3] Executing aggregation: [{ "$lookup" : { "from" : "user_address", "localField" : "addressId", "foreignField" : "_id", "as" : "join_address"}}, { "$project" : { "_id" : 1, "orderAt" : 1, "deliveredBy" : 1, "totalAmount" : 1, "status" : 1, "name" : "$join_address.name", "firstLine" : "$join_address.firstLine", "secondLine" : "$join_address.secondLine", "pinCode" : "$join_address.pinCode", "phoneNumber" : "$join_address.phoneNumber"}}] in collection user-order
2020-08-08 19:52:49,302 DEBUG org.springframework.data.mongodb.core.MongoTemplate [http-nio-8080-exec-6] Executing aggregation: [{ "$lookup" : { "from" : "user_address", "localField" : "addressId", "foreignField" : "_id", "as" : "join_address"}}, { "$project" : { "_id" : 1, "orderAt" : 1, "deliveredBy" : 1, "totalAmount" : 1, "status" : 1, "name" : "$join_address.name", "firstLine" : "$join_address.firstLine", "secondLine" : "$join_address.secondLine", "pinCode" : "$join_address.pinCode", "phoneNumber" : "$join_address.phoneNumber"}}] in collection user-order
2020-08-08 19:52:54,702 DEBUG org.springframework.data.mongodb.core.MongoTemplate [http-nio-8080-exec-5] Executing aggregation: [{ "$lookup" : { "from" : "user_address", "localField" : "addressId", "foreignField" : "_id", "as" : "join_address"}}, { "$project" : { "_id" : 1, "orderAt" : 1, "deliveredBy" : 1, "totalAmount" : 1, "status" : 1, "name" : "$join_address.name", "firstLine" : "$join_address.firstLine", "secondLine" : "$join_address.secondLine", "pinCode" : "$join_address.pinCode", "phoneNumber" : "$join_address.phoneNumber"}}, { "$match" : { "status.confirmed" : { "$in" : [false]}}}] in collection user-order
2020-08-08 19:53:02,735 DEBUG org.springframework.data.mongodb.core.MongoTemplate [http-nio-8080-exec-7] Executing aggregation: [{ "$lookup" : { "from" : "user_address", "localField" : "addressId", "foreignField" : "_id", "as" : "join_address"}}, { "$project" : { "_id" : 1, "orderAt" : 1, "deliveredBy" : 1, "totalAmount" : 1, "status" : 1, "name" : "$join_address.name", "firstLine" : "$join_address.firstLine", "secondLine" : "$join_address.secondLine", "pinCode" : "$join_address.pinCode", "phoneNumber" : "$join_address.phoneNumber"}}, { "$match" : { "status.confirmed" : { "$in" : [true]}}}, { "$match" : { "status.delivered" : { "$in" : [false]}}}] in collection user-order
2020-08-08 19:53:10,804 DEBUG org.springframework.data.mongodb.core.MongoTemplate [http-nio-8080-exec-8] Executing aggregation: [{ "$lookup" : { "from" : "user_address", "localField" : "addressId", "foreignField" : "_id", "as" : "join_address"}}, { "$project" : { "_id" : 1, "orderAt" : 1, "deliveredBy" : 1, "totalAmount" : 1, "status" : 1, "name" : "$join_address.name", "firstLine" : "$join_address.firstLine", "secondLine" : "$join_address.secondLine", "pinCode" : "$join_address.pinCode", "phoneNumber" : "$join_address.phoneNumber"}}, { "$match" : { "status.delivered" : { "$in" : [true]}}}] in collection user-order
2020-08-08 19:53:14,958 DEBUG org.springframework.data.mongodb.core.MongoTemplate [http-nio-8080-exec-9] Executing aggregation: [{ "$lookup" : { "from" : "user_address", "localField" : "addressId", "foreignField" : "_id", "as" : "join_address"}}, { "$project" : { "_id" : 1, "orderAt" : 1, "deliveredBy" : 1, "totalAmount" : 1, "status" : 1, "name" : "$join_address.name", "firstLine" : "$join_address.firstLine", "secondLine" : "$join_address.secondLine", "pinCode" : "$join_address.pinCode", "phoneNumber" : "$join_address.phoneNumber"}}] in collection user-order
2020-08-08 19:57:52,063 DEBUG org.springframework.data.mongodb.core.MongoTemplate [http-nio-8080-exec-1] Executing aggregation: [{ "$lookup" : { "from" : "user_address", "localField" : "addressId", "foreignField" : "_id", "as" : "join_address"}}, { "$project" : { "_id" : 1, "orderAt" : 1, "deliveredBy" : 1, "totalAmount" : 1, "status" : 1, "name" : "$join_address.name", "firstLine" : "$join_address.firstLine", "secondLine" : "$join_address.secondLine", "pinCode" : "$join_address.pinCode", "phoneNumber" : "$join_address.phoneNumber"}}] in collection user-order
2020-08-08 19:58:02,876 DEBUG org.springframework.data.mongodb.core.MongoTemplate [http-nio-8080-exec-3] Executing aggregation: [{ "$lookup" : { "from" : "user_address", "localField" : "addressId", "foreignField" : "_id", "as" : "join_address"}}, { "$project" : { "_id" : 1, "orderAt" : 1, "deliveredBy" : 1, "totalAmount" : 1, "status" : 1, "name" : "$join_address.name", "firstLine" : "$join_address.firstLine", "secondLine" : "$join_address.secondLine", "pinCode" : "$join_address.pinCode", "phoneNumber" : "$join_address.phoneNumber"}}] in collection user-order
2020-08-08 19:59:22,181 DEBUG org.springframework.data.mongodb.core.MongoTemplate [http-nio-8080-exec-4] Executing aggregation: [{ "$lookup" : { "from" : "user_address", "localField" : "addressId", "foreignField" : "_id", "as" : "join_address"}}, { "$project" : { "_id" : 1, "orderAt" : 1, "deliveredBy" : 1, "totalAmount" : 1, "status" : 1, "name" : "$join_address.name", "firstLine" : "$join_address.firstLine", "secondLine" : "$join_address.secondLine", "pinCode" : "$join_address.pinCode", "phoneNumber" : "$join_address.phoneNumber"}}] in collection user-order
2020-08-08 20:16:53,416 DEBUG org.springframework.data.mongodb.core.MongoTemplate [http-nio-8080-exec-5] Executing aggregation: [{ "$lookup" : { "from" : "user_address", "localField" : "addressId", "foreignField" : "_id", "as" : "join_address"}}, { "$project" : { "_id" : 1, "orderAt" : 1, "deliveredBy" : 1, "totalAmount" : 1, "status" : 1, "name" : "$join_address.name", "firstLine" : "$join_address.firstLine", "secondLine" : "$join_address.secondLine", "pinCode" : "$join_address.pinCode", "phoneNumber" : "$join_address.phoneNumber"}}] in collection user-order
