2020-11-15 18:23:16,772 INFO org.springframework.boot.StartupInfoLogger [restartedMain] Starting ApiservicesApplication on Karthiks-MacBook-Air.local with PID 760 (/Users/karthikh/git/Thavare_daily/apiservices/target/classes started by karthikh in /Users/karthikh/git/Thavare_daily/apiservices)
2020-11-15 18:23:16,778 DEBUG org.springframework.boot.StartupInfoLogger [restartedMain] Running with Spring Boot v2.2.5.RELEASE, Spring v5.2.4.RELEASE
2020-11-15 18:23:16,779 INFO org.springframework.boot.SpringApplication [restartedMain] The following profiles are active: dev
2020-11-15 18:23:19,729 INFO org.springframework.data.repository.config.RepositoryConfigurationDelegate [restartedMain] Bootstrapping Spring Data MongoDB repositories in DEFAULT mode.
2020-11-15 18:23:19,765 DEBUG org.springframework.data.repository.config.RepositoryConfigurationDelegate [restartedMain] Scanning for MongoDB repositories in packages com.initializers.services.apiservices.
2020-11-15 18:23:19,850 DEBUG org.springframework.context.annotation.ClassPathScanningCandidateComponentProvider [restartedMain] Identified candidate component class: file [/Users/karthikh/git/Thavare_daily/apiservices/target/classes/com/initializers/services/apiservices/repo/AddressRepo.class]
2020-11-15 18:23:19,852 DEBUG org.springframework.context.annotation.ClassPathScanningCandidateComponentProvider [restartedMain] Identified candidate component class: file [/Users/karthikh/git/Thavare_daily/apiservices/target/classes/com/initializers/services/apiservices/repo/ItemAvailabilityRepo.class]
2020-11-15 18:23:19,853 DEBUG org.springframework.context.annotation.ClassPathScanningCandidateComponentProvider [restartedMain] Identified candidate component class: file [/Users/karthikh/git/Thavare_daily/apiservices/target/classes/com/initializers/services/apiservices/repo/ItemCategoryRepo.class]
2020-11-15 18:23:19,854 DEBUG org.springframework.context.annotation.ClassPathScanningCandidateComponentProvider [restartedMain] Identified candidate component class: file [/Users/karthikh/git/Thavare_daily/apiservices/target/classes/com/initializers/services/apiservices/repo/ItemDetailsRepo.class]
2020-11-15 18:23:19,856 DEBUG org.springframework.context.annotation.ClassPathScanningCandidateComponentProvider [restartedMain] Identified candidate component class: file [/Users/karthikh/git/Thavare_daily/apiservices/target/classes/com/initializers/services/apiservices/repo/ItemSubCategoryRepo.class]
2020-11-15 18:23:19,857 DEBUG org.springframework.context.annotation.ClassPathScanningCandidateComponentProvider [restartedMain] Identified candidate component class: file [/Users/karthikh/git/Thavare_daily/apiservices/target/classes/com/initializers/services/apiservices/repo/OfferConfigurationDBRepo.class]
2020-11-15 18:23:19,857 DEBUG org.springframework.context.annotation.ClassPathScanningCandidateComponentProvider [restartedMain] Identified candidate component class: file [/Users/karthikh/git/Thavare_daily/apiservices/target/classes/com/initializers/services/apiservices/repo/OfferRepo.class]
2020-11-15 18:23:19,858 DEBUG org.springframework.context.annotation.ClassPathScanningCandidateComponentProvider [restartedMain] Identified candidate component class: file [/Users/karthikh/git/Thavare_daily/apiservices/target/classes/com/initializers/services/apiservices/repo/TopDealsRepo.class]
2020-11-15 18:23:19,859 DEBUG org.springframework.context.annotation.ClassPathScanningCandidateComponentProvider [restartedMain] Identified candidate component class: file [/Users/karthikh/git/Thavare_daily/apiservices/target/classes/com/initializers/services/apiservices/repo/TransientUserDetailsRepo.class]
2020-11-15 18:23:19,860 DEBUG org.springframework.context.annotation.ClassPathScanningCandidateComponentProvider [restartedMain] Identified candidate component class: file [/Users/karthikh/git/Thavare_daily/apiservices/target/classes/com/initializers/services/apiservices/repo/UserCartRepo.class]
2020-11-15 18:23:19,861 DEBUG org.springframework.context.annotation.ClassPathScanningCandidateComponentProvider [restartedMain] Identified candidate component class: file [/Users/karthikh/git/Thavare_daily/apiservices/target/classes/com/initializers/services/apiservices/repo/UserDetailsRepo.class]
2020-11-15 18:23:19,864 DEBUG org.springframework.context.annotation.ClassPathScanningCandidateComponentProvider [restartedMain] Identified candidate component class: file [/Users/karthikh/git/Thavare_daily/apiservices/target/classes/com/initializers/services/apiservices/repo/UserOTPRepo.class]
2020-11-15 18:23:19,867 DEBUG org.springframework.context.annotation.ClassPathScanningCandidateComponentProvider [restartedMain] Identified candidate component class: file [/Users/karthikh/git/Thavare_daily/apiservices/target/classes/com/initializers/services/apiservices/repo/UserOrderSetRepo.class]
2020-11-15 18:23:19,868 DEBUG org.springframework.context.annotation.ClassPathScanningCandidateComponentProvider [restartedMain] Identified candidate component class: file [/Users/karthikh/git/Thavare_daily/apiservices/target/classes/com/initializers/services/apiservices/repo/UserReviewRepo.class]
2020-11-15 18:23:19,869 DEBUG org.springframework.context.annotation.ClassPathScanningCandidateComponentProvider [restartedMain] Identified candidate component class: file [/Users/karthikh/git/Thavare_daily/apiservices/target/classes/com/initializers/services/apiservices/repo/UserWishlistRepo.class]
2020-11-15 18:23:20,143 DEBUG org.springframework.data.repository.config.RepositoryBeanDefinitionBuilder [restartedMain] Registering repository fragment implementation: itemCategoryCustomRepoImpl com.initializers.services.apiservices.repo.Impl.ItemCategoryCustomRepoImpl
2020-11-15 18:23:20,144 DEBUG org.springframework.data.repository.config.RepositoryBeanDefinitionBuilder [restartedMain] Registering repository fragment: itemCategoryCustomRepoImplFragment
2020-11-15 18:23:20,159 INFO org.springframework.data.repository.config.RepositoryConfigurationDelegate [restartedMain] Finished Spring Data repository scanning in 393ms. Found 15 MongoDB repository interfaces.
2020-11-15 18:23:24,790 DEBUG org.springframework.data.convert.CustomConversions [restartedMain] Registering converter from class java.time.LocalDateTime to class java.time.Instant as reading converter although it doesn't convert from a store-supported type! You might want to check your annotation setup at the converter implementation.
2020-11-15 18:23:24,792 DEBUG org.springframework.data.convert.CustomConversions [restartedMain] Registering converter from class java.time.Instant to class java.time.LocalDateTime as reading converter although it doesn't convert from a store-supported type! You might want to check your annotation setup at the converter implementation.
2020-11-15 18:23:25,516 DEBUG org.springframework.data.convert.CustomConversions [restartedMain] Registering converter from class java.time.LocalDateTime to class java.time.Instant as reading converter although it doesn't convert from a store-supported type! You might want to check your annotation setup at the converter implementation.
2020-11-15 18:23:25,519 DEBUG org.springframework.data.convert.CustomConversions [restartedMain] Registering converter from class java.time.Instant to class java.time.LocalDateTime as reading converter although it doesn't convert from a store-supported type! You might want to check your annotation setup at the converter implementation.
2020-11-15 18:23:25,722 DEBUG org.springframework.data.mongodb.core.index.MongoPersistentEntityIndexCreator [restartedMain] Analyzing class class com.initializers.services.apiservices.model.UserReview$CompositeKey for index information.
2020-11-15 18:23:25,723 DEBUG org.springframework.data.mongodb.core.index.MongoPersistentEntityIndexCreator [restartedMain] Analyzing class class com.initializers.services.apiservices.model.OfferConfigurationDB for index information.
2020-11-15 18:23:25,746 DEBUG org.springframework.data.mongodb.core.index.MongoPersistentEntityIndexCreator [restartedMain] Analyzing class class com.initializers.services.apiservices.model.UserWishlist for index information.
2020-11-15 18:23:25,747 DEBUG org.springframework.data.mongodb.core.index.MongoPersistentEntityIndexCreator [restartedMain] Analyzing class class com.initializers.services.apiservices.model.UserReview for index information.
2020-11-15 18:23:25,750 DEBUG org.springframework.data.mongodb.core.index.MongoPersistentEntityIndexCreator [restartedMain] Analyzing class class com.initializers.services.apiservices.model.item.ItemAvailability for index information.
2020-11-15 18:23:25,752 DEBUG org.springframework.data.mongodb.core.index.MongoPersistentEntityIndexCreator [restartedMain] Analyzing class class com.initializers.services.apiservices.model.Address for index information.
2020-11-15 18:23:25,754 DEBUG org.springframework.data.mongodb.core.index.MongoPersistentEntityIndexCreator [restartedMain] Analyzing class class com.initializers.services.apiservices.model.UserCart$CompositeKey for index information.
2020-11-15 18:23:25,755 DEBUG org.springframework.data.mongodb.core.index.MongoPersistentEntityIndexCreator [restartedMain] Analyzing class class com.initializers.services.apiservices.model.UserOrder for index information.
2020-11-15 18:23:25,758 DEBUG org.springframework.data.mongodb.core.index.MongoPersistentEntityIndexCreator [restartedMain] Analyzing class class com.initializers.services.apiservices.model.OrderStatus for index information.
2020-11-15 18:23:25,759 DEBUG org.springframework.data.mongodb.core.index.MongoPersistentEntityIndexCreator [restartedMain] Analyzing class class com.initializers.services.apiservices.model.Offer for index information.
2020-11-15 18:23:25,761 DEBUG org.springframework.data.mongodb.core.index.MongoPersistentEntityIndexCreator [restartedMain] Analyzing class class com.initializers.services.apiservices.model.UserOTP for index information.
2020-11-15 18:23:25,762 DEBUG org.springframework.data.mongodb.core.index.MongoPersistentEntityIndexCreator [restartedMain] Analyzing class class com.initializers.services.apiservices.model.item.ItemDetails for index information.
2020-11-15 18:23:25,764 DEBUG org.springframework.data.mongodb.core.index.MongoPersistentEntityIndexCreator [restartedMain] Analyzing class class com.initializers.services.apiservices.model.DatabaseSequence for index information.
2020-11-15 18:23:25,765 DEBUG org.springframework.data.mongodb.core.index.MongoPersistentEntityIndexCreator [restartedMain] Analyzing class class com.initializers.services.apiservices.model.UserCart for index information.
2020-11-15 18:23:25,767 DEBUG org.springframework.data.mongodb.core.index.MongoPersistentEntityIndexCreator [restartedMain] Analyzing class class com.initializers.services.apiservices.model.item.ItemCategory for index information.
2020-11-15 18:23:25,768 DEBUG org.springframework.data.mongodb.core.index.MongoPersistentEntityIndexCreator [restartedMain] Analyzing class class com.initializers.services.apiservices.model.TransientUserDetails for index information.
2020-11-15 18:23:25,769 DEBUG org.springframework.data.mongodb.core.index.MongoPersistentEntityIndexCreator [restartedMain] Analyzing class class com.initializers.services.apiservices.model.TopDeals for index information.
2020-11-15 18:23:25,771 DEBUG org.springframework.data.mongodb.core.index.MongoPersistentEntityIndexCreator [restartedMain] Analyzing class class com.initializers.services.apiservices.model.item.ItemSubCategory for index information.
2020-11-15 18:23:25,773 DEBUG org.springframework.data.mongodb.core.index.MongoPersistentEntityIndexCreator [restartedMain] Analyzing class class com.initializers.services.apiservices.model.item.ItemDescription for index information.
2020-11-15 18:23:25,775 DEBUG org.springframework.data.mongodb.core.index.MongoPersistentEntityIndexCreator [restartedMain] Analyzing class class com.initializers.services.apiservices.model.UserOrderSet for index information.
2020-11-15 18:23:25,779 DEBUG org.springframework.data.mongodb.core.index.MongoPersistentEntityIndexCreator [restartedMain] Analyzing class class com.initializers.services.apiservices.model.UserDetails for index information.
2020-11-15 18:23:26,544 DEBUG org.springframework.data.repository.core.support.RepositoryFactorySupport [restartedMain] Initializing repository instance for com.initializers.services.apiservices.repo.ItemCategoryRepo…
2020-11-15 18:23:26,895 DEBUG org.springframework.data.repository.core.support.RepositoryFactorySupport [restartedMain] Finished creation of repository instance for com.initializers.services.apiservices.repo.ItemCategoryRepo.
2020-11-15 18:23:26,926 DEBUG org.springframework.data.repository.core.support.RepositoryFactorySupport [restartedMain] Initializing repository instance for com.initializers.services.apiservices.repo.ItemSubCategoryRepo…
2020-11-15 18:23:26,955 DEBUG org.springframework.data.repository.core.support.RepositoryFactorySupport [restartedMain] Finished creation of repository instance for com.initializers.services.apiservices.repo.ItemSubCategoryRepo.
2020-11-15 18:23:26,990 DEBUG org.springframework.data.repository.core.support.RepositoryFactorySupport [restartedMain] Initializing repository instance for com.initializers.services.apiservices.repo.ItemAvailabilityRepo…
2020-11-15 18:23:27,016 DEBUG org.springframework.data.repository.core.support.RepositoryFactorySupport [restartedMain] Finished creation of repository instance for com.initializers.services.apiservices.repo.ItemAvailabilityRepo.
2020-11-15 18:23:27,039 DEBUG org.springframework.data.repository.core.support.RepositoryFactorySupport [restartedMain] Initializing repository instance for com.initializers.services.apiservices.repo.ItemDetailsRepo…
2020-11-15 18:23:27,078 DEBUG org.springframework.data.repository.core.support.RepositoryFactorySupport [restartedMain] Finished creation of repository instance for com.initializers.services.apiservices.repo.ItemDetailsRepo.
2020-11-15 18:23:27,307 DEBUG org.springframework.data.repository.core.support.RepositoryFactorySupport [restartedMain] Initializing repository instance for com.initializers.services.apiservices.repo.UserOrderSetRepo…
2020-11-15 18:23:27,327 DEBUG org.springframework.data.repository.core.support.RepositoryFactorySupport [restartedMain] Finished creation of repository instance for com.initializers.services.apiservices.repo.UserOrderSetRepo.
2020-11-15 18:23:27,368 DEBUG org.springframework.data.repository.core.support.RepositoryFactorySupport [restartedMain] Initializing repository instance for com.initializers.services.apiservices.repo.UserDetailsRepo…
2020-11-15 18:23:27,404 DEBUG org.springframework.data.repository.core.support.RepositoryFactorySupport [restartedMain] Finished creation of repository instance for com.initializers.services.apiservices.repo.UserDetailsRepo.
2020-11-15 18:23:27,440 DEBUG org.springframework.data.repository.core.support.RepositoryFactorySupport [restartedMain] Initializing repository instance for com.initializers.services.apiservices.repo.TransientUserDetailsRepo…
2020-11-15 18:23:27,496 DEBUG org.springframework.data.repository.core.support.RepositoryFactorySupport [restartedMain] Finished creation of repository instance for com.initializers.services.apiservices.repo.TransientUserDetailsRepo.
2020-11-15 18:23:27,538 DEBUG org.springframework.data.repository.core.support.RepositoryFactorySupport [restartedMain] Initializing repository instance for com.initializers.services.apiservices.repo.UserOTPRepo…
2020-11-15 18:23:27,580 DEBUG org.springframework.data.repository.core.support.RepositoryFactorySupport [restartedMain] Finished creation of repository instance for com.initializers.services.apiservices.repo.UserOTPRepo.
2020-11-15 18:23:27,631 DEBUG org.springframework.data.repository.core.support.RepositoryFactorySupport [restartedMain] Initializing repository instance for com.initializers.services.apiservices.repo.AddressRepo…
2020-11-15 18:23:27,661 DEBUG org.springframework.data.repository.core.support.RepositoryFactorySupport [restartedMain] Finished creation of repository instance for com.initializers.services.apiservices.repo.AddressRepo.
2020-11-15 18:23:27,711 DEBUG org.springframework.data.repository.core.support.RepositoryFactorySupport [restartedMain] Initializing repository instance for com.initializers.services.apiservices.repo.TopDealsRepo…
2020-11-15 18:23:27,720 DEBUG org.springframework.data.repository.core.support.RepositoryFactorySupport [restartedMain] Finished creation of repository instance for com.initializers.services.apiservices.repo.TopDealsRepo.
2020-11-15 18:23:27,753 DEBUG org.springframework.data.repository.core.support.RepositoryFactorySupport [restartedMain] Initializing repository instance for com.initializers.services.apiservices.repo.UserCartRepo…
2020-11-15 18:23:27,790 DEBUG org.springframework.data.repository.core.support.RepositoryFactorySupport [restartedMain] Finished creation of repository instance for com.initializers.services.apiservices.repo.UserCartRepo.
2020-11-15 18:23:27,817 DEBUG org.springframework.data.repository.core.support.RepositoryFactorySupport [restartedMain] Initializing repository instance for com.initializers.services.apiservices.repo.OfferConfigurationDBRepo…
2020-11-15 18:23:27,829 DEBUG org.springframework.data.repository.core.support.RepositoryFactorySupport [restartedMain] Finished creation of repository instance for com.initializers.services.apiservices.repo.OfferConfigurationDBRepo.
2020-11-15 18:23:27,909 DEBUG org.springframework.data.repository.core.support.RepositoryFactorySupport [restartedMain] Initializing repository instance for com.initializers.services.apiservices.repo.UserReviewRepo…
2020-11-15 18:23:27,957 DEBUG org.springframework.data.repository.core.support.RepositoryFactorySupport [restartedMain] Finished creation of repository instance for com.initializers.services.apiservices.repo.UserReviewRepo.
2020-11-15 18:23:27,986 DEBUG org.springframework.data.repository.core.support.RepositoryFactorySupport [restartedMain] Initializing repository instance for com.initializers.services.apiservices.repo.UserWishlistRepo…
2020-11-15 18:23:28,000 DEBUG org.springframework.data.repository.core.support.RepositoryFactorySupport [restartedMain] Finished creation of repository instance for com.initializers.services.apiservices.repo.UserWishlistRepo.
2020-11-15 18:23:28,223 INFO com.initializers.services.apiservices.others.ApplicationProperties [restartedMain] app running in dev environment
2020-11-15 18:23:28,230 WARN org.springframework.data.rest.webmvc.halbrowser.HalBrowser [restartedMain] ---
2020-11-15 18:23:28,230 WARN org.springframework.data.rest.webmvc.halbrowser.HalBrowser [restartedMain] Spring Data REST HAL Browser is deprecated! Prefer the HAL Explorer (artifactId: spring-data-rest-hal-explorer)!
2020-11-15 18:23:28,231 WARN org.springframework.data.rest.webmvc.halbrowser.HalBrowser [restartedMain] ---
2020-11-15 18:23:28,544 DEBUG org.springframework.data.repository.core.support.RepositoryFactorySupport [restartedMain] Initializing repository instance for com.initializers.services.apiservices.repo.OfferRepo…
2020-11-15 18:23:28,554 DEBUG org.springframework.data.repository.core.support.RepositoryFactorySupport [restartedMain] Finished creation of repository instance for com.initializers.services.apiservices.repo.OfferRepo.
2020-11-15 18:23:30,418 DEBUG org.springframework.web.servlet.mvc.method.annotation.RequestMappingHandlerAdapter [restartedMain] ControllerAdvice beans: 0 @ModelAttribute, 0 @InitBinder, 0 RequestBodyAdvice, 1 ResponseBodyAdvice
2020-11-15 18:23:30,453 DEBUG org.springframework.web.servlet.handler.AbstractHandlerMethodMapping [restartedMain] 27 mappings in <unknown>
2020-11-15 18:23:30,461 DEBUG org.springframework.web.servlet.handler.AbstractHandlerMethodMapping [restartedMain] 7 mappings in <unknown>
2020-11-15 18:23:30,979 INFO org.springframework.boot.StartupInfoLogger [restartedMain] Started ApiservicesApplication in 35.449 seconds (JVM running for 36.902)
2020-11-15 18:24:47,878 DEBUG org.springframework.data.mongodb.repository.query.StringBasedMongoQuery [http-nio-8080-exec-2] Created query Document{{id=1, status=Active}} for Document{{}} fields.
2020-11-15 18:24:47,956 DEBUG org.springframework.data.mongodb.core.MongoTemplate [http-nio-8080-exec-2] find using query: { "_id" : { "$numberLong" : "1"}, "status" : "Active"} fields: Document{{}} for class: class com.initializers.services.apiservices.model.UserDetails in collection: UserDetails
2020-11-15 18:24:48,154 DEBUG org.springframework.data.mongodb.core.mapping.event.AbstractMongoEventListener [http-nio-8080-exec-2] onAfterLoad(Document{{_id=1, firstName=Karthik, lastName=H, email=karthikhanumanthaiah@gmail.com, password=password, status=Active, _class=com.initializers.services.apiservices.model.UserDetails}})
2020-11-15 18:24:48,194 DEBUG org.springframework.data.mongodb.core.mapping.event.AbstractMongoEventListener [http-nio-8080-exec-2] onAfterConvert(Document{{_id=1, firstName=Karthik, lastName=H, email=karthikhanumanthaiah@gmail.com, password=password, status=Active, _class=com.initializers.services.apiservices.model.UserDetails}}, com.initializers.services.apiservices.model.UserDetails@4e1964a7)
2020-11-15 18:24:48,196 DEBUG org.springframework.data.mongodb.repository.query.StringBasedMongoQuery [http-nio-8080-exec-2] Created query Document{{id=1}} for Document{{}} fields.
2020-11-15 18:24:48,198 DEBUG org.springframework.data.mongodb.core.MongoTemplate [http-nio-8080-exec-2] find using query: { "_id" : { "$numberLong" : "1"}} fields: Document{{}} for class: class com.initializers.services.apiservices.model.item.ItemDetails in collection: item_details
2020-11-15 18:24:48,209 DEBUG org.springframework.data.mongodb.core.mapping.event.AbstractMongoEventListener [http-nio-8080-exec-2] onAfterLoad(Document{{_id=1, categoryId=2, subCategoryId=1, name=Gold winner, description=Document{{itemProperties=test, sellerName=test, disclaimer=test}}, imageLinks=[http://res.cloudinary.com/dsywyhhdl/image/upload/v1597589128/ehkzd3msvhzcfms3d4m7.jpg, http://res.cloudinary.com/dsywyhhdl/image/upload/v1597589424/fwoucyhldpsf2z8xfnzp.jpg], status=Active, _class=com.initializers.services.apiservices.model.item.ItemDetails}})
2020-11-15 18:24:48,242 DEBUG org.springframework.data.mongodb.core.mapping.event.AbstractMongoEventListener [http-nio-8080-exec-2] onAfterConvert(Document{{_id=1, categoryId=2, subCategoryId=1, name=Gold winner, description=Document{{itemProperties=test, sellerName=test, disclaimer=test}}, imageLinks=[http://res.cloudinary.com/dsywyhhdl/image/upload/v1597589128/ehkzd3msvhzcfms3d4m7.jpg, http://res.cloudinary.com/dsywyhhdl/image/upload/v1597589424/fwoucyhldpsf2z8xfnzp.jpg], status=Active, _class=com.initializers.services.apiservices.model.item.ItemDetails}}, com.initializers.services.apiservices.model.item.ItemDetails@277b2661)
2020-11-15 18:24:48,243 DEBUG org.springframework.data.mongodb.repository.query.StringBasedMongoQuery [http-nio-8080-exec-2] Created query Document{{itemId=1, available=Y}} for Document{{}} fields.
2020-11-15 18:24:48,250 DEBUG org.springframework.data.mongodb.core.MongoTemplate [http-nio-8080-exec-2] find using query: { "itemId" : { "$numberLong" : "1"}, "available" : "Y"} fields: Document{{}} for class: class com.initializers.services.apiservices.model.item.ItemAvailability in collection: item_availability
2020-11-15 18:24:48,307 DEBUG org.springframework.data.mongodb.core.MongoTemplate [http-nio-8080-exec-2] Saving Document containing fields: [_id, rating, review, _class]
2020-11-15 18:25:42,700 DEBUG org.springframework.data.mongodb.repository.query.StringBasedMongoQuery [http-nio-8080-exec-3] Created query Document{{id=2, status=Active}} for Document{{}} fields.
2020-11-15 18:25:42,704 DEBUG org.springframework.data.mongodb.core.MongoTemplate [http-nio-8080-exec-3] find using query: { "_id" : { "$numberLong" : "2"}, "status" : "Active"} fields: Document{{}} for class: class com.initializers.services.apiservices.model.UserDetails in collection: UserDetails
2020-11-15 18:25:42,718 DEBUG org.springframework.data.mongodb.core.mapping.event.AbstractMongoEventListener [http-nio-8080-exec-3] onAfterLoad(Document{{_id=2, firstName=Sharath, lastName=H, email=karthikhanumanthaiah@gmail.com, password=password, status=Active, _class=com.initializers.services.apiservices.model.UserDetails}})
2020-11-15 18:25:42,721 DEBUG org.springframework.data.mongodb.core.mapping.event.AbstractMongoEventListener [http-nio-8080-exec-3] onAfterConvert(Document{{_id=2, firstName=Sharath, lastName=H, email=karthikhanumanthaiah@gmail.com, password=password, status=Active, _class=com.initializers.services.apiservices.model.UserDetails}}, com.initializers.services.apiservices.model.UserDetails@47d3a6aa)
2020-11-15 18:25:42,722 DEBUG org.springframework.data.mongodb.repository.query.StringBasedMongoQuery [http-nio-8080-exec-3] Created query Document{{id=1}} for Document{{}} fields.
2020-11-15 18:25:42,724 DEBUG org.springframework.data.mongodb.core.MongoTemplate [http-nio-8080-exec-3] find using query: { "_id" : { "$numberLong" : "1"}} fields: Document{{}} for class: class com.initializers.services.apiservices.model.item.ItemDetails in collection: item_details
2020-11-15 18:25:42,733 DEBUG org.springframework.data.mongodb.core.mapping.event.AbstractMongoEventListener [http-nio-8080-exec-3] onAfterLoad(Document{{_id=1, categoryId=2, subCategoryId=1, name=Gold winner, description=Document{{itemProperties=test, sellerName=test, disclaimer=test}}, imageLinks=[http://res.cloudinary.com/dsywyhhdl/image/upload/v1597589128/ehkzd3msvhzcfms3d4m7.jpg, http://res.cloudinary.com/dsywyhhdl/image/upload/v1597589424/fwoucyhldpsf2z8xfnzp.jpg], status=Active, _class=com.initializers.services.apiservices.model.item.ItemDetails}})
2020-11-15 18:25:42,733 DEBUG org.springframework.data.mongodb.core.mapping.event.AbstractMongoEventListener [http-nio-8080-exec-3] onAfterConvert(Document{{_id=1, categoryId=2, subCategoryId=1, name=Gold winner, description=Document{{itemProperties=test, sellerName=test, disclaimer=test}}, imageLinks=[http://res.cloudinary.com/dsywyhhdl/image/upload/v1597589128/ehkzd3msvhzcfms3d4m7.jpg, http://res.cloudinary.com/dsywyhhdl/image/upload/v1597589424/fwoucyhldpsf2z8xfnzp.jpg], status=Active, _class=com.initializers.services.apiservices.model.item.ItemDetails}}, com.initializers.services.apiservices.model.item.ItemDetails@49144020)
2020-11-15 18:25:42,735 DEBUG org.springframework.data.mongodb.repository.query.StringBasedMongoQuery [http-nio-8080-exec-3] Created query Document{{itemId=1, available=Y}} for Document{{}} fields.
2020-11-15 18:25:42,738 DEBUG org.springframework.data.mongodb.core.MongoTemplate [http-nio-8080-exec-3] find using query: { "itemId" : { "$numberLong" : "1"}, "available" : "Y"} fields: Document{{}} for class: class com.initializers.services.apiservices.model.item.ItemAvailability in collection: item_availability
2020-11-15 18:25:42,746 DEBUG org.springframework.data.mongodb.core.MongoTemplate [http-nio-8080-exec-3] Saving Document containing fields: [_id, rating, review, _class]
