2020-07-27 20:40:42,774 INFO org.springframework.boot.StartupInfoLogger [restartedMain] Starting ApiservicesApplication on karthik-HP-Notebook with PID 3691 (/home/karthik/git/Thavare_daily/apiservices/target/classes started by karthik in /home/karthik/git/Thavare_daily/apiservices)
2020-07-27 20:40:42,815 DEBUG org.springframework.boot.StartupInfoLogger [restartedMain] Running with Spring Boot v2.2.5.RELEASE, Spring v5.2.4.RELEASE
2020-07-27 20:40:42,815 INFO org.springframework.boot.SpringApplication [restartedMain] The following profiles are active: dev
2020-07-27 20:40:48,034 INFO org.springframework.data.repository.config.RepositoryConfigurationDelegate [restartedMain] Bootstrapping Spring Data MongoDB repositories in DEFAULT mode.
2020-07-27 20:40:48,076 DEBUG org.springframework.data.repository.config.RepositoryConfigurationDelegate [restartedMain] Scanning for MongoDB repositories in packages com.initializers.services.apiservices.
2020-07-27 20:40:48,115 DEBUG org.springframework.context.annotation.ClassPathScanningCandidateComponentProvider [restartedMain] Identified candidate component class: file [/home/karthik/git/Thavare_daily/apiservices/target/classes/com/initializers/services/apiservices/repo/AddressRepo.class]
2020-07-27 20:40:48,117 DEBUG org.springframework.context.annotation.ClassPathScanningCandidateComponentProvider [restartedMain] Identified candidate component class: file [/home/karthik/git/Thavare_daily/apiservices/target/classes/com/initializers/services/apiservices/repo/ItemAvailabilityRepo.class]
2020-07-27 20:40:48,121 DEBUG org.springframework.context.annotation.ClassPathScanningCandidateComponentProvider [restartedMain] Identified candidate component class: file [/home/karthik/git/Thavare_daily/apiservices/target/classes/com/initializers/services/apiservices/repo/ItemCategoryRepo.class]
2020-07-27 20:40:48,125 DEBUG org.springframework.context.annotation.ClassPathScanningCandidateComponentProvider [restartedMain] Identified candidate component class: file [/home/karthik/git/Thavare_daily/apiservices/target/classes/com/initializers/services/apiservices/repo/ItemDetailsRepo.class]
2020-07-27 20:40:48,126 DEBUG org.springframework.context.annotation.ClassPathScanningCandidateComponentProvider [restartedMain] Identified candidate component class: file [/home/karthik/git/Thavare_daily/apiservices/target/classes/com/initializers/services/apiservices/repo/ItemSubCategoryRepo.class]
2020-07-27 20:40:48,127 DEBUG org.springframework.context.annotation.ClassPathScanningCandidateComponentProvider [restartedMain] Identified candidate component class: file [/home/karthik/git/Thavare_daily/apiservices/target/classes/com/initializers/services/apiservices/repo/OfferConfigurationDBRepo.class]
2020-07-27 20:40:48,128 DEBUG org.springframework.context.annotation.ClassPathScanningCandidateComponentProvider [restartedMain] Identified candidate component class: file [/home/karthik/git/Thavare_daily/apiservices/target/classes/com/initializers/services/apiservices/repo/OfferRepo.class]
2020-07-27 20:40:48,129 DEBUG org.springframework.context.annotation.ClassPathScanningCandidateComponentProvider [restartedMain] Identified candidate component class: file [/home/karthik/git/Thavare_daily/apiservices/target/classes/com/initializers/services/apiservices/repo/TopDealsRepo.class]
2020-07-27 20:40:48,130 DEBUG org.springframework.context.annotation.ClassPathScanningCandidateComponentProvider [restartedMain] Identified candidate component class: file [/home/karthik/git/Thavare_daily/apiservices/target/classes/com/initializers/services/apiservices/repo/TransientUserDetailsRepo.class]
2020-07-27 20:40:48,131 DEBUG org.springframework.context.annotation.ClassPathScanningCandidateComponentProvider [restartedMain] Identified candidate component class: file [/home/karthik/git/Thavare_daily/apiservices/target/classes/com/initializers/services/apiservices/repo/UserCartRepo.class]
2020-07-27 20:40:48,134 DEBUG org.springframework.context.annotation.ClassPathScanningCandidateComponentProvider [restartedMain] Identified candidate component class: file [/home/karthik/git/Thavare_daily/apiservices/target/classes/com/initializers/services/apiservices/repo/UserDetailsRepo.class]
2020-07-27 20:40:48,136 DEBUG org.springframework.context.annotation.ClassPathScanningCandidateComponentProvider [restartedMain] Identified candidate component class: file [/home/karthik/git/Thavare_daily/apiservices/target/classes/com/initializers/services/apiservices/repo/UserOTPRepo.class]
2020-07-27 20:40:48,138 DEBUG org.springframework.context.annotation.ClassPathScanningCandidateComponentProvider [restartedMain] Identified candidate component class: file [/home/karthik/git/Thavare_daily/apiservices/target/classes/com/initializers/services/apiservices/repo/UserOrderSetRepo.class]
2020-07-27 20:40:48,139 DEBUG org.springframework.context.annotation.ClassPathScanningCandidateComponentProvider [restartedMain] Identified candidate component class: file [/home/karthik/git/Thavare_daily/apiservices/target/classes/com/initializers/services/apiservices/repo/UserReviewRepo.class]
2020-07-27 20:40:48,140 DEBUG org.springframework.context.annotation.ClassPathScanningCandidateComponentProvider [restartedMain] Identified candidate component class: file [/home/karthik/git/Thavare_daily/apiservices/target/classes/com/initializers/services/apiservices/repo/UserWishlistRepo.class]
2020-07-27 20:40:48,506 DEBUG org.springframework.data.repository.config.RepositoryBeanDefinitionBuilder [restartedMain] Registering repository fragment implementation: itemCategoryCustomRepoImpl com.initializers.services.apiservices.repo.Impl.ItemCategoryCustomRepoImpl
2020-07-27 20:40:48,524 DEBUG org.springframework.data.repository.config.RepositoryBeanDefinitionBuilder [restartedMain] Registering repository fragment: itemCategoryCustomRepoImplFragment
2020-07-27 20:40:48,587 INFO org.springframework.data.repository.config.RepositoryConfigurationDelegate [restartedMain] Finished Spring Data repository scanning in 504ms. Found 15 MongoDB repository interfaces.
2020-07-27 20:40:54,309 DEBUG org.springframework.data.convert.CustomConversions [restartedMain] Registering converter from class java.time.LocalDateTime to class java.time.Instant as reading converter although it doesn't convert from a store-supported type! You might want to check your annotation setup at the converter implementation.
2020-07-27 20:40:54,310 DEBUG org.springframework.data.convert.CustomConversions [restartedMain] Registering converter from class java.time.Instant to class java.time.LocalDateTime as reading converter although it doesn't convert from a store-supported type! You might want to check your annotation setup at the converter implementation.
2020-07-27 20:40:55,039 DEBUG org.springframework.data.convert.CustomConversions [restartedMain] Registering converter from class java.time.LocalDateTime to class java.time.Instant as reading converter although it doesn't convert from a store-supported type! You might want to check your annotation setup at the converter implementation.
2020-07-27 20:40:55,040 DEBUG org.springframework.data.convert.CustomConversions [restartedMain] Registering converter from class java.time.Instant to class java.time.LocalDateTime as reading converter although it doesn't convert from a store-supported type! You might want to check your annotation setup at the converter implementation.
2020-07-27 20:40:55,806 DEBUG org.springframework.data.mongodb.core.index.MongoPersistentEntityIndexCreator [restartedMain] Analyzing class class com.initializers.services.apiservices.model.OrderStatus for index information.
2020-07-27 20:40:55,808 DEBUG org.springframework.data.mongodb.core.index.MongoPersistentEntityIndexCreator [restartedMain] Analyzing class class com.initializers.services.apiservices.model.UserOTP for index information.
2020-07-27 20:40:55,912 DEBUG org.springframework.data.mongodb.core.index.MongoPersistentEntityIndexCreator [restartedMain] Analyzing class class com.initializers.services.apiservices.model.UserCart$CompositeKey for index information.
2020-07-27 20:40:55,913 DEBUG org.springframework.data.mongodb.core.index.MongoPersistentEntityIndexCreator [restartedMain] Analyzing class class com.initializers.services.apiservices.model.item.ItemDetails for index information.
2020-07-27 20:40:55,916 DEBUG org.springframework.data.mongodb.core.index.MongoPersistentEntityIndexCreator [restartedMain] Analyzing class class com.initializers.services.apiservices.model.DatabaseSequence for index information.
2020-07-27 20:40:55,918 DEBUG org.springframework.data.mongodb.core.index.MongoPersistentEntityIndexCreator [restartedMain] Analyzing class class com.initializers.services.apiservices.model.Offer for index information.
2020-07-27 20:40:55,920 DEBUG org.springframework.data.mongodb.core.index.MongoPersistentEntityIndexCreator [restartedMain] Analyzing class class com.initializers.services.apiservices.model.Address for index information.
2020-07-27 20:40:55,921 DEBUG org.springframework.data.mongodb.core.index.MongoPersistentEntityIndexCreator [restartedMain] Analyzing class class com.initializers.services.apiservices.model.UserOrderSet for index information.
2020-07-27 20:40:55,924 DEBUG org.springframework.data.mongodb.core.index.MongoPersistentEntityIndexCreator [restartedMain] Analyzing class class com.initializers.services.apiservices.model.UserCart for index information.
2020-07-27 20:40:55,925 DEBUG org.springframework.data.mongodb.core.index.MongoPersistentEntityIndexCreator [restartedMain] Analyzing class class com.initializers.services.apiservices.model.UserWishlist for index information.
2020-07-27 20:40:55,926 DEBUG org.springframework.data.mongodb.core.index.MongoPersistentEntityIndexCreator [restartedMain] Analyzing class class com.initializers.services.apiservices.model.item.ItemDescription for index information.
2020-07-27 20:40:55,938 DEBUG org.springframework.data.mongodb.core.index.MongoPersistentEntityIndexCreator [restartedMain] Analyzing class class com.initializers.services.apiservices.model.item.ItemSubCategory for index information.
2020-07-27 20:40:55,939 DEBUG org.springframework.data.mongodb.core.index.MongoPersistentEntityIndexCreator [restartedMain] Analyzing class class com.initializers.services.apiservices.model.item.ItemAvailability for index information.
2020-07-27 20:40:55,948 DEBUG org.springframework.data.mongodb.core.index.MongoPersistentEntityIndexCreator [restartedMain] Analyzing class class com.initializers.services.apiservices.model.UserReview$CompositeKey for index information.
2020-07-27 20:40:55,954 DEBUG org.springframework.data.mongodb.core.index.MongoPersistentEntityIndexCreator [restartedMain] Analyzing class class com.initializers.services.apiservices.model.UserReview for index information.
2020-07-27 20:40:55,956 DEBUG org.springframework.data.mongodb.core.index.MongoPersistentEntityIndexCreator [restartedMain] Analyzing class class com.initializers.services.apiservices.model.OfferConfigurationDB for index information.
2020-07-27 20:40:55,957 DEBUG org.springframework.data.mongodb.core.index.MongoPersistentEntityIndexCreator [restartedMain] Analyzing class class com.initializers.services.apiservices.model.TopDeals for index information.
2020-07-27 20:40:55,958 DEBUG org.springframework.data.mongodb.core.index.MongoPersistentEntityIndexCreator [restartedMain] Analyzing class class com.initializers.services.apiservices.model.UserDetails for index information.
2020-07-27 20:40:55,964 DEBUG org.springframework.data.mongodb.core.index.MongoPersistentEntityIndexCreator [restartedMain] Analyzing class class com.initializers.services.apiservices.model.UserOrder for index information.
2020-07-27 20:40:55,965 DEBUG org.springframework.data.mongodb.core.index.MongoPersistentEntityIndexCreator [restartedMain] Analyzing class class com.initializers.services.apiservices.model.item.ItemCategory for index information.
2020-07-27 20:40:55,968 DEBUG org.springframework.data.mongodb.core.index.MongoPersistentEntityIndexCreator [restartedMain] Analyzing class class com.initializers.services.apiservices.model.TransientUserDetails for index information.
2020-07-27 20:40:57,864 DEBUG org.springframework.data.repository.core.support.RepositoryFactorySupport [restartedMain] Initializing repository instance for com.initializers.services.apiservices.repo.ItemCategoryRepo…
2020-07-27 20:40:58,284 DEBUG org.springframework.data.repository.core.support.RepositoryFactorySupport [restartedMain] Finished creation of repository instance for com.initializers.services.apiservices.repo.ItemCategoryRepo.
2020-07-27 20:40:58,330 DEBUG org.springframework.data.repository.core.support.RepositoryFactorySupport [restartedMain] Initializing repository instance for com.initializers.services.apiservices.repo.ItemSubCategoryRepo…
2020-07-27 20:40:58,371 DEBUG org.springframework.data.repository.core.support.RepositoryFactorySupport [restartedMain] Finished creation of repository instance for com.initializers.services.apiservices.repo.ItemSubCategoryRepo.
2020-07-27 20:40:58,390 DEBUG org.springframework.data.repository.core.support.RepositoryFactorySupport [restartedMain] Initializing repository instance for com.initializers.services.apiservices.repo.ItemAvailabilityRepo…
2020-07-27 20:40:58,426 DEBUG org.springframework.data.repository.core.support.RepositoryFactorySupport [restartedMain] Finished creation of repository instance for com.initializers.services.apiservices.repo.ItemAvailabilityRepo.
2020-07-27 20:40:58,442 DEBUG org.springframework.data.repository.core.support.RepositoryFactorySupport [restartedMain] Initializing repository instance for com.initializers.services.apiservices.repo.ItemDetailsRepo…
2020-07-27 20:40:58,475 DEBUG org.springframework.data.repository.core.support.RepositoryFactorySupport [restartedMain] Finished creation of repository instance for com.initializers.services.apiservices.repo.ItemDetailsRepo.
2020-07-27 20:40:58,697 DEBUG org.springframework.data.repository.core.support.RepositoryFactorySupport [restartedMain] Initializing repository instance for com.initializers.services.apiservices.repo.TopDealsRepo…
2020-07-27 20:40:58,711 DEBUG org.springframework.data.repository.core.support.RepositoryFactorySupport [restartedMain] Finished creation of repository instance for com.initializers.services.apiservices.repo.TopDealsRepo.
2020-07-27 20:40:58,731 DEBUG org.springframework.data.repository.core.support.RepositoryFactorySupport [restartedMain] Initializing repository instance for com.initializers.services.apiservices.repo.UserDetailsRepo…
2020-07-27 20:40:58,746 DEBUG org.springframework.data.repository.core.support.RepositoryFactorySupport [restartedMain] Finished creation of repository instance for com.initializers.services.apiservices.repo.UserDetailsRepo.
2020-07-27 20:40:58,756 DEBUG org.springframework.data.repository.core.support.RepositoryFactorySupport [restartedMain] Initializing repository instance for com.initializers.services.apiservices.repo.TransientUserDetailsRepo…
2020-07-27 20:40:58,768 DEBUG org.springframework.data.repository.core.support.RepositoryFactorySupport [restartedMain] Finished creation of repository instance for com.initializers.services.apiservices.repo.TransientUserDetailsRepo.
2020-07-27 20:40:58,778 DEBUG org.springframework.data.repository.core.support.RepositoryFactorySupport [restartedMain] Initializing repository instance for com.initializers.services.apiservices.repo.UserOTPRepo…
2020-07-27 20:40:58,787 DEBUG org.springframework.data.repository.core.support.RepositoryFactorySupport [restartedMain] Finished creation of repository instance for com.initializers.services.apiservices.repo.UserOTPRepo.
2020-07-27 20:40:58,805 DEBUG org.springframework.data.repository.core.support.RepositoryFactorySupport [restartedMain] Initializing repository instance for com.initializers.services.apiservices.repo.AddressRepo…
2020-07-27 20:40:58,817 DEBUG org.springframework.data.repository.core.support.RepositoryFactorySupport [restartedMain] Finished creation of repository instance for com.initializers.services.apiservices.repo.AddressRepo.
2020-07-27 20:40:58,830 DEBUG org.springframework.data.repository.core.support.RepositoryFactorySupport [restartedMain] Initializing repository instance for com.initializers.services.apiservices.repo.UserCartRepo…
2020-07-27 20:40:58,848 DEBUG org.springframework.data.repository.core.support.RepositoryFactorySupport [restartedMain] Finished creation of repository instance for com.initializers.services.apiservices.repo.UserCartRepo.
2020-07-27 20:40:58,855 DEBUG org.springframework.data.repository.core.support.RepositoryFactorySupport [restartedMain] Initializing repository instance for com.initializers.services.apiservices.repo.UserOrderSetRepo…
2020-07-27 20:40:58,868 DEBUG org.springframework.data.repository.core.support.RepositoryFactorySupport [restartedMain] Finished creation of repository instance for com.initializers.services.apiservices.repo.UserOrderSetRepo.
2020-07-27 20:40:58,879 DEBUG org.springframework.data.repository.core.support.RepositoryFactorySupport [restartedMain] Initializing repository instance for com.initializers.services.apiservices.repo.OfferConfigurationDBRepo…
2020-07-27 20:40:58,888 DEBUG org.springframework.data.repository.core.support.RepositoryFactorySupport [restartedMain] Finished creation of repository instance for com.initializers.services.apiservices.repo.OfferConfigurationDBRepo.
2020-07-27 20:40:58,917 DEBUG org.springframework.data.repository.core.support.RepositoryFactorySupport [restartedMain] Initializing repository instance for com.initializers.services.apiservices.repo.UserReviewRepo…
2020-07-27 20:40:58,927 DEBUG org.springframework.data.repository.core.support.RepositoryFactorySupport [restartedMain] Finished creation of repository instance for com.initializers.services.apiservices.repo.UserReviewRepo.
2020-07-27 20:40:58,941 DEBUG org.springframework.data.repository.core.support.RepositoryFactorySupport [restartedMain] Initializing repository instance for com.initializers.services.apiservices.repo.UserWishlistRepo…
2020-07-27 20:40:58,949 DEBUG org.springframework.data.repository.core.support.RepositoryFactorySupport [restartedMain] Finished creation of repository instance for com.initializers.services.apiservices.repo.UserWishlistRepo.
2020-07-27 20:40:59,052 INFO com.initializers.services.apiservices.others.ApplicationProperties [restartedMain] app running in dev environment
2020-07-27 20:40:59,055 WARN org.springframework.data.rest.webmvc.halbrowser.HalBrowser [restartedMain] ---
2020-07-27 20:40:59,056 WARN org.springframework.data.rest.webmvc.halbrowser.HalBrowser [restartedMain] Spring Data REST HAL Browser is deprecated! Prefer the HAL Explorer (artifactId: spring-data-rest-hal-explorer)!
2020-07-27 20:40:59,056 WARN org.springframework.data.rest.webmvc.halbrowser.HalBrowser [restartedMain] ---
2020-07-27 20:40:59,341 DEBUG org.springframework.data.repository.core.support.RepositoryFactorySupport [restartedMain] Initializing repository instance for com.initializers.services.apiservices.repo.OfferRepo…
2020-07-27 20:40:59,354 DEBUG org.springframework.data.repository.core.support.RepositoryFactorySupport [restartedMain] Finished creation of repository instance for com.initializers.services.apiservices.repo.OfferRepo.
2020-07-27 20:41:01,729 DEBUG org.springframework.web.servlet.mvc.method.annotation.RequestMappingHandlerAdapter [restartedMain] ControllerAdvice beans: 0 @ModelAttribute, 0 @InitBinder, 0 RequestBodyAdvice, 1 ResponseBodyAdvice
2020-07-27 20:41:01,761 DEBUG org.springframework.web.servlet.handler.AbstractHandlerMethodMapping [restartedMain] 27 mappings in <unknown>
2020-07-27 20:41:01,765 DEBUG org.springframework.web.servlet.handler.AbstractHandlerMethodMapping [restartedMain] 7 mappings in <unknown>
2020-07-27 20:41:02,133 INFO org.springframework.boot.StartupInfoLogger [restartedMain] Started ApiservicesApplication in 21.206 seconds (JVM running for 24.282)
2020-07-27 20:42:03,202 DEBUG org.springframework.data.mongodb.core.MongoTemplate [http-nio-8080-exec-1] Executing aggregation: [{ "$project" : { "_id" : 1, "name" : 1, "description" : 1, "imageLink" : 1}}] in collection item_category
2020-07-27 20:42:03,457 DEBUG org.springframework.data.mongodb.core.mapping.event.AbstractMongoEventListener [http-nio-8080-exec-1] onAfterLoad(Document{{_id=13, name=Grocery, description=upto 20% off, imageLink=http://res.cloudinary.com/dsywyhhdl/image/upload/v1595776992/nkpr6hbxvbgod1mbxizk.jpg}})
2020-07-27 20:42:03,546 DEBUG org.springframework.data.mongodb.core.mapping.event.AbstractMongoEventListener [http-nio-8080-exec-1] onAfterConvert(Document{{_id=13, name=Grocery, description=upto 20% off, imageLink=http://res.cloudinary.com/dsywyhhdl/image/upload/v1595776992/nkpr6hbxvbgod1mbxizk.jpg}}, com.initializers.services.apiservices.model.item.ItemCategory@2ede072)
2020-07-27 20:42:03,547 DEBUG org.springframework.data.mongodb.core.mapping.event.AbstractMongoEventListener [http-nio-8080-exec-1] onAfterLoad(Document{{_id=14, name=Oil, description=upto 35% offer, imageLink=http://res.cloudinary.com/dsywyhhdl/image/upload/v1595776939/virysp5rdygpu86p8v6w.jpg}})
2020-07-27 20:42:03,548 DEBUG org.springframework.data.mongodb.core.mapping.event.AbstractMongoEventListener [http-nio-8080-exec-1] onAfterConvert(Document{{_id=14, name=Oil, description=upto 35% offer, imageLink=http://res.cloudinary.com/dsywyhhdl/image/upload/v1595776939/virysp5rdygpu86p8v6w.jpg}}, com.initializers.services.apiservices.model.item.ItemCategory@77151a90)
2020-07-27 20:42:03,549 DEBUG org.springframework.data.mongodb.core.mapping.event.AbstractMongoEventListener [http-nio-8080-exec-1] onAfterLoad(Document{{_id=16, name=Cleaning Product, description=Upto 9% offer}})
2020-07-27 20:42:03,549 DEBUG org.springframework.data.mongodb.core.mapping.event.AbstractMongoEventListener [http-nio-8080-exec-1] onAfterConvert(Document{{_id=16, name=Cleaning Product, description=Upto 9% offer}}, com.initializers.services.apiservices.model.item.ItemCategory@7f4ee3e4)
2020-07-27 20:42:03,550 DEBUG org.springframework.data.mongodb.core.mapping.event.AbstractMongoEventListener [http-nio-8080-exec-1] onAfterLoad(Document{{_id=17, name=top product, description=offer upto 40%}})
2020-07-27 20:42:03,551 DEBUG org.springframework.data.mongodb.core.mapping.event.AbstractMongoEventListener [http-nio-8080-exec-1] onAfterConvert(Document{{_id=17, name=top product, description=offer upto 40%}}, com.initializers.services.apiservices.model.item.ItemCategory@4b3291ab)
2020-07-27 20:42:03,553 DEBUG org.springframework.data.mongodb.core.mapping.event.AbstractMongoEventListener [http-nio-8080-exec-1] onAfterLoad(Document{{_id=18, name=top product, description=offer upto 40%, imageLink=http://res.cloudinary.com/dsywyhhdl/image/upload/v1585148387/h1zjbaugnrwszyywiydk.jpg}})
2020-07-27 20:42:03,554 DEBUG org.springframework.data.mongodb.core.mapping.event.AbstractMongoEventListener [http-nio-8080-exec-1] onAfterConvert(Document{{_id=18, name=top product, description=offer upto 40%, imageLink=http://res.cloudinary.com/dsywyhhdl/image/upload/v1585148387/h1zjbaugnrwszyywiydk.jpg}}, com.initializers.services.apiservices.model.item.ItemCategory@26b116cf)
2020-07-27 20:42:03,555 DEBUG org.springframework.data.mongodb.core.mapping.event.AbstractMongoEventListener [http-nio-8080-exec-1] onAfterLoad(Document{{_id=19, name=top product, description=offer upto 40%, imageLink=http://res.cloudinary.com/dsywyhhdl/image/upload/v1585150684/pn1udwzf6ggj9m73rx6x.jpg}})
2020-07-27 20:42:03,558 DEBUG org.springframework.data.mongodb.core.mapping.event.AbstractMongoEventListener [http-nio-8080-exec-1] onAfterConvert(Document{{_id=19, name=top product, description=offer upto 40%, imageLink=http://res.cloudinary.com/dsywyhhdl/image/upload/v1585150684/pn1udwzf6ggj9m73rx6x.jpg}}, com.initializers.services.apiservices.model.item.ItemCategory@79af5913)
2020-07-27 20:42:03,566 DEBUG org.springframework.data.mongodb.core.mapping.event.AbstractMongoEventListener [http-nio-8080-exec-1] onAfterLoad(Document{{_id=20, name=top product, description=offer upto 40%, imageLink=http://res.cloudinary.com/dsywyhhdl/image/upload/v1585150969/r9slzzo4gvrhtmvktqjx.jpg}})
2020-07-27 20:42:03,567 DEBUG org.springframework.data.mongodb.core.mapping.event.AbstractMongoEventListener [http-nio-8080-exec-1] onAfterConvert(Document{{_id=20, name=top product, description=offer upto 40%, imageLink=http://res.cloudinary.com/dsywyhhdl/image/upload/v1585150969/r9slzzo4gvrhtmvktqjx.jpg}}, com.initializers.services.apiservices.model.item.ItemCategory@7176c401)
2020-07-27 20:42:04,828 DEBUG org.springframework.data.mongodb.core.MongoTemplate [http-nio-8080-exec-2] Executing aggregation: [{ "$lookup" : { "from" : "item_sub_category", "localField" : "subCategoryId", "foreignField" : "_id", "as" : "join_subcat"}}, { "$lookup" : { "from" : "item_category", "localField" : "categoryId", "foreignField" : "_id", "as" : "join_cat"}}, { "$project" : { "_id" : 1, "name" : 1, "imageLinks" : 1, "status" : 1, "subCategoryId" : "$join_subcat.name", "categoryId" : "$join_cat.name"}}] in collection item_details
2020-07-27 20:42:04,936 DEBUG org.springframework.data.mongodb.core.MongoTemplate [http-nio-8080-exec-3] Executing aggregation: [{ "$project" : { "key" : "$_id", "value" : "$name"}}] in collection item_sub_category
2020-07-27 20:42:05,317 DEBUG org.springframework.data.mongodb.core.index.MongoPersistentEntityIndexCreator [http-nio-8080-exec-3] Analyzing class class com.initializers.services.apiservices.others.Suggestions for index information.
2020-07-27 20:42:05,499 DEBUG org.springframework.data.mongodb.core.index.MongoPersistentEntityIndexCreator [http-nio-8080-exec-2] Analyzing class class com.initializers.services.apiservices.model.item.ItemDetailsList for index information.
2020-07-27 20:42:09,272 DEBUG org.springframework.data.mongodb.core.MongoTemplate [http-nio-8080-exec-5] Executing aggregation: [{ "$project" : { "_id" : 1, "name" : 1, "description" : 1, "imageLink" : 1}}] in collection item_category
2020-07-27 20:42:09,275 DEBUG org.springframework.data.mongodb.core.mapping.event.AbstractMongoEventListener [http-nio-8080-exec-5] onAfterLoad(Document{{_id=13, name=Grocery, description=upto 20% off, imageLink=http://res.cloudinary.com/dsywyhhdl/image/upload/v1595776992/nkpr6hbxvbgod1mbxizk.jpg}})
2020-07-27 20:42:09,277 DEBUG org.springframework.data.mongodb.core.mapping.event.AbstractMongoEventListener [http-nio-8080-exec-5] onAfterConvert(Document{{_id=13, name=Grocery, description=upto 20% off, imageLink=http://res.cloudinary.com/dsywyhhdl/image/upload/v1595776992/nkpr6hbxvbgod1mbxizk.jpg}}, com.initializers.services.apiservices.model.item.ItemCategory@500921)
2020-07-27 20:42:09,278 DEBUG org.springframework.data.mongodb.core.mapping.event.AbstractMongoEventListener [http-nio-8080-exec-5] onAfterLoad(Document{{_id=14, name=Oil, description=upto 35% offer, imageLink=http://res.cloudinary.com/dsywyhhdl/image/upload/v1595776939/virysp5rdygpu86p8v6w.jpg}})
2020-07-27 20:42:09,280 DEBUG org.springframework.data.mongodb.core.mapping.event.AbstractMongoEventListener [http-nio-8080-exec-5] onAfterConvert(Document{{_id=14, name=Oil, description=upto 35% offer, imageLink=http://res.cloudinary.com/dsywyhhdl/image/upload/v1595776939/virysp5rdygpu86p8v6w.jpg}}, com.initializers.services.apiservices.model.item.ItemCategory@e97f75b)
2020-07-27 20:42:09,281 DEBUG org.springframework.data.mongodb.core.mapping.event.AbstractMongoEventListener [http-nio-8080-exec-5] onAfterLoad(Document{{_id=16, name=Cleaning Product, description=Upto 9% offer}})
2020-07-27 20:42:09,282 DEBUG org.springframework.data.mongodb.core.mapping.event.AbstractMongoEventListener [http-nio-8080-exec-5] onAfterConvert(Document{{_id=16, name=Cleaning Product, description=Upto 9% offer}}, com.initializers.services.apiservices.model.item.ItemCategory@aa86251)
2020-07-27 20:42:09,282 DEBUG org.springframework.data.mongodb.core.mapping.event.AbstractMongoEventListener [http-nio-8080-exec-5] onAfterLoad(Document{{_id=17, name=top product, description=offer upto 40%}})
2020-07-27 20:42:09,283 DEBUG org.springframework.data.mongodb.core.mapping.event.AbstractMongoEventListener [http-nio-8080-exec-5] onAfterConvert(Document{{_id=17, name=top product, description=offer upto 40%}}, com.initializers.services.apiservices.model.item.ItemCategory@4faafd60)
2020-07-27 20:42:09,284 DEBUG org.springframework.data.mongodb.core.mapping.event.AbstractMongoEventListener [http-nio-8080-exec-5] onAfterLoad(Document{{_id=18, name=top product, description=offer upto 40%, imageLink=http://res.cloudinary.com/dsywyhhdl/image/upload/v1585148387/h1zjbaugnrwszyywiydk.jpg}})
2020-07-27 20:42:09,286 DEBUG org.springframework.data.mongodb.core.mapping.event.AbstractMongoEventListener [http-nio-8080-exec-5] onAfterConvert(Document{{_id=18, name=top product, description=offer upto 40%, imageLink=http://res.cloudinary.com/dsywyhhdl/image/upload/v1585148387/h1zjbaugnrwszyywiydk.jpg}}, com.initializers.services.apiservices.model.item.ItemCategory@4f33fcb5)
2020-07-27 20:42:09,286 DEBUG org.springframework.data.mongodb.core.mapping.event.AbstractMongoEventListener [http-nio-8080-exec-5] onAfterLoad(Document{{_id=19, name=top product, description=offer upto 40%, imageLink=http://res.cloudinary.com/dsywyhhdl/image/upload/v1585150684/pn1udwzf6ggj9m73rx6x.jpg}})
2020-07-27 20:42:09,289 DEBUG org.springframework.data.mongodb.core.mapping.event.AbstractMongoEventListener [http-nio-8080-exec-5] onAfterConvert(Document{{_id=19, name=top product, description=offer upto 40%, imageLink=http://res.cloudinary.com/dsywyhhdl/image/upload/v1585150684/pn1udwzf6ggj9m73rx6x.jpg}}, com.initializers.services.apiservices.model.item.ItemCategory@7e2ff727)
2020-07-27 20:42:09,290 DEBUG org.springframework.data.mongodb.core.mapping.event.AbstractMongoEventListener [http-nio-8080-exec-5] onAfterLoad(Document{{_id=20, name=top product, description=offer upto 40%, imageLink=http://res.cloudinary.com/dsywyhhdl/image/upload/v1585150969/r9slzzo4gvrhtmvktqjx.jpg}})
2020-07-27 20:42:09,291 DEBUG org.springframework.data.mongodb.core.mapping.event.AbstractMongoEventListener [http-nio-8080-exec-5] onAfterConvert(Document{{_id=20, name=top product, description=offer upto 40%, imageLink=http://res.cloudinary.com/dsywyhhdl/image/upload/v1585150969/r9slzzo4gvrhtmvktqjx.jpg}}, com.initializers.services.apiservices.model.item.ItemCategory@375ca859)
2020-07-27 20:42:12,542 DEBUG org.springframework.data.mongodb.repository.query.MongoQueryCreator [http-nio-8080-exec-8] Created query Query: { "id" : { "$numberLong" : "16"}}, Fields: {}, Sort: {}
2020-07-27 20:42:12,586 DEBUG org.springframework.data.mongodb.core.MongoTemplate [http-nio-8080-exec-8] find using query: { "_id" : { "$numberLong" : "16"}} fields: Document{{}} for class: class com.initializers.services.apiservices.model.item.ItemCategory in collection: item_category
2020-07-27 20:42:12,631 DEBUG org.springframework.data.mongodb.core.mapping.event.AbstractMongoEventListener [http-nio-8080-exec-8] onAfterLoad(Document{{_id=16, name=Cleaning Product, description=Upto 9% offer, _class=com.initializers.services.apiservices.model.item.ItemCategory}})
2020-07-27 20:42:12,634 DEBUG org.springframework.data.mongodb.core.mapping.event.AbstractMongoEventListener [http-nio-8080-exec-8] onAfterConvert(Document{{_id=16, name=Cleaning Product, description=Upto 9% offer, _class=com.initializers.services.apiservices.model.item.ItemCategory}}, com.initializers.services.apiservices.model.item.ItemCategory@722b54d4)
2020-07-27 20:42:22,800 DEBUG org.springframework.data.mongodb.repository.query.MongoQueryCreator [http-nio-8080-exec-9] Created query Query: { "id" : { "$numberLong" : "16"}}, Fields: {}, Sort: {}
2020-07-27 20:42:22,803 DEBUG org.springframework.data.mongodb.core.MongoTemplate [http-nio-8080-exec-9] find using query: { "_id" : { "$numberLong" : "16"}} fields: Document{{}} for class: class com.initializers.services.apiservices.model.item.ItemCategory in collection: item_category
2020-07-27 20:42:22,808 DEBUG org.springframework.data.mongodb.core.mapping.event.AbstractMongoEventListener [http-nio-8080-exec-9] onAfterLoad(Document{{_id=16, name=Cleaning Product, description=Upto 9% offer, _class=com.initializers.services.apiservices.model.item.ItemCategory}})
2020-07-27 20:42:22,810 DEBUG org.springframework.data.mongodb.core.mapping.event.AbstractMongoEventListener [http-nio-8080-exec-9] onAfterConvert(Document{{_id=16, name=Cleaning Product, description=Upto 9% offer, _class=com.initializers.services.apiservices.model.item.ItemCategory}}, com.initializers.services.apiservices.model.item.ItemCategory@7b971b90)
2020-07-27 20:42:54,579 DEBUG org.springframework.data.mongodb.repository.query.MongoQueryCreator [http-nio-8080-exec-7] Created query Query: { "id" : { "$numberLong" : "16"}}, Fields: {}, Sort: {}
2020-07-27 20:42:54,582 DEBUG org.springframework.data.mongodb.core.MongoTemplate [http-nio-8080-exec-7] find using query: { "_id" : { "$numberLong" : "16"}} fields: Document{{}} for class: class com.initializers.services.apiservices.model.item.ItemCategory in collection: item_category
2020-07-27 20:42:54,585 DEBUG org.springframework.data.mongodb.core.mapping.event.AbstractMongoEventListener [http-nio-8080-exec-7] onAfterLoad(Document{{_id=16, name=Cleaning Product, description=Upto 9% offer, _class=com.initializers.services.apiservices.model.item.ItemCategory}})
2020-07-27 20:42:54,585 DEBUG org.springframework.data.mongodb.core.mapping.event.AbstractMongoEventListener [http-nio-8080-exec-7] onAfterConvert(Document{{_id=16, name=Cleaning Product, description=Upto 9% offer, _class=com.initializers.services.apiservices.model.item.ItemCategory}}, com.initializers.services.apiservices.model.item.ItemCategory@5d978450)
2020-07-27 20:42:54,595 DEBUG org.springframework.data.mongodb.repository.query.MongoQueryCreator [http-nio-8080-exec-6] Created query Query: { "id" : { "$numberLong" : "16"}}, Fields: {}, Sort: {}
2020-07-27 20:42:54,596 DEBUG org.springframework.data.mongodb.core.MongoTemplate [http-nio-8080-exec-6] find using query: { "_id" : { "$numberLong" : "16"}} fields: Document{{}} for class: class com.initializers.services.apiservices.model.item.ItemCategory in collection: item_category
2020-07-27 20:42:54,603 DEBUG org.springframework.data.mongodb.core.mapping.event.AbstractMongoEventListener [http-nio-8080-exec-6] onAfterLoad(Document{{_id=16, name=Cleaning Product, description=Upto 9% offer, _class=com.initializers.services.apiservices.model.item.ItemCategory}})
2020-07-27 20:42:54,604 DEBUG org.springframework.data.mongodb.core.mapping.event.AbstractMongoEventListener [http-nio-8080-exec-6] onAfterConvert(Document{{_id=16, name=Cleaning Product, description=Upto 9% offer, _class=com.initializers.services.apiservices.model.item.ItemCategory}}, com.initializers.services.apiservices.model.item.ItemCategory@58b7ea9c)
2020-07-27 20:43:08,199 DEBUG org.springframework.data.mongodb.core.MongoTemplate [http-nio-8080-exec-10] Executing aggregation: [{ "$project" : { "_id" : 1, "name" : 1, "description" : 1, "imageLink" : 1}}] in collection item_category
2020-07-27 20:43:08,202 DEBUG org.springframework.data.mongodb.core.mapping.event.AbstractMongoEventListener [http-nio-8080-exec-10] onAfterLoad(Document{{_id=13, name=Grocery, description=upto 20% off, imageLink=http://res.cloudinary.com/dsywyhhdl/image/upload/v1595776992/nkpr6hbxvbgod1mbxizk.jpg}})
2020-07-27 20:43:08,203 DEBUG org.springframework.data.mongodb.core.mapping.event.AbstractMongoEventListener [http-nio-8080-exec-10] onAfterConvert(Document{{_id=13, name=Grocery, description=upto 20% off, imageLink=http://res.cloudinary.com/dsywyhhdl/image/upload/v1595776992/nkpr6hbxvbgod1mbxizk.jpg}}, com.initializers.services.apiservices.model.item.ItemCategory@1aeb18dd)
2020-07-27 20:43:08,204 DEBUG org.springframework.data.mongodb.core.mapping.event.AbstractMongoEventListener [http-nio-8080-exec-10] onAfterLoad(Document{{_id=14, name=Oil, description=upto 35% offer, imageLink=http://res.cloudinary.com/dsywyhhdl/image/upload/v1595776939/virysp5rdygpu86p8v6w.jpg}})
2020-07-27 20:43:08,205 DEBUG org.springframework.data.mongodb.core.mapping.event.AbstractMongoEventListener [http-nio-8080-exec-10] onAfterConvert(Document{{_id=14, name=Oil, description=upto 35% offer, imageLink=http://res.cloudinary.com/dsywyhhdl/image/upload/v1595776939/virysp5rdygpu86p8v6w.jpg}}, com.initializers.services.apiservices.model.item.ItemCategory@142ce5f0)
2020-07-27 20:43:08,205 DEBUG org.springframework.data.mongodb.core.mapping.event.AbstractMongoEventListener [http-nio-8080-exec-10] onAfterLoad(Document{{_id=16, name=Cleaning Product, description=Upto 9% offer}})
2020-07-27 20:43:08,206 DEBUG org.springframework.data.mongodb.core.mapping.event.AbstractMongoEventListener [http-nio-8080-exec-10] onAfterConvert(Document{{_id=16, name=Cleaning Product, description=Upto 9% offer}}, com.initializers.services.apiservices.model.item.ItemCategory@101373ad)
2020-07-27 20:43:08,206 DEBUG org.springframework.data.mongodb.core.mapping.event.AbstractMongoEventListener [http-nio-8080-exec-10] onAfterLoad(Document{{_id=17, name=top product, description=offer upto 40%}})
2020-07-27 20:43:08,207 DEBUG org.springframework.data.mongodb.core.mapping.event.AbstractMongoEventListener [http-nio-8080-exec-10] onAfterConvert(Document{{_id=17, name=top product, description=offer upto 40%}}, com.initializers.services.apiservices.model.item.ItemCategory@5511efcb)
2020-07-27 20:43:08,208 DEBUG org.springframework.data.mongodb.core.mapping.event.AbstractMongoEventListener [http-nio-8080-exec-10] onAfterLoad(Document{{_id=18, name=top product, description=offer upto 40%, imageLink=http://res.cloudinary.com/dsywyhhdl/image/upload/v1585148387/h1zjbaugnrwszyywiydk.jpg}})
2020-07-27 20:43:08,209 DEBUG org.springframework.data.mongodb.core.mapping.event.AbstractMongoEventListener [http-nio-8080-exec-10] onAfterConvert(Document{{_id=18, name=top product, description=offer upto 40%, imageLink=http://res.cloudinary.com/dsywyhhdl/image/upload/v1585148387/h1zjbaugnrwszyywiydk.jpg}}, com.initializers.services.apiservices.model.item.ItemCategory@177e2844)
2020-07-27 20:43:08,209 DEBUG org.springframework.data.mongodb.core.mapping.event.AbstractMongoEventListener [http-nio-8080-exec-10] onAfterLoad(Document{{_id=19, name=top product, description=offer upto 40%, imageLink=http://res.cloudinary.com/dsywyhhdl/image/upload/v1585150684/pn1udwzf6ggj9m73rx6x.jpg}})
2020-07-27 20:43:08,211 DEBUG org.springframework.data.mongodb.core.mapping.event.AbstractMongoEventListener [http-nio-8080-exec-10] onAfterConvert(Document{{_id=19, name=top product, description=offer upto 40%, imageLink=http://res.cloudinary.com/dsywyhhdl/image/upload/v1585150684/pn1udwzf6ggj9m73rx6x.jpg}}, com.initializers.services.apiservices.model.item.ItemCategory@648e5c3e)
2020-07-27 20:43:08,212 DEBUG org.springframework.data.mongodb.core.mapping.event.AbstractMongoEventListener [http-nio-8080-exec-10] onAfterLoad(Document{{_id=20, name=top product, description=offer upto 40%, imageLink=http://res.cloudinary.com/dsywyhhdl/image/upload/v1585150969/r9slzzo4gvrhtmvktqjx.jpg}})
2020-07-27 20:43:08,213 DEBUG org.springframework.data.mongodb.core.mapping.event.AbstractMongoEventListener [http-nio-8080-exec-10] onAfterConvert(Document{{_id=20, name=top product, description=offer upto 40%, imageLink=http://res.cloudinary.com/dsywyhhdl/image/upload/v1585150969/r9slzzo4gvrhtmvktqjx.jpg}}, com.initializers.services.apiservices.model.item.ItemCategory@6f0bc519)
