2020-05-01 18:42:22,473 INFO org.springframework.boot.StartupInfoLogger [restartedMain] Starting ApiservicesApplication on karthik-HP-Notebook with PID 7503 (/home/karthik/git/Thavare_daily/apiservices/target/classes started by karthik in /home/karthik/git/Thavare_daily/apiservices)
2020-05-01 18:42:22,474 DEBUG org.springframework.boot.StartupInfoLogger [restartedMain] Running with Spring Boot v2.2.5.RELEASE, Spring v5.2.4.RELEASE
2020-05-01 18:42:22,474 INFO org.springframework.boot.SpringApplication [restartedMain] No active profile set, falling back to default profiles: default
2020-05-01 18:42:23,046 INFO org.springframework.data.repository.config.RepositoryConfigurationDelegate [restartedMain] Bootstrapping Spring Data MongoDB repositories in DEFAULT mode.
2020-05-01 18:42:23,088 INFO org.springframework.data.repository.config.RepositoryConfigurationDelegate [restartedMain] Finished Spring Data repository scanning in 39ms. Found 14 MongoDB repository interfaces.
2020-05-01 18:42:23,279 INFO org.springframework.boot.web.embedded.tomcat.TomcatWebServer [restartedMain] Tomcat initialized with port(s): 8080 (http)
2020-05-01 18:42:23,280 INFO org.apache.juli.logging.DirectJDKLog [restartedMain] Starting service [Tomcat]
2020-05-01 18:42:23,281 INFO org.apache.juli.logging.DirectJDKLog [restartedMain] Starting Servlet engine: [Apache Tomcat/9.0.31]
2020-05-01 18:42:23,291 INFO org.apache.juli.logging.DirectJDKLog [restartedMain] Initializing Spring embedded WebApplicationContext
2020-05-01 18:42:23,291 INFO org.springframework.boot.web.servlet.context.ServletWebServerApplicationContext [restartedMain] Root WebApplicationContext: initialization completed in 812 ms
2020-05-01 18:42:23,422 INFO com.mongodb.diagnostics.logging.SLF4JLogger [restartedMain] Cluster created with settings {hosts=[localhost:27017], mode=MULTIPLE, requiredClusterType=UNKNOWN, serverSelectionTimeout='30000 ms', maxWaitQueueSize=500}
2020-05-01 18:42:23,422 INFO com.mongodb.diagnostics.logging.SLF4JLogger [restartedMain] Adding discovered server localhost:27017 to client view of cluster
2020-05-01 18:42:23,426 INFO com.mongodb.diagnostics.logging.SLF4JLogger [cluster-ClusterId{value='5eac20376252233a04431b67', description='null'}-localhost:27017] Opened connection [connectionId{localValue:18, serverValue:206}] to localhost:27017
2020-05-01 18:42:23,458 INFO com.mongodb.diagnostics.logging.SLF4JLogger [cluster-ClusterId{value='5eac20376252233a04431b67', description='null'}-localhost:27017] Monitor thread successfully connected to server with description ServerDescription{address=localhost:27017, type=STANDALONE, state=CONNECTED, ok=true, version=ServerVersion{versionList=[4, 2, 3]}, minWireVersion=0, maxWireVersion=8, maxDocumentSize=16777216, logicalSessionTimeoutMinutes=30, roundTripTimeNanos=1516271}
2020-05-01 18:42:23,459 INFO com.mongodb.diagnostics.logging.SLF4JLogger [cluster-ClusterId{value='5eac20376252233a04431b67', description='null'}-localhost:27017] Discovered cluster type of STANDALONE
2020-05-01 18:42:23,642 INFO org.springframework.boot.devtools.autoconfigure.OptionalLiveReloadServer [restartedMain] LiveReload server is running on port 35729
2020-05-01 18:42:27,625 WARN org.springframework.data.rest.webmvc.halbrowser.HalBrowser [restartedMain] ---
2020-05-01 18:42:27,626 WARN org.springframework.data.rest.webmvc.halbrowser.HalBrowser [restartedMain] Spring Data REST HAL Browser is deprecated! Prefer the HAL Explorer (artifactId: spring-data-rest-hal-explorer)!
2020-05-01 18:42:27,626 WARN org.springframework.data.rest.webmvc.halbrowser.HalBrowser [restartedMain] ---
2020-05-01 18:42:27,828 INFO org.springframework.scheduling.concurrent.ExecutorConfigurationSupport [restartedMain] Initializing ExecutorService 'applicationTaskExecutor'
2020-05-01 18:42:28,094 INFO org.springframework.boot.actuate.endpoint.web.EndpointLinksResolver [restartedMain] Exposing 2 endpoint(s) beneath base path '/actuator'
2020-05-01 18:42:28,130 INFO org.springframework.boot.web.embedded.tomcat.TomcatWebServer [restartedMain] Tomcat started on port(s): 8080 (http) with context path ''
2020-05-01 18:42:28,131 INFO org.springframework.boot.StartupInfoLogger [restartedMain] Started ApiservicesApplication in 5.723 seconds (JVM running for 3548.224)
2020-05-01 18:42:28,133 INFO org.springframework.boot.devtools.autoconfigure.ConditionEvaluationDeltaLoggingListener [restartedMain] Condition evaluation unchanged
2020-05-01 18:42:54,396 INFO org.apache.juli.logging.DirectJDKLog [http-nio-8080-exec-2] Initializing Spring DispatcherServlet 'dispatcherServlet'
2020-05-01 18:42:54,397 INFO org.springframework.web.servlet.FrameworkServlet [http-nio-8080-exec-2] Initializing Servlet 'dispatcherServlet'
2020-05-01 18:42:54,402 INFO org.springframework.web.servlet.FrameworkServlet [http-nio-8080-exec-2] Completed initialization in 5 ms
2020-05-01 18:42:54,414 INFO com.mongodb.diagnostics.logging.SLF4JLogger [http-nio-8080-exec-2] Opened connection [connectionId{localValue:19, serverValue:208}] to localhost:27017
2020-05-01 18:42:54,429 ERROR com.initializers.services.apiservices.service.impl.OfferConfigurationDBServiceImpl [http-nio-8080-exec-2] [UserOrder, itemI]is invalid in orderconfigurationDB
2020-05-01 18:42:54,430 WARN org.springframework.web.servlet.handler.AbstractHandlerExceptionResolver [http-nio-8080-exec-2] Resolved [com.initializers.services.apiservices.exception.OrderConfigurationException]
2020-05-01 18:43:32,839 INFO org.springframework.scheduling.concurrent.ExecutorConfigurationSupport [Thread-55] Shutting down ExecutorService 'applicationTaskExecutor'
2020-05-01 18:43:32,843 INFO com.mongodb.diagnostics.logging.SLF4JLogger [Thread-55] Closed connection [connectionId{localValue:19, serverValue:208}] to localhost:27017 because the pool has been closed.
2020-05-01 18:43:33,088 INFO org.springframework.boot.StartupInfoLogger [restartedMain] Starting ApiservicesApplication on karthik-HP-Notebook with PID 7503 (/home/karthik/git/Thavare_daily/apiservices/target/classes started by karthik in /home/karthik/git/Thavare_daily/apiservices)
2020-05-01 18:43:33,088 DEBUG org.springframework.boot.StartupInfoLogger [restartedMain] Running with Spring Boot v2.2.5.RELEASE, Spring v5.2.4.RELEASE
2020-05-01 18:43:33,089 INFO org.springframework.boot.SpringApplication [restartedMain] No active profile set, falling back to default profiles: default
2020-05-01 18:43:39,476 INFO org.springframework.boot.StartupInfoLogger [restartedMain] Started ApiservicesApplication in 6.45 seconds (JVM running for 3619.57)
2020-05-01 18:43:49,023 ERROR com.initializers.services.apiservices.service.impl.OfferConfigurationDBServiceImpl [http-nio-8080-exec-2] [UserOrder, itemI]is invalid in orderconfigurationDB
2020-05-01 18:44:30,899 ERROR com.initializers.services.apiservices.service.impl.OfferConfigurationDBServiceImpl [http-nio-8080-exec-4] [UserOrder, itemI]is invalid in orderconfigurationDB
2020-05-01 18:47:42,675 INFO org.springframework.boot.StartupInfoLogger [restartedMain] Starting ApiservicesApplication on karthik-HP-Notebook with PID 10074 (/home/karthik/git/Thavare_daily/apiservices/target/classes started by karthik in /home/karthik/git/Thavare_daily/apiservices)
2020-05-01 18:47:42,688 DEBUG org.springframework.boot.StartupInfoLogger [restartedMain] Running with Spring Boot v2.2.5.RELEASE, Spring v5.2.4.RELEASE
2020-05-01 18:47:42,694 INFO org.springframework.boot.SpringApplication [restartedMain] No active profile set, falling back to default profiles: default
2020-05-01 18:47:56,245 INFO org.springframework.boot.StartupInfoLogger [restartedMain] Started ApiservicesApplication in 15.347 seconds (JVM running for 16.846)
2020-05-01 18:53:37,640 INFO org.springframework.boot.StartupInfoLogger [restartedMain] Starting ApiservicesApplication on karthik-HP-Notebook with PID 10074 (/home/karthik/git/Thavare_daily/apiservices/target/classes started by karthik in /home/karthik/git/Thavare_daily/apiservices)
2020-05-01 18:53:37,641 DEBUG org.springframework.boot.StartupInfoLogger [restartedMain] Running with Spring Boot v2.2.5.RELEASE, Spring v5.2.4.RELEASE
2020-05-01 18:53:37,642 INFO org.springframework.boot.SpringApplication [restartedMain] No active profile set, falling back to default profiles: default
2020-05-01 18:53:44,567 INFO org.springframework.boot.StartupInfoLogger [restartedMain] Started ApiservicesApplication in 6.99 seconds (JVM running for 365.168)
2020-05-01 18:55:51,827 INFO org.springframework.boot.StartupInfoLogger [restartedMain] Starting ApiservicesApplication on karthik-HP-Notebook with PID 10074 (/home/karthik/git/Thavare_daily/apiservices/target/classes started by karthik in /home/karthik/git/Thavare_daily/apiservices)
2020-05-01 18:55:51,828 DEBUG org.springframework.boot.StartupInfoLogger [restartedMain] Running with Spring Boot v2.2.5.RELEASE, Spring v5.2.4.RELEASE
2020-05-01 18:55:51,828 INFO org.springframework.boot.SpringApplication [restartedMain] No active profile set, falling back to default profiles: default
2020-05-01 18:55:59,726 INFO org.springframework.boot.StartupInfoLogger [restartedMain] Started ApiservicesApplication in 7.995 seconds (JVM running for 500.328)
2020-05-01 18:59:01,128 INFO org.springframework.boot.StartupInfoLogger [restartedMain] Starting ApiservicesApplication on karthik-HP-Notebook with PID 10074 (/home/karthik/git/Thavare_daily/apiservices/target/classes started by karthik in /home/karthik/git/Thavare_daily/apiservices)
2020-05-01 18:59:01,129 DEBUG org.springframework.boot.StartupInfoLogger [restartedMain] Running with Spring Boot v2.2.5.RELEASE, Spring v5.2.4.RELEASE
2020-05-01 18:59:01,129 INFO org.springframework.boot.SpringApplication [restartedMain] No active profile set, falling back to default profiles: default
2020-05-01 18:59:08,407 INFO org.springframework.boot.StartupInfoLogger [restartedMain] Started ApiservicesApplication in 7.37 seconds (JVM running for 689.008)
2020-05-01 19:15:37,195 INFO org.springframework.boot.StartupInfoLogger [restartedMain] Starting ApiservicesApplication on karthik-HP-Notebook with PID 11588 (/home/karthik/git/Thavare_daily/apiservices/target/classes started by karthik in /home/karthik/git/Thavare_daily/apiservices)
2020-05-01 19:15:37,204 DEBUG org.springframework.boot.StartupInfoLogger [restartedMain] Running with Spring Boot v2.2.5.RELEASE, Spring v5.2.4.RELEASE
2020-05-01 19:15:37,208 INFO org.springframework.boot.SpringApplication [restartedMain] No active profile set, falling back to default profiles: default
2020-05-01 19:15:54,699 INFO org.springframework.boot.StartupInfoLogger [restartedMain] Started ApiservicesApplication in 18.899 seconds (JVM running for 20.202)
2020-05-01 19:18:19,822 INFO org.springframework.boot.StartupInfoLogger [restartedMain] Starting ApiservicesApplication on karthik-HP-Notebook with PID 11588 (/home/karthik/git/Thavare_daily/apiservices/target/classes started by karthik in /home/karthik/git/Thavare_daily/apiservices)
2020-05-01 19:18:19,823 DEBUG org.springframework.boot.StartupInfoLogger [restartedMain] Running with Spring Boot v2.2.5.RELEASE, Spring v5.2.4.RELEASE
2020-05-01 19:18:19,823 INFO org.springframework.boot.SpringApplication [restartedMain] No active profile set, falling back to default profiles: default
2020-05-01 19:18:26,187 INFO org.springframework.boot.StartupInfoLogger [restartedMain] Started ApiservicesApplication in 6.427 seconds (JVM running for 171.691)
2020-05-01 19:19:26,129 INFO org.springframework.boot.StartupInfoLogger [restartedMain] Starting ApiservicesApplication on karthik-HP-Notebook with PID 11588 (/home/karthik/git/Thavare_daily/apiservices/target/classes started by karthik in /home/karthik/git/Thavare_daily/apiservices)
2020-05-01 19:19:26,137 DEBUG org.springframework.boot.StartupInfoLogger [restartedMain] Running with Spring Boot v2.2.5.RELEASE, Spring v5.2.4.RELEASE
2020-05-01 19:19:26,138 INFO org.springframework.boot.SpringApplication [restartedMain] No active profile set, falling back to default profiles: default
2020-05-01 19:19:33,019 INFO org.springframework.boot.StartupInfoLogger [restartedMain] Started ApiservicesApplication in 6.994 seconds (JVM running for 238.523)
2020-05-01 19:19:54,661 INFO org.springframework.boot.StartupInfoLogger [restartedMain] Starting ApiservicesApplication on karthik-HP-Notebook with PID 11588 (/home/karthik/git/Thavare_daily/apiservices/target/classes started by karthik in /home/karthik/git/Thavare_daily/apiservices)
2020-05-01 19:19:54,662 DEBUG org.springframework.boot.StartupInfoLogger [restartedMain] Running with Spring Boot v2.2.5.RELEASE, Spring v5.2.4.RELEASE
2020-05-01 19:19:54,663 INFO org.springframework.boot.SpringApplication [restartedMain] No active profile set, falling back to default profiles: default
2020-05-01 19:20:01,040 INFO org.springframework.boot.StartupInfoLogger [restartedMain] Started ApiservicesApplication in 6.432 seconds (JVM running for 266.544)
2020-05-01 19:20:35,772 INFO org.springframework.boot.StartupInfoLogger [restartedMain] Starting ApiservicesApplication on karthik-HP-Notebook with PID 11588 (/home/karthik/git/Thavare_daily/apiservices/target/classes started by karthik in /home/karthik/git/Thavare_daily/apiservices)
2020-05-01 19:20:35,773 DEBUG org.springframework.boot.StartupInfoLogger [restartedMain] Running with Spring Boot v2.2.5.RELEASE, Spring v5.2.4.RELEASE
2020-05-01 19:20:35,780 INFO org.springframework.boot.SpringApplication [restartedMain] No active profile set, falling back to default profiles: default
2020-05-01 19:20:41,832 INFO org.springframework.boot.StartupInfoLogger [restartedMain] Started ApiservicesApplication in 6.116 seconds (JVM running for 307.335)
2020-05-01 19:21:19,860 INFO org.springframework.boot.StartupInfoLogger [restartedMain] Starting ApiservicesApplication on karthik-HP-Notebook with PID 11588 (/home/karthik/git/Thavare_daily/apiservices/target/classes started by karthik in /home/karthik/git/Thavare_daily/apiservices)
2020-05-01 19:21:19,861 DEBUG org.springframework.boot.StartupInfoLogger [restartedMain] Running with Spring Boot v2.2.5.RELEASE, Spring v5.2.4.RELEASE
2020-05-01 19:21:19,861 INFO org.springframework.boot.SpringApplication [restartedMain] No active profile set, falling back to default profiles: default
2020-05-01 19:26:46,493 INFO org.springframework.boot.StartupInfoLogger [restartedMain] Starting ApiservicesApplication on karthik-HP-Notebook with PID 12591 (/home/karthik/git/Thavare_daily/apiservices/target/classes started by karthik in /home/karthik/git/Thavare_daily/apiservices)
2020-05-01 19:26:46,515 DEBUG org.springframework.boot.StartupInfoLogger [restartedMain] Running with Spring Boot v2.2.5.RELEASE, Spring v5.2.4.RELEASE
2020-05-01 19:26:46,517 INFO org.springframework.boot.SpringApplication [restartedMain] No active profile set, falling back to default profiles: default
2020-05-01 19:27:01,787 INFO org.springframework.boot.StartupInfoLogger [restartedMain] Started ApiservicesApplication in 17.366 seconds (JVM running for 19.52)
2020-05-01 19:29:02,911 INFO org.springframework.boot.StartupInfoLogger [restartedMain] Starting ApiservicesApplication on karthik-HP-Notebook with PID 12591 (/home/karthik/git/Thavare_daily/apiservices/target/classes started by karthik in /home/karthik/git/Thavare_daily/apiservices)
2020-05-01 19:29:02,911 DEBUG org.springframework.boot.StartupInfoLogger [restartedMain] Running with Spring Boot v2.2.5.RELEASE, Spring v5.2.4.RELEASE
2020-05-01 19:29:02,912 INFO org.springframework.boot.SpringApplication [restartedMain] No active profile set, falling back to default profiles: default
2020-05-01 19:29:10,270 INFO org.springframework.boot.StartupInfoLogger [restartedMain] Started ApiservicesApplication in 7.462 seconds (JVM running for 148.004)
2020-05-01 19:31:58,440 ERROR org.springframework.web.servlet.HandlerExecutionChain [http-nio-8080-exec-3] HandlerInterceptor.afterCompletion threw exception
java.lang.NullPointerException: null
	at org.springframework.boot.actuate.metrics.web.servlet.LongTaskTimingHandlerInterceptor.stopLongTaskTimers(LongTaskTimingHandlerInterceptor.java:123)
	at org.springframework.boot.actuate.metrics.web.servlet.LongTaskTimingHandlerInterceptor.afterCompletion(LongTaskTimingHandlerInterceptor.java:79)
	at org.springframework.web.servlet.HandlerExecutionChain.triggerAfterCompletion(HandlerExecutionChain.java:179)
	at org.springframework.web.servlet.DispatcherServlet.triggerAfterCompletion(DispatcherServlet.java:1427)
	at org.springframework.web.servlet.DispatcherServlet.doDispatch(DispatcherServlet.java:1060)
	at org.springframework.web.servlet.DispatcherServlet.doService(DispatcherServlet.java:943)
	at org.springframework.web.servlet.FrameworkServlet.processRequest(FrameworkServlet.java:1006)
	at org.springframework.web.servlet.FrameworkServlet.doGet(FrameworkServlet.java:898)
	at javax.servlet.http.HttpServlet.service(HttpServlet.java:634)
	at org.springframework.web.servlet.FrameworkServlet.service(FrameworkServlet.java:883)
	at javax.servlet.http.HttpServlet.service(HttpServlet.java:741)
	at org.apache.catalina.core.ApplicationFilterChain.internalDoFilter(ApplicationFilterChain.java:231)
	at org.apache.catalina.core.ApplicationFilterChain.doFilter(ApplicationFilterChain.java:166)
	at org.apache.tomcat.websocket.server.WsFilter.doFilter(WsFilter.java:53)
	at org.apache.catalina.core.ApplicationFilterChain.internalDoFilter(ApplicationFilterChain.java:193)
	at org.apache.catalina.core.ApplicationFilterChain.doFilter(ApplicationFilterChain.java:166)
	at org.springframework.web.filter.RequestContextFilter.doFilterInternal(RequestContextFilter.java:100)
	at org.springframework.web.filter.OncePerRequestFilter.doFilter(OncePerRequestFilter.java:119)
	at org.apache.catalina.core.ApplicationFilterChain.internalDoFilter(ApplicationFilterChain.java:193)
	at org.apache.catalina.core.ApplicationFilterChain.doFilter(ApplicationFilterChain.java:166)
	at org.springframework.web.filter.FormContentFilter.doFilterInternal(FormContentFilter.java:93)
	at org.springframework.web.filter.OncePerRequestFilter.doFilter(OncePerRequestFilter.java:119)
	at org.apache.catalina.core.ApplicationFilterChain.internalDoFilter(ApplicationFilterChain.java:193)
	at org.apache.catalina.core.ApplicationFilterChain.doFilter(ApplicationFilterChain.java:166)
	at org.springframework.boot.actuate.metrics.web.servlet.WebMvcMetricsFilter.doFilterInternal(WebMvcMetricsFilter.java:109)
	at org.springframework.web.filter.OncePerRequestFilter.doFilter(OncePerRequestFilter.java:119)
	at org.apache.catalina.core.ApplicationFilterChain.internalDoFilter(ApplicationFilterChain.java:193)
	at org.apache.catalina.core.ApplicationFilterChain.doFilter(ApplicationFilterChain.java:166)
	at org.springframework.web.filter.CharacterEncodingFilter.doFilterInternal(CharacterEncodingFilter.java:201)
	at org.springframework.web.filter.OncePerRequestFilter.doFilter(OncePerRequestFilter.java:119)
	at org.apache.catalina.core.ApplicationFilterChain.internalDoFilter(ApplicationFilterChain.java:193)
	at org.apache.catalina.core.ApplicationFilterChain.doFilter(ApplicationFilterChain.java:166)
	at org.apache.catalina.core.StandardWrapperValve.invoke(StandardWrapperValve.java:202)
	at org.apache.catalina.core.StandardContextValve.invoke(StandardContextValve.java:96)
	at org.apache.catalina.authenticator.AuthenticatorBase.invoke(AuthenticatorBase.java:541)
	at org.apache.catalina.core.StandardHostValve.invoke(StandardHostValve.java:139)
	at org.apache.catalina.valves.ErrorReportValve.invoke(ErrorReportValve.java:92)
	at org.apache.catalina.core.StandardEngineValve.invoke(StandardEngineValve.java:74)
	at org.apache.catalina.connector.CoyoteAdapter.service(CoyoteAdapter.java:343)
	at org.apache.coyote.http11.Http11Processor.service(Http11Processor.java:367)
	at org.apache.coyote.AbstractProcessorLight.process(AbstractProcessorLight.java:65)
	at org.apache.coyote.AbstractProtocol$ConnectionHandler.process(AbstractProtocol.java:868)
	at org.apache.tomcat.util.net.NioEndpoint$SocketProcessor.doRun(NioEndpoint.java:1639)
	at org.apache.tomcat.util.net.SocketProcessorBase.run(SocketProcessorBase.java:49)
	at java.base/java.util.concurrent.ThreadPoolExecutor.runWorker(ThreadPoolExecutor.java:1128)
	at java.base/java.util.concurrent.ThreadPoolExecutor$Worker.run(ThreadPoolExecutor.java:628)
	at org.apache.tomcat.util.threads.TaskThread$WrappingRunnable.run(TaskThread.java:61)
	at java.base/java.lang.Thread.run(Thread.java:834)
2020-05-01 19:31:58,769 INFO org.springframework.boot.StartupInfoLogger [restartedMain] Starting ApiservicesApplication on karthik-HP-Notebook with PID 12591 (/home/karthik/git/Thavare_daily/apiservices/target/classes started by karthik in /home/karthik/git/Thavare_daily/apiservices)
2020-05-01 19:31:58,770 DEBUG org.springframework.boot.StartupInfoLogger [restartedMain] Running with Spring Boot v2.2.5.RELEASE, Spring v5.2.4.RELEASE
2020-05-01 19:31:58,771 INFO org.springframework.boot.SpringApplication [restartedMain] No active profile set, falling back to default profiles: default
2020-05-01 19:32:05,572 INFO org.springframework.boot.StartupInfoLogger [restartedMain] Started ApiservicesApplication in 6.903 seconds (JVM running for 323.305)
