2020-06-27 22:06:32,208 INFO org.springframework.boot.StartupInfoLogger [restartedMain] Starting ApiservicesApplication on karthik-HP-Notebook with PID 8866 (/home/karthik/git/Thavare_daily/apiservices/target/classes started by karthik in /home/karthik/git/Thavare_daily/apiservices)
2020-06-27 22:06:32,233 DEBUG org.springframework.boot.StartupInfoLogger [restartedMain] Running with Spring Boot v2.2.5.RELEASE, Spring v5.2.4.RELEASE
2020-06-27 22:06:32,234 INFO org.springframework.boot.SpringApplication [restartedMain] The following profiles are active: dev
2020-06-27 22:06:35,191 INFO org.springframework.data.repository.config.RepositoryConfigurationDelegate [restartedMain] Bootstrapping Spring Data MongoDB repositories in DEFAULT mode.
2020-06-27 22:06:35,224 DEBUG org.springframework.data.repository.config.RepositoryConfigurationDelegate [restartedMain] Scanning for MongoDB repositories in packages com.initializers.services.apiservices.
2020-06-27 22:06:35,257 DEBUG org.springframework.context.annotation.ClassPathScanningCandidateComponentProvider [restartedMain] Identified candidate component class: file [/home/karthik/git/Thavare_daily/apiservices/target/classes/com/initializers/services/apiservices/repo/AddressRepo.class]
2020-06-27 22:06:35,265 DEBUG org.springframework.context.annotation.ClassPathScanningCandidateComponentProvider [restartedMain] Identified candidate component class: file [/home/karthik/git/Thavare_daily/apiservices/target/classes/com/initializers/services/apiservices/repo/ItemAvailabilityRepo.class]
2020-06-27 22:06:35,266 DEBUG org.springframework.context.annotation.ClassPathScanningCandidateComponentProvider [restartedMain] Identified candidate component class: file [/home/karthik/git/Thavare_daily/apiservices/target/classes/com/initializers/services/apiservices/repo/ItemCategoryRepo.class]
2020-06-27 22:06:35,267 DEBUG org.springframework.context.annotation.ClassPathScanningCandidateComponentProvider [restartedMain] Identified candidate component class: file [/home/karthik/git/Thavare_daily/apiservices/target/classes/com/initializers/services/apiservices/repo/ItemDetailsRepo.class]
2020-06-27 22:06:35,268 DEBUG org.springframework.context.annotation.ClassPathScanningCandidateComponentProvider [restartedMain] Identified candidate component class: file [/home/karthik/git/Thavare_daily/apiservices/target/classes/com/initializers/services/apiservices/repo/ItemSubCategoryRepo.class]
2020-06-27 22:06:35,268 DEBUG org.springframework.context.annotation.ClassPathScanningCandidateComponentProvider [restartedMain] Identified candidate component class: file [/home/karthik/git/Thavare_daily/apiservices/target/classes/com/initializers/services/apiservices/repo/OfferConfigurationDBRepo.class]
2020-06-27 22:06:35,269 DEBUG org.springframework.context.annotation.ClassPathScanningCandidateComponentProvider [restartedMain] Identified candidate component class: file [/home/karthik/git/Thavare_daily/apiservices/target/classes/com/initializers/services/apiservices/repo/OfferRepo.class]
2020-06-27 22:06:35,270 DEBUG org.springframework.context.annotation.ClassPathScanningCandidateComponentProvider [restartedMain] Identified candidate component class: file [/home/karthik/git/Thavare_daily/apiservices/target/classes/com/initializers/services/apiservices/repo/TopDealsRepo.class]
2020-06-27 22:06:35,270 DEBUG org.springframework.context.annotation.ClassPathScanningCandidateComponentProvider [restartedMain] Identified candidate component class: file [/home/karthik/git/Thavare_daily/apiservices/target/classes/com/initializers/services/apiservices/repo/TransientUserDetailsRepo.class]
2020-06-27 22:06:35,271 DEBUG org.springframework.context.annotation.ClassPathScanningCandidateComponentProvider [restartedMain] Identified candidate component class: file [/home/karthik/git/Thavare_daily/apiservices/target/classes/com/initializers/services/apiservices/repo/UserCartRepo.class]
2020-06-27 22:06:35,271 DEBUG org.springframework.context.annotation.ClassPathScanningCandidateComponentProvider [restartedMain] Identified candidate component class: file [/home/karthik/git/Thavare_daily/apiservices/target/classes/com/initializers/services/apiservices/repo/UserDetailsRepo.class]
2020-06-27 22:06:35,272 DEBUG org.springframework.context.annotation.ClassPathScanningCandidateComponentProvider [restartedMain] Identified candidate component class: file [/home/karthik/git/Thavare_daily/apiservices/target/classes/com/initializers/services/apiservices/repo/UserOTPRepo.class]
2020-06-27 22:06:35,273 DEBUG org.springframework.context.annotation.ClassPathScanningCandidateComponentProvider [restartedMain] Identified candidate component class: file [/home/karthik/git/Thavare_daily/apiservices/target/classes/com/initializers/services/apiservices/repo/UserOrderSetRepo.class]
2020-06-27 22:06:35,274 DEBUG org.springframework.context.annotation.ClassPathScanningCandidateComponentProvider [restartedMain] Identified candidate component class: file [/home/karthik/git/Thavare_daily/apiservices/target/classes/com/initializers/services/apiservices/repo/UserReviewRepo.class]
2020-06-27 22:06:35,274 DEBUG org.springframework.context.annotation.ClassPathScanningCandidateComponentProvider [restartedMain] Identified candidate component class: file [/home/karthik/git/Thavare_daily/apiservices/target/classes/com/initializers/services/apiservices/repo/UserWishlistRepo.class]
2020-06-27 22:06:35,646 INFO org.springframework.data.repository.config.RepositoryConfigurationDelegate [restartedMain] Finished Spring Data repository scanning in 420ms. Found 15 MongoDB repository interfaces.
2020-06-27 22:06:40,231 DEBUG org.springframework.data.convert.CustomConversions [restartedMain] Registering converter from class java.time.LocalDateTime to class java.time.Instant as reading converter although it doesn't convert from a store-supported type! You might want to check your annotation setup at the converter implementation.
2020-06-27 22:06:40,232 DEBUG org.springframework.data.convert.CustomConversions [restartedMain] Registering converter from class java.time.Instant to class java.time.LocalDateTime as reading converter although it doesn't convert from a store-supported type! You might want to check your annotation setup at the converter implementation.
2020-06-27 22:06:40,590 DEBUG org.springframework.data.convert.CustomConversions [restartedMain] Registering converter from class java.time.LocalDateTime to class java.time.Instant as reading converter although it doesn't convert from a store-supported type! You might want to check your annotation setup at the converter implementation.
2020-06-27 22:06:40,592 DEBUG org.springframework.data.convert.CustomConversions [restartedMain] Registering converter from class java.time.Instant to class java.time.LocalDateTime as reading converter although it doesn't convert from a store-supported type! You might want to check your annotation setup at the converter implementation.
2020-06-27 22:06:40,743 DEBUG org.springframework.data.mongodb.core.index.MongoPersistentEntityIndexCreator [restartedMain] Analyzing class class com.initializers.services.apiservices.model.UserOTP for index information.
2020-06-27 22:06:40,761 DEBUG org.springframework.data.mongodb.core.index.MongoPersistentEntityIndexCreator [restartedMain] Analyzing class class com.initializers.services.apiservices.model.Address for index information.
2020-06-27 22:06:40,770 DEBUG org.springframework.data.mongodb.core.index.MongoPersistentEntityIndexCreator [restartedMain] Analyzing class class com.initializers.services.apiservices.model.item.ItemAvailability for index information.
2020-06-27 22:06:40,773 DEBUG org.springframework.data.mongodb.core.index.MongoPersistentEntityIndexCreator [restartedMain] Analyzing class class com.initializers.services.apiservices.model.DatabaseSequence for index information.
2020-06-27 22:06:40,774 DEBUG org.springframework.data.mongodb.core.index.MongoPersistentEntityIndexCreator [restartedMain] Analyzing class class com.initializers.services.apiservices.model.item.ItemDetails for index information.
2020-06-27 22:06:40,778 DEBUG org.springframework.data.mongodb.core.index.MongoPersistentEntityIndexCreator [restartedMain] Analyzing class class com.initializers.services.apiservices.model.UserCart$CompositeKey for index information.
2020-06-27 22:06:40,778 DEBUG org.springframework.data.mongodb.core.index.MongoPersistentEntityIndexCreator [restartedMain] Analyzing class class com.initializers.services.apiservices.model.UserCart for index information.
2020-06-27 22:06:40,780 DEBUG org.springframework.data.mongodb.core.index.MongoPersistentEntityIndexCreator [restartedMain] Analyzing class class com.initializers.services.apiservices.model.TopDeals for index information.
2020-06-27 22:06:40,781 DEBUG org.springframework.data.mongodb.core.index.MongoPersistentEntityIndexCreator [restartedMain] Analyzing class class com.initializers.services.apiservices.model.OfferConfigurationDB for index information.
2020-06-27 22:06:40,784 DEBUG org.springframework.data.mongodb.core.index.MongoPersistentEntityIndexCreator [restartedMain] Analyzing class class com.initializers.services.apiservices.model.item.ItemCategory for index information.
2020-06-27 22:06:40,786 DEBUG org.springframework.data.mongodb.core.index.MongoPersistentEntityIndexCreator [restartedMain] Analyzing class class com.initializers.services.apiservices.model.UserOrder for index information.
2020-06-27 22:06:40,789 DEBUG org.springframework.data.mongodb.core.index.MongoPersistentEntityIndexCreator [restartedMain] Analyzing class class com.initializers.services.apiservices.model.UserOrderSet for index information.
2020-06-27 22:06:40,823 DEBUG org.springframework.data.mongodb.core.index.MongoPersistentEntityIndexCreator [restartedMain] Analyzing class class com.initializers.services.apiservices.model.OrderStatus for index information.
2020-06-27 22:06:40,824 DEBUG org.springframework.data.mongodb.core.index.MongoPersistentEntityIndexCreator [restartedMain] Analyzing class class com.initializers.services.apiservices.model.item.ItemSubCategory for index information.
2020-06-27 22:06:40,827 DEBUG org.springframework.data.mongodb.core.index.MongoPersistentEntityIndexCreator [restartedMain] Analyzing class class com.initializers.services.apiservices.model.UserReview for index information.
2020-06-27 22:06:40,829 DEBUG org.springframework.data.mongodb.core.index.MongoPersistentEntityIndexCreator [restartedMain] Analyzing class class com.initializers.services.apiservices.model.UserDetails for index information.
2020-06-27 22:06:40,831 DEBUG org.springframework.data.mongodb.core.index.MongoPersistentEntityIndexCreator [restartedMain] Analyzing class class com.initializers.services.apiservices.model.Offer for index information.
2020-06-27 22:06:40,832 DEBUG org.springframework.data.mongodb.core.index.MongoPersistentEntityIndexCreator [restartedMain] Analyzing class class com.initializers.services.apiservices.model.UserWishlist for index information.
2020-06-27 22:06:40,834 DEBUG org.springframework.data.mongodb.core.index.MongoPersistentEntityIndexCreator [restartedMain] Analyzing class class com.initializers.services.apiservices.model.UserReview$CompositeKey for index information.
2020-06-27 22:06:40,834 DEBUG org.springframework.data.mongodb.core.index.MongoPersistentEntityIndexCreator [restartedMain] Analyzing class class com.initializers.services.apiservices.model.TransientUserDetails for index information.
2020-06-27 22:06:40,835 DEBUG org.springframework.data.mongodb.core.index.MongoPersistentEntityIndexCreator [restartedMain] Analyzing class class com.initializers.services.apiservices.model.item.ItemDescription for index information.
2020-06-27 22:06:55,943 DEBUG org.springframework.data.repository.core.support.RepositoryFactorySupport [restartedMain] Initializing repository instance for com.initializers.services.apiservices.repo.ItemCategoryRepo…
2020-06-27 22:06:56,137 DEBUG org.springframework.data.repository.core.support.RepositoryFactorySupport [restartedMain] Finished creation of repository instance for com.initializers.services.apiservices.repo.ItemCategoryRepo.
2020-06-27 22:06:56,186 DEBUG org.springframework.data.repository.core.support.RepositoryFactorySupport [restartedMain] Initializing repository instance for com.initializers.services.apiservices.repo.ItemSubCategoryRepo…
2020-06-27 22:06:56,243 DEBUG org.springframework.data.repository.core.support.RepositoryFactorySupport [restartedMain] Finished creation of repository instance for com.initializers.services.apiservices.repo.ItemSubCategoryRepo.
2020-06-27 22:06:56,282 DEBUG org.springframework.data.repository.core.support.RepositoryFactorySupport [restartedMain] Initializing repository instance for com.initializers.services.apiservices.repo.ItemDetailsRepo…
2020-06-27 22:06:56,306 DEBUG org.springframework.data.repository.core.support.RepositoryFactorySupport [restartedMain] Finished creation of repository instance for com.initializers.services.apiservices.repo.ItemDetailsRepo.
2020-06-27 22:06:56,323 DEBUG org.springframework.data.repository.core.support.RepositoryFactorySupport [restartedMain] Initializing repository instance for com.initializers.services.apiservices.repo.ItemAvailabilityRepo…
2020-06-27 22:06:56,351 DEBUG org.springframework.data.repository.core.support.RepositoryFactorySupport [restartedMain] Finished creation of repository instance for com.initializers.services.apiservices.repo.ItemAvailabilityRepo.
2020-06-27 22:06:56,392 DEBUG org.springframework.data.repository.core.support.RepositoryFactorySupport [restartedMain] Initializing repository instance for com.initializers.services.apiservices.repo.TopDealsRepo…
2020-06-27 22:06:56,403 DEBUG org.springframework.data.repository.core.support.RepositoryFactorySupport [restartedMain] Finished creation of repository instance for com.initializers.services.apiservices.repo.TopDealsRepo.
2020-06-27 22:06:56,436 DEBUG org.springframework.data.repository.core.support.RepositoryFactorySupport [restartedMain] Initializing repository instance for com.initializers.services.apiservices.repo.UserDetailsRepo…
2020-06-27 22:06:56,454 DEBUG org.springframework.data.repository.core.support.RepositoryFactorySupport [restartedMain] Finished creation of repository instance for com.initializers.services.apiservices.repo.UserDetailsRepo.
2020-06-27 22:06:56,471 DEBUG org.springframework.data.repository.core.support.RepositoryFactorySupport [restartedMain] Initializing repository instance for com.initializers.services.apiservices.repo.TransientUserDetailsRepo…
2020-06-27 22:06:56,518 DEBUG org.springframework.data.repository.core.support.RepositoryFactorySupport [restartedMain] Finished creation of repository instance for com.initializers.services.apiservices.repo.TransientUserDetailsRepo.
2020-06-27 22:06:56,566 DEBUG org.springframework.data.repository.core.support.RepositoryFactorySupport [restartedMain] Initializing repository instance for com.initializers.services.apiservices.repo.UserOTPRepo…
2020-06-27 22:06:56,595 DEBUG org.springframework.data.repository.core.support.RepositoryFactorySupport [restartedMain] Finished creation of repository instance for com.initializers.services.apiservices.repo.UserOTPRepo.
2020-06-27 22:06:56,659 DEBUG org.springframework.data.repository.core.support.RepositoryFactorySupport [restartedMain] Initializing repository instance for com.initializers.services.apiservices.repo.AddressRepo…
2020-06-27 22:06:56,679 DEBUG org.springframework.data.repository.core.support.RepositoryFactorySupport [restartedMain] Finished creation of repository instance for com.initializers.services.apiservices.repo.AddressRepo.
2020-06-27 22:06:56,696 DEBUG org.springframework.data.repository.core.support.RepositoryFactorySupport [restartedMain] Initializing repository instance for com.initializers.services.apiservices.repo.UserCartRepo…
2020-06-27 22:06:56,712 DEBUG org.springframework.data.repository.core.support.RepositoryFactorySupport [restartedMain] Finished creation of repository instance for com.initializers.services.apiservices.repo.UserCartRepo.
2020-06-27 22:06:56,729 DEBUG org.springframework.data.repository.core.support.RepositoryFactorySupport [restartedMain] Initializing repository instance for com.initializers.services.apiservices.repo.UserOrderSetRepo…
2020-06-27 22:06:56,749 DEBUG org.springframework.data.repository.core.support.RepositoryFactorySupport [restartedMain] Finished creation of repository instance for com.initializers.services.apiservices.repo.UserOrderSetRepo.
2020-06-27 22:06:56,768 DEBUG org.springframework.data.repository.core.support.RepositoryFactorySupport [restartedMain] Initializing repository instance for com.initializers.services.apiservices.repo.OfferConfigurationDBRepo…
2020-06-27 22:06:56,780 DEBUG org.springframework.data.repository.core.support.RepositoryFactorySupport [restartedMain] Finished creation of repository instance for com.initializers.services.apiservices.repo.OfferConfigurationDBRepo.
2020-06-27 22:06:56,821 DEBUG org.springframework.data.repository.core.support.RepositoryFactorySupport [restartedMain] Initializing repository instance for com.initializers.services.apiservices.repo.UserReviewRepo…
2020-06-27 22:06:56,839 DEBUG org.springframework.data.repository.core.support.RepositoryFactorySupport [restartedMain] Finished creation of repository instance for com.initializers.services.apiservices.repo.UserReviewRepo.
2020-06-27 22:06:56,862 DEBUG org.springframework.data.repository.core.support.RepositoryFactorySupport [restartedMain] Initializing repository instance for com.initializers.services.apiservices.repo.UserWishlistRepo…
2020-06-27 22:06:56,872 DEBUG org.springframework.data.repository.core.support.RepositoryFactorySupport [restartedMain] Finished creation of repository instance for com.initializers.services.apiservices.repo.UserWishlistRepo.
2020-06-27 22:06:57,166 INFO com.initializers.services.apiservices.others.ApplicationProperties [restartedMain] app running in dev environment
2020-06-27 22:06:57,169 WARN org.springframework.data.rest.webmvc.halbrowser.HalBrowser [restartedMain] ---
2020-06-27 22:06:57,170 WARN org.springframework.data.rest.webmvc.halbrowser.HalBrowser [restartedMain] Spring Data REST HAL Browser is deprecated! Prefer the HAL Explorer (artifactId: spring-data-rest-hal-explorer)!
2020-06-27 22:06:57,170 WARN org.springframework.data.rest.webmvc.halbrowser.HalBrowser [restartedMain] ---
2020-06-27 22:06:57,352 DEBUG org.springframework.data.repository.core.support.RepositoryFactorySupport [restartedMain] Initializing repository instance for com.initializers.services.apiservices.repo.OfferRepo…
2020-06-27 22:06:57,359 DEBUG org.springframework.data.repository.core.support.RepositoryFactorySupport [restartedMain] Finished creation of repository instance for com.initializers.services.apiservices.repo.OfferRepo.
2020-06-27 22:06:59,184 DEBUG org.springframework.web.servlet.mvc.method.annotation.RequestMappingHandlerAdapter [restartedMain] ControllerAdvice beans: 0 @ModelAttribute, 0 @InitBinder, 0 RequestBodyAdvice, 1 ResponseBodyAdvice
2020-06-27 22:06:59,213 DEBUG org.springframework.web.servlet.handler.AbstractHandlerMethodMapping [restartedMain] 27 mappings in <unknown>
2020-06-27 22:06:59,217 DEBUG org.springframework.web.servlet.handler.AbstractHandlerMethodMapping [restartedMain] 7 mappings in <unknown>
2020-06-27 22:06:59,549 INFO org.springframework.boot.StartupInfoLogger [restartedMain] Started ApiservicesApplication in 29.051 seconds (JVM running for 30.975)
2020-06-27 22:11:21,301 DEBUG org.springframework.data.mongodb.core.MongoTemplate [http-nio-8080-exec-2] Executing aggregation: [{ "$match" : { "_id" : "14"}}, { "$lookup" : { "from" : "item_sub_category", "localField" : "_id", "foreignField" : "categoryId", "as" : "departments"}}] in collection item_category
2020-06-27 22:19:52,110 INFO org.springframework.boot.StartupInfoLogger [restartedMain] Starting ApiservicesApplication on karthik-HP-Notebook with PID 8866 (/home/karthik/git/Thavare_daily/apiservices/target/classes started by karthik in /home/karthik/git/Thavare_daily/apiservices)
2020-06-27 22:19:52,111 DEBUG org.springframework.boot.StartupInfoLogger [restartedMain] Running with Spring Boot v2.2.5.RELEASE, Spring v5.2.4.RELEASE
2020-06-27 22:19:52,111 INFO org.springframework.boot.SpringApplication [restartedMain] The following profiles are active: dev
2020-06-27 22:19:53,535 INFO org.springframework.data.repository.config.RepositoryConfigurationDelegate [restartedMain] Bootstrapping Spring Data MongoDB repositories in DEFAULT mode.
2020-06-27 22:19:53,542 DEBUG org.springframework.data.repository.config.RepositoryConfigurationDelegate [restartedMain] Scanning for MongoDB repositories in packages com.initializers.services.apiservices.
2020-06-27 22:19:53,570 DEBUG org.springframework.context.annotation.ClassPathScanningCandidateComponentProvider [restartedMain] Identified candidate component class: file [/home/karthik/git/Thavare_daily/apiservices/target/classes/com/initializers/services/apiservices/repo/AddressRepo.class]
2020-06-27 22:19:53,570 DEBUG org.springframework.context.annotation.ClassPathScanningCandidateComponentProvider [restartedMain] Identified candidate component class: file [/home/karthik/git/Thavare_daily/apiservices/target/classes/com/initializers/services/apiservices/repo/ItemAvailabilityRepo.class]
2020-06-27 22:19:53,571 DEBUG org.springframework.context.annotation.ClassPathScanningCandidateComponentProvider [restartedMain] Identified candidate component class: file [/home/karthik/git/Thavare_daily/apiservices/target/classes/com/initializers/services/apiservices/repo/ItemCategoryRepo.class]
2020-06-27 22:19:53,573 DEBUG org.springframework.context.annotation.ClassPathScanningCandidateComponentProvider [restartedMain] Identified candidate component class: file [/home/karthik/git/Thavare_daily/apiservices/target/classes/com/initializers/services/apiservices/repo/ItemDetailsRepo.class]
2020-06-27 22:19:53,579 DEBUG org.springframework.context.annotation.ClassPathScanningCandidateComponentProvider [restartedMain] Identified candidate component class: file [/home/karthik/git/Thavare_daily/apiservices/target/classes/com/initializers/services/apiservices/repo/ItemSubCategoryRepo.class]
2020-06-27 22:19:53,580 DEBUG org.springframework.context.annotation.ClassPathScanningCandidateComponentProvider [restartedMain] Identified candidate component class: file [/home/karthik/git/Thavare_daily/apiservices/target/classes/com/initializers/services/apiservices/repo/OfferConfigurationDBRepo.class]
2020-06-27 22:19:53,580 DEBUG org.springframework.context.annotation.ClassPathScanningCandidateComponentProvider [restartedMain] Identified candidate component class: file [/home/karthik/git/Thavare_daily/apiservices/target/classes/com/initializers/services/apiservices/repo/OfferRepo.class]
2020-06-27 22:19:53,580 DEBUG org.springframework.context.annotation.ClassPathScanningCandidateComponentProvider [restartedMain] Identified candidate component class: file [/home/karthik/git/Thavare_daily/apiservices/target/classes/com/initializers/services/apiservices/repo/TopDealsRepo.class]
2020-06-27 22:19:53,581 DEBUG org.springframework.context.annotation.ClassPathScanningCandidateComponentProvider [restartedMain] Identified candidate component class: file [/home/karthik/git/Thavare_daily/apiservices/target/classes/com/initializers/services/apiservices/repo/TransientUserDetailsRepo.class]
2020-06-27 22:19:53,581 DEBUG org.springframework.context.annotation.ClassPathScanningCandidateComponentProvider [restartedMain] Identified candidate component class: file [/home/karthik/git/Thavare_daily/apiservices/target/classes/com/initializers/services/apiservices/repo/UserCartRepo.class]
2020-06-27 22:19:53,581 DEBUG org.springframework.context.annotation.ClassPathScanningCandidateComponentProvider [restartedMain] Identified candidate component class: file [/home/karthik/git/Thavare_daily/apiservices/target/classes/com/initializers/services/apiservices/repo/UserDetailsRepo.class]
2020-06-27 22:19:53,582 DEBUG org.springframework.context.annotation.ClassPathScanningCandidateComponentProvider [restartedMain] Identified candidate component class: file [/home/karthik/git/Thavare_daily/apiservices/target/classes/com/initializers/services/apiservices/repo/UserOTPRepo.class]
2020-06-27 22:19:53,583 DEBUG org.springframework.context.annotation.ClassPathScanningCandidateComponentProvider [restartedMain] Identified candidate component class: file [/home/karthik/git/Thavare_daily/apiservices/target/classes/com/initializers/services/apiservices/repo/UserOrderSetRepo.class]
2020-06-27 22:19:53,583 DEBUG org.springframework.context.annotation.ClassPathScanningCandidateComponentProvider [restartedMain] Identified candidate component class: file [/home/karthik/git/Thavare_daily/apiservices/target/classes/com/initializers/services/apiservices/repo/UserReviewRepo.class]
2020-06-27 22:19:53,584 DEBUG org.springframework.context.annotation.ClassPathScanningCandidateComponentProvider [restartedMain] Identified candidate component class: file [/home/karthik/git/Thavare_daily/apiservices/target/classes/com/initializers/services/apiservices/repo/UserWishlistRepo.class]
2020-06-27 22:19:53,698 INFO org.springframework.data.repository.config.RepositoryConfigurationDelegate [restartedMain] Finished Spring Data repository scanning in 152ms. Found 15 MongoDB repository interfaces.
2020-06-27 22:19:54,639 DEBUG org.springframework.data.convert.CustomConversions [restartedMain] Registering converter from class java.time.LocalDateTime to class java.time.Instant as reading converter although it doesn't convert from a store-supported type! You might want to check your annotation setup at the converter implementation.
2020-06-27 22:19:54,640 DEBUG org.springframework.data.convert.CustomConversions [restartedMain] Registering converter from class java.time.Instant to class java.time.LocalDateTime as reading converter although it doesn't convert from a store-supported type! You might want to check your annotation setup at the converter implementation.
2020-06-27 22:19:54,849 DEBUG org.springframework.data.convert.CustomConversions [restartedMain] Registering converter from class java.time.LocalDateTime to class java.time.Instant as reading converter although it doesn't convert from a store-supported type! You might want to check your annotation setup at the converter implementation.
2020-06-27 22:19:54,851 DEBUG org.springframework.data.convert.CustomConversions [restartedMain] Registering converter from class java.time.Instant to class java.time.LocalDateTime as reading converter although it doesn't convert from a store-supported type! You might want to check your annotation setup at the converter implementation.
2020-06-27 22:19:54,858 DEBUG org.springframework.data.mongodb.core.index.MongoPersistentEntityIndexCreator [restartedMain] Analyzing class class com.initializers.services.apiservices.model.UserDetails for index information.
2020-06-27 22:19:54,859 DEBUG org.springframework.data.mongodb.core.index.MongoPersistentEntityIndexCreator [restartedMain] Analyzing class class com.initializers.services.apiservices.model.Offer for index information.
2020-06-27 22:19:54,859 DEBUG org.springframework.data.mongodb.core.index.MongoPersistentEntityIndexCreator [restartedMain] Analyzing class class com.initializers.services.apiservices.model.UserReview$CompositeKey for index information.
2020-06-27 22:19:54,859 DEBUG org.springframework.data.mongodb.core.index.MongoPersistentEntityIndexCreator [restartedMain] Analyzing class class com.initializers.services.apiservices.model.OfferConfigurationDB for index information.
2020-06-27 22:19:54,860 DEBUG org.springframework.data.mongodb.core.index.MongoPersistentEntityIndexCreator [restartedMain] Analyzing class class com.initializers.services.apiservices.model.DatabaseSequence for index information.
2020-06-27 22:19:54,862 DEBUG org.springframework.data.mongodb.core.index.MongoPersistentEntityIndexCreator [restartedMain] Analyzing class class com.initializers.services.apiservices.model.OrderStatus for index information.
2020-06-27 22:19:54,863 DEBUG org.springframework.data.mongodb.core.index.MongoPersistentEntityIndexCreator [restartedMain] Analyzing class class com.initializers.services.apiservices.model.UserCart for index information.
2020-06-27 22:19:54,864 DEBUG org.springframework.data.mongodb.core.index.MongoPersistentEntityIndexCreator [restartedMain] Analyzing class class com.initializers.services.apiservices.model.item.ItemCategory for index information.
2020-06-27 22:19:54,865 DEBUG org.springframework.data.mongodb.core.index.MongoPersistentEntityIndexCreator [restartedMain] Analyzing class class com.initializers.services.apiservices.model.UserOrder for index information.
2020-06-27 22:19:54,865 DEBUG org.springframework.data.mongodb.core.index.MongoPersistentEntityIndexCreator [restartedMain] Analyzing class class com.initializers.services.apiservices.model.TransientUserDetails for index information.
2020-06-27 22:19:54,866 DEBUG org.springframework.data.mongodb.core.index.MongoPersistentEntityIndexCreator [restartedMain] Analyzing class class com.initializers.services.apiservices.model.UserWishlist for index information.
2020-06-27 22:19:54,867 DEBUG org.springframework.data.mongodb.core.index.MongoPersistentEntityIndexCreator [restartedMain] Analyzing class class com.initializers.services.apiservices.model.UserOrderSet for index information.
2020-06-27 22:19:54,868 DEBUG org.springframework.data.mongodb.core.index.MongoPersistentEntityIndexCreator [restartedMain] Analyzing class class com.initializers.services.apiservices.model.item.ItemDetails for index information.
2020-06-27 22:19:54,872 DEBUG org.springframework.data.mongodb.core.index.MongoPersistentEntityIndexCreator [restartedMain] Analyzing class class com.initializers.services.apiservices.model.UserOTP for index information.
2020-06-27 22:19:54,873 DEBUG org.springframework.data.mongodb.core.index.MongoPersistentEntityIndexCreator [restartedMain] Analyzing class class com.initializers.services.apiservices.model.Address for index information.
2020-06-27 22:19:54,874 DEBUG org.springframework.data.mongodb.core.index.MongoPersistentEntityIndexCreator [restartedMain] Analyzing class class com.initializers.services.apiservices.model.item.ItemAvailability for index information.
2020-06-27 22:19:54,875 DEBUG org.springframework.data.mongodb.core.index.MongoPersistentEntityIndexCreator [restartedMain] Analyzing class class com.initializers.services.apiservices.model.TopDeals for index information.
2020-06-27 22:19:54,876 DEBUG org.springframework.data.mongodb.core.index.MongoPersistentEntityIndexCreator [restartedMain] Analyzing class class com.initializers.services.apiservices.model.UserCart$CompositeKey for index information.
2020-06-27 22:19:54,877 DEBUG org.springframework.data.mongodb.core.index.MongoPersistentEntityIndexCreator [restartedMain] Analyzing class class com.initializers.services.apiservices.model.UserReview for index information.
2020-06-27 22:19:54,878 DEBUG org.springframework.data.mongodb.core.index.MongoPersistentEntityIndexCreator [restartedMain] Analyzing class class com.initializers.services.apiservices.model.item.ItemDescription for index information.
2020-06-27 22:19:54,879 DEBUG org.springframework.data.mongodb.core.index.MongoPersistentEntityIndexCreator [restartedMain] Analyzing class class com.initializers.services.apiservices.model.item.ItemSubCategory for index information.
2020-06-27 22:20:16,076 DEBUG org.springframework.data.repository.core.support.RepositoryFactorySupport [restartedMain] Initializing repository instance for com.initializers.services.apiservices.repo.ItemCategoryRepo…
2020-06-27 22:20:16,089 DEBUG org.springframework.data.repository.core.support.RepositoryFactorySupport [restartedMain] Finished creation of repository instance for com.initializers.services.apiservices.repo.ItemCategoryRepo.
2020-06-27 22:20:16,103 DEBUG org.springframework.data.repository.core.support.RepositoryFactorySupport [restartedMain] Initializing repository instance for com.initializers.services.apiservices.repo.ItemSubCategoryRepo…
2020-06-27 22:20:16,112 DEBUG org.springframework.data.repository.core.support.RepositoryFactorySupport [restartedMain] Finished creation of repository instance for com.initializers.services.apiservices.repo.ItemSubCategoryRepo.
2020-06-27 22:20:16,125 DEBUG org.springframework.data.repository.core.support.RepositoryFactorySupport [restartedMain] Initializing repository instance for com.initializers.services.apiservices.repo.ItemDetailsRepo…
2020-06-27 22:20:16,142 DEBUG org.springframework.data.repository.core.support.RepositoryFactorySupport [restartedMain] Finished creation of repository instance for com.initializers.services.apiservices.repo.ItemDetailsRepo.
2020-06-27 22:20:16,153 DEBUG org.springframework.data.repository.core.support.RepositoryFactorySupport [restartedMain] Initializing repository instance for com.initializers.services.apiservices.repo.ItemAvailabilityRepo…
2020-06-27 22:20:16,166 DEBUG org.springframework.data.repository.core.support.RepositoryFactorySupport [restartedMain] Finished creation of repository instance for com.initializers.services.apiservices.repo.ItemAvailabilityRepo.
2020-06-27 22:20:16,200 DEBUG org.springframework.data.repository.core.support.RepositoryFactorySupport [restartedMain] Initializing repository instance for com.initializers.services.apiservices.repo.TopDealsRepo…
2020-06-27 22:20:16,206 DEBUG org.springframework.data.repository.core.support.RepositoryFactorySupport [restartedMain] Finished creation of repository instance for com.initializers.services.apiservices.repo.TopDealsRepo.
2020-06-27 22:20:16,222 DEBUG org.springframework.data.repository.core.support.RepositoryFactorySupport [restartedMain] Initializing repository instance for com.initializers.services.apiservices.repo.UserDetailsRepo…
2020-06-27 22:20:16,235 DEBUG org.springframework.data.repository.core.support.RepositoryFactorySupport [restartedMain] Finished creation of repository instance for com.initializers.services.apiservices.repo.UserDetailsRepo.
2020-06-27 22:20:16,253 DEBUG org.springframework.data.repository.core.support.RepositoryFactorySupport [restartedMain] Initializing repository instance for com.initializers.services.apiservices.repo.TransientUserDetailsRepo…
2020-06-27 22:20:16,260 DEBUG org.springframework.data.repository.core.support.RepositoryFactorySupport [restartedMain] Finished creation of repository instance for com.initializers.services.apiservices.repo.TransientUserDetailsRepo.
2020-06-27 22:20:16,273 DEBUG org.springframework.data.repository.core.support.RepositoryFactorySupport [restartedMain] Initializing repository instance for com.initializers.services.apiservices.repo.UserOTPRepo…
2020-06-27 22:20:16,284 DEBUG org.springframework.data.repository.core.support.RepositoryFactorySupport [restartedMain] Finished creation of repository instance for com.initializers.services.apiservices.repo.UserOTPRepo.
2020-06-27 22:20:16,316 DEBUG org.springframework.data.repository.core.support.RepositoryFactorySupport [restartedMain] Initializing repository instance for com.initializers.services.apiservices.repo.AddressRepo…
2020-06-27 22:20:16,327 DEBUG org.springframework.data.repository.core.support.RepositoryFactorySupport [restartedMain] Finished creation of repository instance for com.initializers.services.apiservices.repo.AddressRepo.
2020-06-27 22:20:16,355 DEBUG org.springframework.data.repository.core.support.RepositoryFactorySupport [restartedMain] Initializing repository instance for com.initializers.services.apiservices.repo.UserCartRepo…
2020-06-27 22:20:16,366 DEBUG org.springframework.data.repository.core.support.RepositoryFactorySupport [restartedMain] Finished creation of repository instance for com.initializers.services.apiservices.repo.UserCartRepo.
2020-06-27 22:20:16,373 DEBUG org.springframework.data.repository.core.support.RepositoryFactorySupport [restartedMain] Initializing repository instance for com.initializers.services.apiservices.repo.UserOrderSetRepo…
2020-06-27 22:20:16,388 DEBUG org.springframework.data.repository.core.support.RepositoryFactorySupport [restartedMain] Finished creation of repository instance for com.initializers.services.apiservices.repo.UserOrderSetRepo.
2020-06-27 22:20:16,401 DEBUG org.springframework.data.repository.core.support.RepositoryFactorySupport [restartedMain] Initializing repository instance for com.initializers.services.apiservices.repo.OfferConfigurationDBRepo…
2020-06-27 22:20:16,409 DEBUG org.springframework.data.repository.core.support.RepositoryFactorySupport [restartedMain] Finished creation of repository instance for com.initializers.services.apiservices.repo.OfferConfigurationDBRepo.
2020-06-27 22:20:16,520 DEBUG org.springframework.data.repository.core.support.RepositoryFactorySupport [restartedMain] Initializing repository instance for com.initializers.services.apiservices.repo.UserReviewRepo…
2020-06-27 22:20:16,530 DEBUG org.springframework.data.repository.core.support.RepositoryFactorySupport [restartedMain] Finished creation of repository instance for com.initializers.services.apiservices.repo.UserReviewRepo.
2020-06-27 22:20:16,549 DEBUG org.springframework.data.repository.core.support.RepositoryFactorySupport [restartedMain] Initializing repository instance for com.initializers.services.apiservices.repo.UserWishlistRepo…
2020-06-27 22:20:16,560 DEBUG org.springframework.data.repository.core.support.RepositoryFactorySupport [restartedMain] Finished creation of repository instance for com.initializers.services.apiservices.repo.UserWishlistRepo.
2020-06-27 22:20:16,743 INFO com.initializers.services.apiservices.others.ApplicationProperties [restartedMain] app running in dev environment
2020-06-27 22:20:16,746 WARN org.springframework.data.rest.webmvc.halbrowser.HalBrowser [restartedMain] ---
2020-06-27 22:20:16,747 WARN org.springframework.data.rest.webmvc.halbrowser.HalBrowser [restartedMain] Spring Data REST HAL Browser is deprecated! Prefer the HAL Explorer (artifactId: spring-data-rest-hal-explorer)!
2020-06-27 22:20:16,747 WARN org.springframework.data.rest.webmvc.halbrowser.HalBrowser [restartedMain] ---
2020-06-27 22:20:16,820 DEBUG org.springframework.data.repository.core.support.RepositoryFactorySupport [restartedMain] Initializing repository instance for com.initializers.services.apiservices.repo.OfferRepo…
2020-06-27 22:20:16,832 DEBUG org.springframework.data.repository.core.support.RepositoryFactorySupport [restartedMain] Finished creation of repository instance for com.initializers.services.apiservices.repo.OfferRepo.
2020-06-27 22:20:17,469 DEBUG org.springframework.web.servlet.mvc.method.annotation.RequestMappingHandlerAdapter [restartedMain] ControllerAdvice beans: 0 @ModelAttribute, 0 @InitBinder, 0 RequestBodyAdvice, 1 ResponseBodyAdvice
2020-06-27 22:20:17,488 DEBUG org.springframework.web.servlet.handler.AbstractHandlerMethodMapping [restartedMain] 27 mappings in <unknown>
2020-06-27 22:20:17,490 DEBUG org.springframework.web.servlet.handler.AbstractHandlerMethodMapping [restartedMain] 7 mappings in <unknown>
2020-06-27 22:20:17,672 INFO org.springframework.boot.StartupInfoLogger [restartedMain] Started ApiservicesApplication in 25.652 seconds (JVM running for 829.099)
2020-06-27 22:21:01,008 DEBUG org.springframework.data.mongodb.core.MongoTemplate [http-nio-8080-exec-2] Executing aggregation: [{ "$match" : { "id" : "14"}}, { "$lookup" : { "from" : "item_sub_category", "localField" : "id", "foreignField" : "categoryId", "as" : "departments"}}] in collection item_category
2020-06-27 22:26:17,914 INFO org.springframework.boot.StartupInfoLogger [restartedMain] Starting ApiservicesApplication on karthik-HP-Notebook with PID 8866 (/home/karthik/git/Thavare_daily/apiservices/target/classes started by karthik in /home/karthik/git/Thavare_daily/apiservices)
2020-06-27 22:26:17,916 DEBUG org.springframework.boot.StartupInfoLogger [restartedMain] Running with Spring Boot v2.2.5.RELEASE, Spring v5.2.4.RELEASE
2020-06-27 22:26:17,916 INFO org.springframework.boot.SpringApplication [restartedMain] The following profiles are active: dev
2020-06-27 22:26:19,039 INFO org.springframework.data.repository.config.RepositoryConfigurationDelegate [restartedMain] Bootstrapping Spring Data MongoDB repositories in DEFAULT mode.
2020-06-27 22:26:19,041 DEBUG org.springframework.data.repository.config.RepositoryConfigurationDelegate [restartedMain] Scanning for MongoDB repositories in packages com.initializers.services.apiservices.
2020-06-27 22:26:19,055 DEBUG org.springframework.context.annotation.ClassPathScanningCandidateComponentProvider [restartedMain] Identified candidate component class: file [/home/karthik/git/Thavare_daily/apiservices/target/classes/com/initializers/services/apiservices/repo/AddressRepo.class]
2020-06-27 22:26:19,056 DEBUG org.springframework.context.annotation.ClassPathScanningCandidateComponentProvider [restartedMain] Identified candidate component class: file [/home/karthik/git/Thavare_daily/apiservices/target/classes/com/initializers/services/apiservices/repo/ItemAvailabilityRepo.class]
2020-06-27 22:26:19,057 DEBUG org.springframework.context.annotation.ClassPathScanningCandidateComponentProvider [restartedMain] Identified candidate component class: file [/home/karthik/git/Thavare_daily/apiservices/target/classes/com/initializers/services/apiservices/repo/ItemCategoryRepo.class]
2020-06-27 22:26:19,058 DEBUG org.springframework.context.annotation.ClassPathScanningCandidateComponentProvider [restartedMain] Identified candidate component class: file [/home/karthik/git/Thavare_daily/apiservices/target/classes/com/initializers/services/apiservices/repo/ItemDetailsRepo.class]
2020-06-27 22:26:19,058 DEBUG org.springframework.context.annotation.ClassPathScanningCandidateComponentProvider [restartedMain] Identified candidate component class: file [/home/karthik/git/Thavare_daily/apiservices/target/classes/com/initializers/services/apiservices/repo/ItemSubCategoryRepo.class]
2020-06-27 22:26:19,059 DEBUG org.springframework.context.annotation.ClassPathScanningCandidateComponentProvider [restartedMain] Identified candidate component class: file [/home/karthik/git/Thavare_daily/apiservices/target/classes/com/initializers/services/apiservices/repo/OfferConfigurationDBRepo.class]
2020-06-27 22:26:19,059 DEBUG org.springframework.context.annotation.ClassPathScanningCandidateComponentProvider [restartedMain] Identified candidate component class: file [/home/karthik/git/Thavare_daily/apiservices/target/classes/com/initializers/services/apiservices/repo/OfferRepo.class]
2020-06-27 22:26:19,059 DEBUG org.springframework.context.annotation.ClassPathScanningCandidateComponentProvider [restartedMain] Identified candidate component class: file [/home/karthik/git/Thavare_daily/apiservices/target/classes/com/initializers/services/apiservices/repo/TopDealsRepo.class]
2020-06-27 22:26:19,060 DEBUG org.springframework.context.annotation.ClassPathScanningCandidateComponentProvider [restartedMain] Identified candidate component class: file [/home/karthik/git/Thavare_daily/apiservices/target/classes/com/initializers/services/apiservices/repo/TransientUserDetailsRepo.class]
2020-06-27 22:26:19,060 DEBUG org.springframework.context.annotation.ClassPathScanningCandidateComponentProvider [restartedMain] Identified candidate component class: file [/home/karthik/git/Thavare_daily/apiservices/target/classes/com/initializers/services/apiservices/repo/UserCartRepo.class]
2020-06-27 22:26:19,061 DEBUG org.springframework.context.annotation.ClassPathScanningCandidateComponentProvider [restartedMain] Identified candidate component class: file [/home/karthik/git/Thavare_daily/apiservices/target/classes/com/initializers/services/apiservices/repo/UserDetailsRepo.class]
2020-06-27 22:26:19,062 DEBUG org.springframework.context.annotation.ClassPathScanningCandidateComponentProvider [restartedMain] Identified candidate component class: file [/home/karthik/git/Thavare_daily/apiservices/target/classes/com/initializers/services/apiservices/repo/UserOTPRepo.class]
2020-06-27 22:26:19,063 DEBUG org.springframework.context.annotation.ClassPathScanningCandidateComponentProvider [restartedMain] Identified candidate component class: file [/home/karthik/git/Thavare_daily/apiservices/target/classes/com/initializers/services/apiservices/repo/UserOrderSetRepo.class]
2020-06-27 22:26:19,063 DEBUG org.springframework.context.annotation.ClassPathScanningCandidateComponentProvider [restartedMain] Identified candidate component class: file [/home/karthik/git/Thavare_daily/apiservices/target/classes/com/initializers/services/apiservices/repo/UserReviewRepo.class]
2020-06-27 22:26:19,063 DEBUG org.springframework.context.annotation.ClassPathScanningCandidateComponentProvider [restartedMain] Identified candidate component class: file [/home/karthik/git/Thavare_daily/apiservices/target/classes/com/initializers/services/apiservices/repo/UserWishlistRepo.class]
2020-06-27 22:26:19,154 INFO org.springframework.data.repository.config.RepositoryConfigurationDelegate [restartedMain] Finished Spring Data repository scanning in 112ms. Found 15 MongoDB repository interfaces.
2020-06-27 22:26:19,994 DEBUG org.springframework.data.convert.CustomConversions [restartedMain] Registering converter from class java.time.LocalDateTime to class java.time.Instant as reading converter although it doesn't convert from a store-supported type! You might want to check your annotation setup at the converter implementation.
2020-06-27 22:26:19,999 DEBUG org.springframework.data.convert.CustomConversions [restartedMain] Registering converter from class java.time.Instant to class java.time.LocalDateTime as reading converter although it doesn't convert from a store-supported type! You might want to check your annotation setup at the converter implementation.
2020-06-27 22:26:20,262 DEBUG org.springframework.data.convert.CustomConversions [restartedMain] Registering converter from class java.time.LocalDateTime to class java.time.Instant as reading converter although it doesn't convert from a store-supported type! You might want to check your annotation setup at the converter implementation.
2020-06-27 22:26:20,264 DEBUG org.springframework.data.convert.CustomConversions [restartedMain] Registering converter from class java.time.Instant to class java.time.LocalDateTime as reading converter although it doesn't convert from a store-supported type! You might want to check your annotation setup at the converter implementation.
2020-06-27 22:26:20,278 DEBUG org.springframework.data.mongodb.core.index.MongoPersistentEntityIndexCreator [restartedMain] Analyzing class class com.initializers.services.apiservices.model.UserOTP for index information.
2020-06-27 22:26:20,280 DEBUG org.springframework.data.mongodb.core.index.MongoPersistentEntityIndexCreator [restartedMain] Analyzing class class com.initializers.services.apiservices.model.UserCart$CompositeKey for index information.
2020-06-27 22:26:20,281 DEBUG org.springframework.data.mongodb.core.index.MongoPersistentEntityIndexCreator [restartedMain] Analyzing class class com.initializers.services.apiservices.model.Offer for index information.
2020-06-27 22:26:20,286 DEBUG org.springframework.data.mongodb.core.index.MongoPersistentEntityIndexCreator [restartedMain] Analyzing class class com.initializers.services.apiservices.model.DatabaseSequence for index information.
2020-06-27 22:26:20,287 DEBUG org.springframework.data.mongodb.core.index.MongoPersistentEntityIndexCreator [restartedMain] Analyzing class class com.initializers.services.apiservices.model.item.ItemDetails for index information.
2020-06-27 22:26:20,289 DEBUG org.springframework.data.mongodb.core.index.MongoPersistentEntityIndexCreator [restartedMain] Analyzing class class com.initializers.services.apiservices.model.TopDeals for index information.
2020-06-27 22:26:20,292 DEBUG org.springframework.data.mongodb.core.index.MongoPersistentEntityIndexCreator [restartedMain] Analyzing class class com.initializers.services.apiservices.model.item.ItemSubCategory for index information.
2020-06-27 22:26:20,294 DEBUG org.springframework.data.mongodb.core.index.MongoPersistentEntityIndexCreator [restartedMain] Analyzing class class com.initializers.services.apiservices.model.item.ItemDescription for index information.
2020-06-27 22:26:20,296 DEBUG org.springframework.data.mongodb.core.index.MongoPersistentEntityIndexCreator [restartedMain] Analyzing class class com.initializers.services.apiservices.model.UserCart for index information.
2020-06-27 22:26:20,298 DEBUG org.springframework.data.mongodb.core.index.MongoPersistentEntityIndexCreator [restartedMain] Analyzing class class com.initializers.services.apiservices.model.OrderStatus for index information.
2020-06-27 22:26:20,298 DEBUG org.springframework.data.mongodb.core.index.MongoPersistentEntityIndexCreator [restartedMain] Analyzing class class com.initializers.services.apiservices.model.UserOrder for index information.
2020-06-27 22:26:20,299 DEBUG org.springframework.data.mongodb.core.index.MongoPersistentEntityIndexCreator [restartedMain] Analyzing class class com.initializers.services.apiservices.model.UserWishlist for index information.
2020-06-27 22:26:20,300 DEBUG org.springframework.data.mongodb.core.index.MongoPersistentEntityIndexCreator [restartedMain] Analyzing class class com.initializers.services.apiservices.model.UserReview for index information.
2020-06-27 22:26:20,302 DEBUG org.springframework.data.mongodb.core.index.MongoPersistentEntityIndexCreator [restartedMain] Analyzing class class com.initializers.services.apiservices.model.item.ItemCategory for index information.
2020-06-27 22:26:20,303 DEBUG org.springframework.data.mongodb.core.index.MongoPersistentEntityIndexCreator [restartedMain] Analyzing class class com.initializers.services.apiservices.model.Address for index information.
2020-06-27 22:26:20,304 DEBUG org.springframework.data.mongodb.core.index.MongoPersistentEntityIndexCreator [restartedMain] Analyzing class class com.initializers.services.apiservices.model.TransientUserDetails for index information.
2020-06-27 22:26:20,310 DEBUG org.springframework.data.mongodb.core.index.MongoPersistentEntityIndexCreator [restartedMain] Analyzing class class com.initializers.services.apiservices.model.OfferConfigurationDB for index information.
2020-06-27 22:26:20,312 DEBUG org.springframework.data.mongodb.core.index.MongoPersistentEntityIndexCreator [restartedMain] Analyzing class class com.initializers.services.apiservices.model.item.ItemAvailability for index information.
2020-06-27 22:26:20,313 DEBUG org.springframework.data.mongodb.core.index.MongoPersistentEntityIndexCreator [restartedMain] Analyzing class class com.initializers.services.apiservices.model.UserDetails for index information.
2020-06-27 22:26:20,314 DEBUG org.springframework.data.mongodb.core.index.MongoPersistentEntityIndexCreator [restartedMain] Analyzing class class com.initializers.services.apiservices.model.UserReview$CompositeKey for index information.
2020-06-27 22:26:20,315 DEBUG org.springframework.data.mongodb.core.index.MongoPersistentEntityIndexCreator [restartedMain] Analyzing class class com.initializers.services.apiservices.model.UserOrderSet for index information.
2020-06-27 22:26:31,090 DEBUG org.springframework.data.repository.core.support.RepositoryFactorySupport [restartedMain] Initializing repository instance for com.initializers.services.apiservices.repo.ItemCategoryRepo…
2020-06-27 22:26:31,099 DEBUG org.springframework.data.repository.core.support.RepositoryFactorySupport [restartedMain] Finished creation of repository instance for com.initializers.services.apiservices.repo.ItemCategoryRepo.
2020-06-27 22:26:31,110 DEBUG org.springframework.data.repository.core.support.RepositoryFactorySupport [restartedMain] Initializing repository instance for com.initializers.services.apiservices.repo.ItemSubCategoryRepo…
2020-06-27 22:26:31,124 DEBUG org.springframework.data.repository.core.support.RepositoryFactorySupport [restartedMain] Finished creation of repository instance for com.initializers.services.apiservices.repo.ItemSubCategoryRepo.
2020-06-27 22:26:31,133 DEBUG org.springframework.data.repository.core.support.RepositoryFactorySupport [restartedMain] Initializing repository instance for com.initializers.services.apiservices.repo.ItemDetailsRepo…
2020-06-27 22:26:31,143 DEBUG org.springframework.data.repository.core.support.RepositoryFactorySupport [restartedMain] Finished creation of repository instance for com.initializers.services.apiservices.repo.ItemDetailsRepo.
2020-06-27 22:26:31,154 DEBUG org.springframework.data.repository.core.support.RepositoryFactorySupport [restartedMain] Initializing repository instance for com.initializers.services.apiservices.repo.ItemAvailabilityRepo…
2020-06-27 22:26:31,163 DEBUG org.springframework.data.repository.core.support.RepositoryFactorySupport [restartedMain] Finished creation of repository instance for com.initializers.services.apiservices.repo.ItemAvailabilityRepo.
2020-06-27 22:26:31,175 DEBUG org.springframework.data.repository.core.support.RepositoryFactorySupport [restartedMain] Initializing repository instance for com.initializers.services.apiservices.repo.TopDealsRepo…
2020-06-27 22:26:31,187 DEBUG org.springframework.data.repository.core.support.RepositoryFactorySupport [restartedMain] Finished creation of repository instance for com.initializers.services.apiservices.repo.TopDealsRepo.
2020-06-27 22:26:31,213 DEBUG org.springframework.data.repository.core.support.RepositoryFactorySupport [restartedMain] Initializing repository instance for com.initializers.services.apiservices.repo.UserDetailsRepo…
2020-06-27 22:26:31,224 DEBUG org.springframework.data.repository.core.support.RepositoryFactorySupport [restartedMain] Finished creation of repository instance for com.initializers.services.apiservices.repo.UserDetailsRepo.
2020-06-27 22:26:31,242 DEBUG org.springframework.data.repository.core.support.RepositoryFactorySupport [restartedMain] Initializing repository instance for com.initializers.services.apiservices.repo.TransientUserDetailsRepo…
2020-06-27 22:26:31,267 DEBUG org.springframework.data.repository.core.support.RepositoryFactorySupport [restartedMain] Finished creation of repository instance for com.initializers.services.apiservices.repo.TransientUserDetailsRepo.
2020-06-27 22:26:31,283 DEBUG org.springframework.data.repository.core.support.RepositoryFactorySupport [restartedMain] Initializing repository instance for com.initializers.services.apiservices.repo.UserOTPRepo…
2020-06-27 22:26:31,304 DEBUG org.springframework.data.repository.core.support.RepositoryFactorySupport [restartedMain] Finished creation of repository instance for com.initializers.services.apiservices.repo.UserOTPRepo.
2020-06-27 22:26:31,326 DEBUG org.springframework.data.repository.core.support.RepositoryFactorySupport [restartedMain] Initializing repository instance for com.initializers.services.apiservices.repo.AddressRepo…
2020-06-27 22:26:31,352 DEBUG org.springframework.data.repository.core.support.RepositoryFactorySupport [restartedMain] Finished creation of repository instance for com.initializers.services.apiservices.repo.AddressRepo.
2020-06-27 22:26:31,363 DEBUG org.springframework.data.repository.core.support.RepositoryFactorySupport [restartedMain] Initializing repository instance for com.initializers.services.apiservices.repo.UserCartRepo…
2020-06-27 22:26:31,448 DEBUG org.springframework.data.repository.core.support.RepositoryFactorySupport [restartedMain] Finished creation of repository instance for com.initializers.services.apiservices.repo.UserCartRepo.
2020-06-27 22:26:31,460 DEBUG org.springframework.data.repository.core.support.RepositoryFactorySupport [restartedMain] Initializing repository instance for com.initializers.services.apiservices.repo.UserOrderSetRepo…
2020-06-27 22:26:31,472 DEBUG org.springframework.data.repository.core.support.RepositoryFactorySupport [restartedMain] Finished creation of repository instance for com.initializers.services.apiservices.repo.UserOrderSetRepo.
2020-06-27 22:26:31,479 DEBUG org.springframework.data.repository.core.support.RepositoryFactorySupport [restartedMain] Initializing repository instance for com.initializers.services.apiservices.repo.OfferConfigurationDBRepo…
2020-06-27 22:26:31,498 DEBUG org.springframework.data.repository.core.support.RepositoryFactorySupport [restartedMain] Finished creation of repository instance for com.initializers.services.apiservices.repo.OfferConfigurationDBRepo.
2020-06-27 22:26:31,542 DEBUG org.springframework.data.repository.core.support.RepositoryFactorySupport [restartedMain] Initializing repository instance for com.initializers.services.apiservices.repo.UserReviewRepo…
2020-06-27 22:26:31,551 DEBUG org.springframework.data.repository.core.support.RepositoryFactorySupport [restartedMain] Finished creation of repository instance for com.initializers.services.apiservices.repo.UserReviewRepo.
2020-06-27 22:26:31,563 DEBUG org.springframework.data.repository.core.support.RepositoryFactorySupport [restartedMain] Initializing repository instance for com.initializers.services.apiservices.repo.UserWishlistRepo…
2020-06-27 22:26:31,571 DEBUG org.springframework.data.repository.core.support.RepositoryFactorySupport [restartedMain] Finished creation of repository instance for com.initializers.services.apiservices.repo.UserWishlistRepo.
2020-06-27 22:26:31,710 INFO com.initializers.services.apiservices.others.ApplicationProperties [restartedMain] app running in dev environment
2020-06-27 22:26:31,712 WARN org.springframework.data.rest.webmvc.halbrowser.HalBrowser [restartedMain] ---
2020-06-27 22:26:31,712 WARN org.springframework.data.rest.webmvc.halbrowser.HalBrowser [restartedMain] Spring Data REST HAL Browser is deprecated! Prefer the HAL Explorer (artifactId: spring-data-rest-hal-explorer)!
2020-06-27 22:26:31,713 WARN org.springframework.data.rest.webmvc.halbrowser.HalBrowser [restartedMain] ---
2020-06-27 22:26:31,762 DEBUG org.springframework.data.repository.core.support.RepositoryFactorySupport [restartedMain] Initializing repository instance for com.initializers.services.apiservices.repo.OfferRepo…
2020-06-27 22:26:31,770 DEBUG org.springframework.data.repository.core.support.RepositoryFactorySupport [restartedMain] Finished creation of repository instance for com.initializers.services.apiservices.repo.OfferRepo.
2020-06-27 22:26:32,276 DEBUG org.springframework.web.servlet.mvc.method.annotation.RequestMappingHandlerAdapter [restartedMain] ControllerAdvice beans: 0 @ModelAttribute, 0 @InitBinder, 0 RequestBodyAdvice, 1 ResponseBodyAdvice
2020-06-27 22:26:32,288 DEBUG org.springframework.web.servlet.handler.AbstractHandlerMethodMapping [restartedMain] 27 mappings in <unknown>
2020-06-27 22:26:32,293 DEBUG org.springframework.web.servlet.handler.AbstractHandlerMethodMapping [restartedMain] 7 mappings in <unknown>
2020-06-27 22:26:32,409 INFO org.springframework.boot.StartupInfoLogger [restartedMain] Started ApiservicesApplication in 14.562 seconds (JVM running for 1203.836)
2020-06-27 22:27:05,924 DEBUG org.springframework.data.mongodb.core.MongoTemplate [http-nio-8080-exec-2] Executing aggregation: [{ "$match" : { "departments" : { "$size" : 1}}}, { "$lookup" : { "from" : "item_sub_category", "localField" : "id", "foreignField" : "categoryId", "as" : "departments"}}] in collection item_category
2020-06-27 22:28:16,947 INFO org.springframework.boot.StartupInfoLogger [restartedMain] Starting ApiservicesApplication on karthik-HP-Notebook with PID 8866 (/home/karthik/git/Thavare_daily/apiservices/target/classes started by karthik in /home/karthik/git/Thavare_daily/apiservices)
2020-06-27 22:28:16,948 DEBUG org.springframework.boot.StartupInfoLogger [restartedMain] Running with Spring Boot v2.2.5.RELEASE, Spring v5.2.4.RELEASE
2020-06-27 22:28:16,948 INFO org.springframework.boot.SpringApplication [restartedMain] The following profiles are active: dev
2020-06-27 22:28:18,329 INFO org.springframework.data.repository.config.RepositoryConfigurationDelegate [restartedMain] Bootstrapping Spring Data MongoDB repositories in DEFAULT mode.
2020-06-27 22:28:18,331 DEBUG org.springframework.data.repository.config.RepositoryConfigurationDelegate [restartedMain] Scanning for MongoDB repositories in packages com.initializers.services.apiservices.
2020-06-27 22:28:18,343 DEBUG org.springframework.context.annotation.ClassPathScanningCandidateComponentProvider [restartedMain] Identified candidate component class: file [/home/karthik/git/Thavare_daily/apiservices/target/classes/com/initializers/services/apiservices/repo/AddressRepo.class]
2020-06-27 22:28:18,344 DEBUG org.springframework.context.annotation.ClassPathScanningCandidateComponentProvider [restartedMain] Identified candidate component class: file [/home/karthik/git/Thavare_daily/apiservices/target/classes/com/initializers/services/apiservices/repo/ItemAvailabilityRepo.class]
2020-06-27 22:28:18,344 DEBUG org.springframework.context.annotation.ClassPathScanningCandidateComponentProvider [restartedMain] Identified candidate component class: file [/home/karthik/git/Thavare_daily/apiservices/target/classes/com/initializers/services/apiservices/repo/ItemCategoryRepo.class]
2020-06-27 22:28:18,344 DEBUG org.springframework.context.annotation.ClassPathScanningCandidateComponentProvider [restartedMain] Identified candidate component class: file [/home/karthik/git/Thavare_daily/apiservices/target/classes/com/initializers/services/apiservices/repo/ItemDetailsRepo.class]
2020-06-27 22:28:18,344 DEBUG org.springframework.context.annotation.ClassPathScanningCandidateComponentProvider [restartedMain] Identified candidate component class: file [/home/karthik/git/Thavare_daily/apiservices/target/classes/com/initializers/services/apiservices/repo/ItemSubCategoryRepo.class]
2020-06-27 22:28:18,344 DEBUG org.springframework.context.annotation.ClassPathScanningCandidateComponentProvider [restartedMain] Identified candidate component class: file [/home/karthik/git/Thavare_daily/apiservices/target/classes/com/initializers/services/apiservices/repo/OfferConfigurationDBRepo.class]
2020-06-27 22:28:18,345 DEBUG org.springframework.context.annotation.ClassPathScanningCandidateComponentProvider [restartedMain] Identified candidate component class: file [/home/karthik/git/Thavare_daily/apiservices/target/classes/com/initializers/services/apiservices/repo/OfferRepo.class]
2020-06-27 22:28:18,345 DEBUG org.springframework.context.annotation.ClassPathScanningCandidateComponentProvider [restartedMain] Identified candidate component class: file [/home/karthik/git/Thavare_daily/apiservices/target/classes/com/initializers/services/apiservices/repo/TopDealsRepo.class]
2020-06-27 22:28:18,345 DEBUG org.springframework.context.annotation.ClassPathScanningCandidateComponentProvider [restartedMain] Identified candidate component class: file [/home/karthik/git/Thavare_daily/apiservices/target/classes/com/initializers/services/apiservices/repo/TransientUserDetailsRepo.class]
2020-06-27 22:28:18,345 DEBUG org.springframework.context.annotation.ClassPathScanningCandidateComponentProvider [restartedMain] Identified candidate component class: file [/home/karthik/git/Thavare_daily/apiservices/target/classes/com/initializers/services/apiservices/repo/UserCartRepo.class]
2020-06-27 22:28:18,346 DEBUG org.springframework.context.annotation.ClassPathScanningCandidateComponentProvider [restartedMain] Identified candidate component class: file [/home/karthik/git/Thavare_daily/apiservices/target/classes/com/initializers/services/apiservices/repo/UserDetailsRepo.class]
2020-06-27 22:28:18,346 DEBUG org.springframework.context.annotation.ClassPathScanningCandidateComponentProvider [restartedMain] Identified candidate component class: file [/home/karthik/git/Thavare_daily/apiservices/target/classes/com/initializers/services/apiservices/repo/UserOTPRepo.class]
2020-06-27 22:28:18,346 DEBUG org.springframework.context.annotation.ClassPathScanningCandidateComponentProvider [restartedMain] Identified candidate component class: file [/home/karthik/git/Thavare_daily/apiservices/target/classes/com/initializers/services/apiservices/repo/UserOrderSetRepo.class]
2020-06-27 22:28:18,347 DEBUG org.springframework.context.annotation.ClassPathScanningCandidateComponentProvider [restartedMain] Identified candidate component class: file [/home/karthik/git/Thavare_daily/apiservices/target/classes/com/initializers/services/apiservices/repo/UserReviewRepo.class]
2020-06-27 22:28:18,348 DEBUG org.springframework.context.annotation.ClassPathScanningCandidateComponentProvider [restartedMain] Identified candidate component class: file [/home/karthik/git/Thavare_daily/apiservices/target/classes/com/initializers/services/apiservices/repo/UserWishlistRepo.class]
2020-06-27 22:28:18,442 INFO org.springframework.data.repository.config.RepositoryConfigurationDelegate [restartedMain] Finished Spring Data repository scanning in 110ms. Found 15 MongoDB repository interfaces.
2020-06-27 22:28:19,330 DEBUG org.springframework.data.convert.CustomConversions [restartedMain] Registering converter from class java.time.LocalDateTime to class java.time.Instant as reading converter although it doesn't convert from a store-supported type! You might want to check your annotation setup at the converter implementation.
2020-06-27 22:28:19,331 DEBUG org.springframework.data.convert.CustomConversions [restartedMain] Registering converter from class java.time.Instant to class java.time.LocalDateTime as reading converter although it doesn't convert from a store-supported type! You might want to check your annotation setup at the converter implementation.
2020-06-27 22:28:19,599 DEBUG org.springframework.data.convert.CustomConversions [restartedMain] Registering converter from class java.time.LocalDateTime to class java.time.Instant as reading converter although it doesn't convert from a store-supported type! You might want to check your annotation setup at the converter implementation.
2020-06-27 22:28:19,600 DEBUG org.springframework.data.convert.CustomConversions [restartedMain] Registering converter from class java.time.Instant to class java.time.LocalDateTime as reading converter although it doesn't convert from a store-supported type! You might want to check your annotation setup at the converter implementation.
2020-06-27 22:28:19,609 DEBUG org.springframework.data.mongodb.core.index.MongoPersistentEntityIndexCreator [restartedMain] Analyzing class class com.initializers.services.apiservices.model.UserReview$CompositeKey for index information.
2020-06-27 22:28:19,614 DEBUG org.springframework.data.mongodb.core.index.MongoPersistentEntityIndexCreator [restartedMain] Analyzing class class com.initializers.services.apiservices.model.UserOTP for index information.
2020-06-27 22:28:19,616 DEBUG org.springframework.data.mongodb.core.index.MongoPersistentEntityIndexCreator [restartedMain] Analyzing class class com.initializers.services.apiservices.model.UserReview for index information.
2020-06-27 22:28:19,617 DEBUG org.springframework.data.mongodb.core.index.MongoPersistentEntityIndexCreator [restartedMain] Analyzing class class com.initializers.services.apiservices.model.UserCart for index information.
2020-06-27 22:28:19,619 DEBUG org.springframework.data.mongodb.core.index.MongoPersistentEntityIndexCreator [restartedMain] Analyzing class class com.initializers.services.apiservices.model.UserOrderSet for index information.
2020-06-27 22:28:19,621 DEBUG org.springframework.data.mongodb.core.index.MongoPersistentEntityIndexCreator [restartedMain] Analyzing class class com.initializers.services.apiservices.model.item.ItemAvailability for index information.
2020-06-27 22:28:19,623 DEBUG org.springframework.data.mongodb.core.index.MongoPersistentEntityIndexCreator [restartedMain] Analyzing class class com.initializers.services.apiservices.model.TopDeals for index information.
2020-06-27 22:28:19,625 DEBUG org.springframework.data.mongodb.core.index.MongoPersistentEntityIndexCreator [restartedMain] Analyzing class class com.initializers.services.apiservices.model.item.ItemCategory for index information.
2020-06-27 22:28:19,625 DEBUG org.springframework.data.mongodb.core.index.MongoPersistentEntityIndexCreator [restartedMain] Analyzing class class com.initializers.services.apiservices.model.OfferConfigurationDB for index information.
2020-06-27 22:28:19,626 DEBUG org.springframework.data.mongodb.core.index.MongoPersistentEntityIndexCreator [restartedMain] Analyzing class class com.initializers.services.apiservices.model.UserOrder for index information.
2020-06-27 22:28:19,629 DEBUG org.springframework.data.mongodb.core.index.MongoPersistentEntityIndexCreator [restartedMain] Analyzing class class com.initializers.services.apiservices.model.UserDetails for index information.
2020-06-27 22:28:19,630 DEBUG org.springframework.data.mongodb.core.index.MongoPersistentEntityIndexCreator [restartedMain] Analyzing class class com.initializers.services.apiservices.model.Address for index information.
2020-06-27 22:28:19,631 DEBUG org.springframework.data.mongodb.core.index.MongoPersistentEntityIndexCreator [restartedMain] Analyzing class class com.initializers.services.apiservices.model.item.ItemDescription for index information.
2020-06-27 22:28:19,632 DEBUG org.springframework.data.mongodb.core.index.MongoPersistentEntityIndexCreator [restartedMain] Analyzing class class com.initializers.services.apiservices.model.OrderStatus for index information.
2020-06-27 22:28:19,632 DEBUG org.springframework.data.mongodb.core.index.MongoPersistentEntityIndexCreator [restartedMain] Analyzing class class com.initializers.services.apiservices.model.UserWishlist for index information.
2020-06-27 22:28:19,633 DEBUG org.springframework.data.mongodb.core.index.MongoPersistentEntityIndexCreator [restartedMain] Analyzing class class com.initializers.services.apiservices.model.item.ItemSubCategory for index information.
2020-06-27 22:28:19,636 DEBUG org.springframework.data.mongodb.core.index.MongoPersistentEntityIndexCreator [restartedMain] Analyzing class class com.initializers.services.apiservices.model.Offer for index information.
2020-06-27 22:28:19,637 DEBUG org.springframework.data.mongodb.core.index.MongoPersistentEntityIndexCreator [restartedMain] Analyzing class class com.initializers.services.apiservices.model.DatabaseSequence for index information.
2020-06-27 22:28:19,637 DEBUG org.springframework.data.mongodb.core.index.MongoPersistentEntityIndexCreator [restartedMain] Analyzing class class com.initializers.services.apiservices.model.UserCart$CompositeKey for index information.
2020-06-27 22:28:19,638 DEBUG org.springframework.data.mongodb.core.index.MongoPersistentEntityIndexCreator [restartedMain] Analyzing class class com.initializers.services.apiservices.model.item.ItemDetails for index information.
2020-06-27 22:28:19,639 DEBUG org.springframework.data.mongodb.core.index.MongoPersistentEntityIndexCreator [restartedMain] Analyzing class class com.initializers.services.apiservices.model.TransientUserDetails for index information.
2020-06-27 22:28:30,014 DEBUG org.springframework.data.repository.core.support.RepositoryFactorySupport [restartedMain] Initializing repository instance for com.initializers.services.apiservices.repo.ItemCategoryRepo…
2020-06-27 22:28:30,026 DEBUG org.springframework.data.repository.core.support.RepositoryFactorySupport [restartedMain] Finished creation of repository instance for com.initializers.services.apiservices.repo.ItemCategoryRepo.
2020-06-27 22:28:30,067 DEBUG org.springframework.data.repository.core.support.RepositoryFactorySupport [restartedMain] Initializing repository instance for com.initializers.services.apiservices.repo.ItemSubCategoryRepo…
2020-06-27 22:28:30,085 DEBUG org.springframework.data.repository.core.support.RepositoryFactorySupport [restartedMain] Finished creation of repository instance for com.initializers.services.apiservices.repo.ItemSubCategoryRepo.
2020-06-27 22:28:30,103 DEBUG org.springframework.data.repository.core.support.RepositoryFactorySupport [restartedMain] Initializing repository instance for com.initializers.services.apiservices.repo.ItemDetailsRepo…
2020-06-27 22:28:30,125 DEBUG org.springframework.data.repository.core.support.RepositoryFactorySupport [restartedMain] Finished creation of repository instance for com.initializers.services.apiservices.repo.ItemDetailsRepo.
2020-06-27 22:28:30,138 DEBUG org.springframework.data.repository.core.support.RepositoryFactorySupport [restartedMain] Initializing repository instance for com.initializers.services.apiservices.repo.ItemAvailabilityRepo…
2020-06-27 22:28:30,151 DEBUG org.springframework.data.repository.core.support.RepositoryFactorySupport [restartedMain] Finished creation of repository instance for com.initializers.services.apiservices.repo.ItemAvailabilityRepo.
2020-06-27 22:28:30,166 DEBUG org.springframework.data.repository.core.support.RepositoryFactorySupport [restartedMain] Initializing repository instance for com.initializers.services.apiservices.repo.TopDealsRepo…
2020-06-27 22:28:30,173 DEBUG org.springframework.data.repository.core.support.RepositoryFactorySupport [restartedMain] Finished creation of repository instance for com.initializers.services.apiservices.repo.TopDealsRepo.
2020-06-27 22:28:30,245 DEBUG org.springframework.data.repository.core.support.RepositoryFactorySupport [restartedMain] Initializing repository instance for com.initializers.services.apiservices.repo.UserDetailsRepo…
2020-06-27 22:28:30,257 DEBUG org.springframework.data.repository.core.support.RepositoryFactorySupport [restartedMain] Finished creation of repository instance for com.initializers.services.apiservices.repo.UserDetailsRepo.
2020-06-27 22:28:30,268 DEBUG org.springframework.data.repository.core.support.RepositoryFactorySupport [restartedMain] Initializing repository instance for com.initializers.services.apiservices.repo.TransientUserDetailsRepo…
2020-06-27 22:28:30,286 DEBUG org.springframework.data.repository.core.support.RepositoryFactorySupport [restartedMain] Finished creation of repository instance for com.initializers.services.apiservices.repo.TransientUserDetailsRepo.
2020-06-27 22:28:30,297 DEBUG org.springframework.data.repository.core.support.RepositoryFactorySupport [restartedMain] Initializing repository instance for com.initializers.services.apiservices.repo.UserOTPRepo…
2020-06-27 22:28:30,307 DEBUG org.springframework.data.repository.core.support.RepositoryFactorySupport [restartedMain] Finished creation of repository instance for com.initializers.services.apiservices.repo.UserOTPRepo.
2020-06-27 22:28:30,324 DEBUG org.springframework.data.repository.core.support.RepositoryFactorySupport [restartedMain] Initializing repository instance for com.initializers.services.apiservices.repo.AddressRepo…
2020-06-27 22:28:30,335 DEBUG org.springframework.data.repository.core.support.RepositoryFactorySupport [restartedMain] Finished creation of repository instance for com.initializers.services.apiservices.repo.AddressRepo.
2020-06-27 22:28:30,355 DEBUG org.springframework.data.repository.core.support.RepositoryFactorySupport [restartedMain] Initializing repository instance for com.initializers.services.apiservices.repo.UserCartRepo…
2020-06-27 22:28:30,368 DEBUG org.springframework.data.repository.core.support.RepositoryFactorySupport [restartedMain] Finished creation of repository instance for com.initializers.services.apiservices.repo.UserCartRepo.
2020-06-27 22:28:30,373 DEBUG org.springframework.data.repository.core.support.RepositoryFactorySupport [restartedMain] Initializing repository instance for com.initializers.services.apiservices.repo.UserOrderSetRepo…
2020-06-27 22:28:30,384 DEBUG org.springframework.data.repository.core.support.RepositoryFactorySupport [restartedMain] Finished creation of repository instance for com.initializers.services.apiservices.repo.UserOrderSetRepo.
2020-06-27 22:28:30,397 DEBUG org.springframework.data.repository.core.support.RepositoryFactorySupport [restartedMain] Initializing repository instance for com.initializers.services.apiservices.repo.OfferConfigurationDBRepo…
2020-06-27 22:28:30,406 DEBUG org.springframework.data.repository.core.support.RepositoryFactorySupport [restartedMain] Finished creation of repository instance for com.initializers.services.apiservices.repo.OfferConfigurationDBRepo.
2020-06-27 22:28:30,435 DEBUG org.springframework.data.repository.core.support.RepositoryFactorySupport [restartedMain] Initializing repository instance for com.initializers.services.apiservices.repo.UserReviewRepo…
2020-06-27 22:28:30,442 DEBUG org.springframework.data.repository.core.support.RepositoryFactorySupport [restartedMain] Finished creation of repository instance for com.initializers.services.apiservices.repo.UserReviewRepo.
2020-06-27 22:28:30,456 DEBUG org.springframework.data.repository.core.support.RepositoryFactorySupport [restartedMain] Initializing repository instance for com.initializers.services.apiservices.repo.UserWishlistRepo…
2020-06-27 22:28:30,466 DEBUG org.springframework.data.repository.core.support.RepositoryFactorySupport [restartedMain] Finished creation of repository instance for com.initializers.services.apiservices.repo.UserWishlistRepo.
2020-06-27 22:28:30,596 INFO com.initializers.services.apiservices.others.ApplicationProperties [restartedMain] app running in dev environment
2020-06-27 22:28:30,600 WARN org.springframework.data.rest.webmvc.halbrowser.HalBrowser [restartedMain] ---
2020-06-27 22:28:30,600 WARN org.springframework.data.rest.webmvc.halbrowser.HalBrowser [restartedMain] Spring Data REST HAL Browser is deprecated! Prefer the HAL Explorer (artifactId: spring-data-rest-hal-explorer)!
2020-06-27 22:28:30,601 WARN org.springframework.data.rest.webmvc.halbrowser.HalBrowser [restartedMain] ---
2020-06-27 22:28:30,651 DEBUG org.springframework.data.repository.core.support.RepositoryFactorySupport [restartedMain] Initializing repository instance for com.initializers.services.apiservices.repo.OfferRepo…
2020-06-27 22:28:30,659 DEBUG org.springframework.data.repository.core.support.RepositoryFactorySupport [restartedMain] Finished creation of repository instance for com.initializers.services.apiservices.repo.OfferRepo.
2020-06-27 22:28:31,104 DEBUG org.springframework.web.servlet.mvc.method.annotation.RequestMappingHandlerAdapter [restartedMain] ControllerAdvice beans: 0 @ModelAttribute, 0 @InitBinder, 0 RequestBodyAdvice, 1 ResponseBodyAdvice
2020-06-27 22:28:31,116 DEBUG org.springframework.web.servlet.handler.AbstractHandlerMethodMapping [restartedMain] 27 mappings in <unknown>
2020-06-27 22:28:31,119 DEBUG org.springframework.web.servlet.handler.AbstractHandlerMethodMapping [restartedMain] 7 mappings in <unknown>
2020-06-27 22:28:31,274 INFO org.springframework.boot.StartupInfoLogger [restartedMain] Started ApiservicesApplication in 14.487 seconds (JVM running for 1322.701)
2020-06-27 22:28:47,861 DEBUG org.springframework.data.mongodb.core.MongoTemplate [http-nio-8080-exec-2] Executing aggregation: [{ "$match" : { "departments" : { "$size" : 1}}}, { "$lookup" : { "from" : "item_sub_category", "localField" : "id", "foreignField" : "categoryid", "as" : "departments"}}] in collection item_category
2020-06-27 22:29:15,466 INFO org.springframework.boot.StartupInfoLogger [restartedMain] Starting ApiservicesApplication on karthik-HP-Notebook with PID 8866 (/home/karthik/git/Thavare_daily/apiservices/target/classes started by karthik in /home/karthik/git/Thavare_daily/apiservices)
2020-06-27 22:29:15,467 DEBUG org.springframework.boot.StartupInfoLogger [restartedMain] Running with Spring Boot v2.2.5.RELEASE, Spring v5.2.4.RELEASE
2020-06-27 22:29:15,467 INFO org.springframework.boot.SpringApplication [restartedMain] The following profiles are active: dev
2020-06-27 22:29:16,427 INFO org.springframework.data.repository.config.RepositoryConfigurationDelegate [restartedMain] Bootstrapping Spring Data MongoDB repositories in DEFAULT mode.
2020-06-27 22:29:16,433 DEBUG org.springframework.data.repository.config.RepositoryConfigurationDelegate [restartedMain] Scanning for MongoDB repositories in packages com.initializers.services.apiservices.
2020-06-27 22:29:16,443 DEBUG org.springframework.context.annotation.ClassPathScanningCandidateComponentProvider [restartedMain] Identified candidate component class: file [/home/karthik/git/Thavare_daily/apiservices/target/classes/com/initializers/services/apiservices/repo/AddressRepo.class]
2020-06-27 22:29:16,444 DEBUG org.springframework.context.annotation.ClassPathScanningCandidateComponentProvider [restartedMain] Identified candidate component class: file [/home/karthik/git/Thavare_daily/apiservices/target/classes/com/initializers/services/apiservices/repo/ItemAvailabilityRepo.class]
2020-06-27 22:29:16,448 DEBUG org.springframework.context.annotation.ClassPathScanningCandidateComponentProvider [restartedMain] Identified candidate component class: file [/home/karthik/git/Thavare_daily/apiservices/target/classes/com/initializers/services/apiservices/repo/ItemCategoryRepo.class]
2020-06-27 22:29:16,448 DEBUG org.springframework.context.annotation.ClassPathScanningCandidateComponentProvider [restartedMain] Identified candidate component class: file [/home/karthik/git/Thavare_daily/apiservices/target/classes/com/initializers/services/apiservices/repo/ItemDetailsRepo.class]
2020-06-27 22:29:16,448 DEBUG org.springframework.context.annotation.ClassPathScanningCandidateComponentProvider [restartedMain] Identified candidate component class: file [/home/karthik/git/Thavare_daily/apiservices/target/classes/com/initializers/services/apiservices/repo/ItemSubCategoryRepo.class]
2020-06-27 22:29:16,448 DEBUG org.springframework.context.annotation.ClassPathScanningCandidateComponentProvider [restartedMain] Identified candidate component class: file [/home/karthik/git/Thavare_daily/apiservices/target/classes/com/initializers/services/apiservices/repo/OfferConfigurationDBRepo.class]
2020-06-27 22:29:16,449 DEBUG org.springframework.context.annotation.ClassPathScanningCandidateComponentProvider [restartedMain] Identified candidate component class: file [/home/karthik/git/Thavare_daily/apiservices/target/classes/com/initializers/services/apiservices/repo/OfferRepo.class]
2020-06-27 22:29:16,449 DEBUG org.springframework.context.annotation.ClassPathScanningCandidateComponentProvider [restartedMain] Identified candidate component class: file [/home/karthik/git/Thavare_daily/apiservices/target/classes/com/initializers/services/apiservices/repo/TopDealsRepo.class]
2020-06-27 22:29:16,449 DEBUG org.springframework.context.annotation.ClassPathScanningCandidateComponentProvider [restartedMain] Identified candidate component class: file [/home/karthik/git/Thavare_daily/apiservices/target/classes/com/initializers/services/apiservices/repo/TransientUserDetailsRepo.class]
2020-06-27 22:29:16,449 DEBUG org.springframework.context.annotation.ClassPathScanningCandidateComponentProvider [restartedMain] Identified candidate component class: file [/home/karthik/git/Thavare_daily/apiservices/target/classes/com/initializers/services/apiservices/repo/UserCartRepo.class]
2020-06-27 22:29:16,449 DEBUG org.springframework.context.annotation.ClassPathScanningCandidateComponentProvider [restartedMain] Identified candidate component class: file [/home/karthik/git/Thavare_daily/apiservices/target/classes/com/initializers/services/apiservices/repo/UserDetailsRepo.class]
2020-06-27 22:29:16,449 DEBUG org.springframework.context.annotation.ClassPathScanningCandidateComponentProvider [restartedMain] Identified candidate component class: file [/home/karthik/git/Thavare_daily/apiservices/target/classes/com/initializers/services/apiservices/repo/UserOTPRepo.class]
2020-06-27 22:29:16,450 DEBUG org.springframework.context.annotation.ClassPathScanningCandidateComponentProvider [restartedMain] Identified candidate component class: file [/home/karthik/git/Thavare_daily/apiservices/target/classes/com/initializers/services/apiservices/repo/UserOrderSetRepo.class]
2020-06-27 22:29:16,453 DEBUG org.springframework.context.annotation.ClassPathScanningCandidateComponentProvider [restartedMain] Identified candidate component class: file [/home/karthik/git/Thavare_daily/apiservices/target/classes/com/initializers/services/apiservices/repo/UserReviewRepo.class]
2020-06-27 22:29:16,453 DEBUG org.springframework.context.annotation.ClassPathScanningCandidateComponentProvider [restartedMain] Identified candidate component class: file [/home/karthik/git/Thavare_daily/apiservices/target/classes/com/initializers/services/apiservices/repo/UserWishlistRepo.class]
2020-06-27 22:29:16,515 INFO org.springframework.data.repository.config.RepositoryConfigurationDelegate [restartedMain] Finished Spring Data repository scanning in 81ms. Found 15 MongoDB repository interfaces.
2020-06-27 22:29:17,170 DEBUG org.springframework.data.convert.CustomConversions [restartedMain] Registering converter from class java.time.LocalDateTime to class java.time.Instant as reading converter although it doesn't convert from a store-supported type! You might want to check your annotation setup at the converter implementation.
2020-06-27 22:29:17,178 DEBUG org.springframework.data.convert.CustomConversions [restartedMain] Registering converter from class java.time.Instant to class java.time.LocalDateTime as reading converter although it doesn't convert from a store-supported type! You might want to check your annotation setup at the converter implementation.
2020-06-27 22:29:17,354 DEBUG org.springframework.data.convert.CustomConversions [restartedMain] Registering converter from class java.time.LocalDateTime to class java.time.Instant as reading converter although it doesn't convert from a store-supported type! You might want to check your annotation setup at the converter implementation.
2020-06-27 22:29:17,355 DEBUG org.springframework.data.convert.CustomConversions [restartedMain] Registering converter from class java.time.Instant to class java.time.LocalDateTime as reading converter although it doesn't convert from a store-supported type! You might want to check your annotation setup at the converter implementation.
2020-06-27 22:29:17,360 DEBUG org.springframework.data.mongodb.core.index.MongoPersistentEntityIndexCreator [restartedMain] Analyzing class class com.initializers.services.apiservices.model.Address for index information.
2020-06-27 22:29:17,362 DEBUG org.springframework.data.mongodb.core.index.MongoPersistentEntityIndexCreator [restartedMain] Analyzing class class com.initializers.services.apiservices.model.UserOrder for index information.
2020-06-27 22:29:17,362 DEBUG org.springframework.data.mongodb.core.index.MongoPersistentEntityIndexCreator [restartedMain] Analyzing class class com.initializers.services.apiservices.model.TopDeals for index information.
2020-06-27 22:29:17,363 DEBUG org.springframework.data.mongodb.core.index.MongoPersistentEntityIndexCreator [restartedMain] Analyzing class class com.initializers.services.apiservices.model.DatabaseSequence for index information.
2020-06-27 22:29:17,364 DEBUG org.springframework.data.mongodb.core.index.MongoPersistentEntityIndexCreator [restartedMain] Analyzing class class com.initializers.services.apiservices.model.item.ItemSubCategory for index information.
2020-06-27 22:29:17,364 DEBUG org.springframework.data.mongodb.core.index.MongoPersistentEntityIndexCreator [restartedMain] Analyzing class class com.initializers.services.apiservices.model.UserReview for index information.
2020-06-27 22:29:17,365 DEBUG org.springframework.data.mongodb.core.index.MongoPersistentEntityIndexCreator [restartedMain] Analyzing class class com.initializers.services.apiservices.model.Offer for index information.
2020-06-27 22:29:17,366 DEBUG org.springframework.data.mongodb.core.index.MongoPersistentEntityIndexCreator [restartedMain] Analyzing class class com.initializers.services.apiservices.model.TransientUserDetails for index information.
2020-06-27 22:29:17,366 DEBUG org.springframework.data.mongodb.core.index.MongoPersistentEntityIndexCreator [restartedMain] Analyzing class class com.initializers.services.apiservices.model.UserWishlist for index information.
2020-06-27 22:29:17,367 DEBUG org.springframework.data.mongodb.core.index.MongoPersistentEntityIndexCreator [restartedMain] Analyzing class class com.initializers.services.apiservices.model.UserReview$CompositeKey for index information.
2020-06-27 22:29:17,367 DEBUG org.springframework.data.mongodb.core.index.MongoPersistentEntityIndexCreator [restartedMain] Analyzing class class com.initializers.services.apiservices.model.item.ItemCategory for index information.
2020-06-27 22:29:17,368 DEBUG org.springframework.data.mongodb.core.index.MongoPersistentEntityIndexCreator [restartedMain] Analyzing class class com.initializers.services.apiservices.model.UserCart for index information.
2020-06-27 22:29:17,368 DEBUG org.springframework.data.mongodb.core.index.MongoPersistentEntityIndexCreator [restartedMain] Analyzing class class com.initializers.services.apiservices.model.UserOrderSet for index information.
2020-06-27 22:29:17,369 DEBUG org.springframework.data.mongodb.core.index.MongoPersistentEntityIndexCreator [restartedMain] Analyzing class class com.initializers.services.apiservices.model.item.ItemAvailability for index information.
2020-06-27 22:29:17,370 DEBUG org.springframework.data.mongodb.core.index.MongoPersistentEntityIndexCreator [restartedMain] Analyzing class class com.initializers.services.apiservices.model.UserCart$CompositeKey for index information.
2020-06-27 22:29:17,371 DEBUG org.springframework.data.mongodb.core.index.MongoPersistentEntityIndexCreator [restartedMain] Analyzing class class com.initializers.services.apiservices.model.UserDetails for index information.
2020-06-27 22:29:17,372 DEBUG org.springframework.data.mongodb.core.index.MongoPersistentEntityIndexCreator [restartedMain] Analyzing class class com.initializers.services.apiservices.model.UserOTP for index information.
2020-06-27 22:29:17,373 DEBUG org.springframework.data.mongodb.core.index.MongoPersistentEntityIndexCreator [restartedMain] Analyzing class class com.initializers.services.apiservices.model.OrderStatus for index information.
2020-06-27 22:29:17,373 DEBUG org.springframework.data.mongodb.core.index.MongoPersistentEntityIndexCreator [restartedMain] Analyzing class class com.initializers.services.apiservices.model.item.ItemDescription for index information.
2020-06-27 22:29:17,373 DEBUG org.springframework.data.mongodb.core.index.MongoPersistentEntityIndexCreator [restartedMain] Analyzing class class com.initializers.services.apiservices.model.OfferConfigurationDB for index information.
2020-06-27 22:29:17,374 DEBUG org.springframework.data.mongodb.core.index.MongoPersistentEntityIndexCreator [restartedMain] Analyzing class class com.initializers.services.apiservices.model.item.ItemDetails for index information.
2020-06-27 22:29:30,648 DEBUG org.springframework.data.repository.core.support.RepositoryFactorySupport [restartedMain] Initializing repository instance for com.initializers.services.apiservices.repo.ItemCategoryRepo…
2020-06-27 22:29:30,661 DEBUG org.springframework.data.repository.core.support.RepositoryFactorySupport [restartedMain] Finished creation of repository instance for com.initializers.services.apiservices.repo.ItemCategoryRepo.
2020-06-27 22:29:30,670 DEBUG org.springframework.data.repository.core.support.RepositoryFactorySupport [restartedMain] Initializing repository instance for com.initializers.services.apiservices.repo.ItemSubCategoryRepo…
2020-06-27 22:29:30,684 DEBUG org.springframework.data.repository.core.support.RepositoryFactorySupport [restartedMain] Finished creation of repository instance for com.initializers.services.apiservices.repo.ItemSubCategoryRepo.
2020-06-27 22:29:30,694 DEBUG org.springframework.data.repository.core.support.RepositoryFactorySupport [restartedMain] Initializing repository instance for com.initializers.services.apiservices.repo.ItemDetailsRepo…
2020-06-27 22:29:30,718 DEBUG org.springframework.data.repository.core.support.RepositoryFactorySupport [restartedMain] Finished creation of repository instance for com.initializers.services.apiservices.repo.ItemDetailsRepo.
2020-06-27 22:29:30,732 DEBUG org.springframework.data.repository.core.support.RepositoryFactorySupport [restartedMain] Initializing repository instance for com.initializers.services.apiservices.repo.ItemAvailabilityRepo…
2020-06-27 22:29:30,758 DEBUG org.springframework.data.repository.core.support.RepositoryFactorySupport [restartedMain] Finished creation of repository instance for com.initializers.services.apiservices.repo.ItemAvailabilityRepo.
2020-06-27 22:29:30,806 DEBUG org.springframework.data.repository.core.support.RepositoryFactorySupport [restartedMain] Initializing repository instance for com.initializers.services.apiservices.repo.TopDealsRepo…
2020-06-27 22:29:30,817 DEBUG org.springframework.data.repository.core.support.RepositoryFactorySupport [restartedMain] Finished creation of repository instance for com.initializers.services.apiservices.repo.TopDealsRepo.
2020-06-27 22:29:30,850 DEBUG org.springframework.data.repository.core.support.RepositoryFactorySupport [restartedMain] Initializing repository instance for com.initializers.services.apiservices.repo.UserDetailsRepo…
2020-06-27 22:29:30,862 DEBUG org.springframework.data.repository.core.support.RepositoryFactorySupport [restartedMain] Finished creation of repository instance for com.initializers.services.apiservices.repo.UserDetailsRepo.
2020-06-27 22:29:30,872 DEBUG org.springframework.data.repository.core.support.RepositoryFactorySupport [restartedMain] Initializing repository instance for com.initializers.services.apiservices.repo.TransientUserDetailsRepo…
2020-06-27 22:29:30,877 DEBUG org.springframework.data.repository.core.support.RepositoryFactorySupport [restartedMain] Finished creation of repository instance for com.initializers.services.apiservices.repo.TransientUserDetailsRepo.
2020-06-27 22:29:30,889 DEBUG org.springframework.data.repository.core.support.RepositoryFactorySupport [restartedMain] Initializing repository instance for com.initializers.services.apiservices.repo.UserOTPRepo…
2020-06-27 22:29:30,896 DEBUG org.springframework.data.repository.core.support.RepositoryFactorySupport [restartedMain] Finished creation of repository instance for com.initializers.services.apiservices.repo.UserOTPRepo.
2020-06-27 22:29:30,909 DEBUG org.springframework.data.repository.core.support.RepositoryFactorySupport [restartedMain] Initializing repository instance for com.initializers.services.apiservices.repo.AddressRepo…
2020-06-27 22:29:30,918 DEBUG org.springframework.data.repository.core.support.RepositoryFactorySupport [restartedMain] Finished creation of repository instance for com.initializers.services.apiservices.repo.AddressRepo.
2020-06-27 22:29:30,930 DEBUG org.springframework.data.repository.core.support.RepositoryFactorySupport [restartedMain] Initializing repository instance for com.initializers.services.apiservices.repo.UserCartRepo…
2020-06-27 22:29:30,939 DEBUG org.springframework.data.repository.core.support.RepositoryFactorySupport [restartedMain] Finished creation of repository instance for com.initializers.services.apiservices.repo.UserCartRepo.
2020-06-27 22:29:30,943 DEBUG org.springframework.data.repository.core.support.RepositoryFactorySupport [restartedMain] Initializing repository instance for com.initializers.services.apiservices.repo.UserOrderSetRepo…
2020-06-27 22:29:30,951 DEBUG org.springframework.data.repository.core.support.RepositoryFactorySupport [restartedMain] Finished creation of repository instance for com.initializers.services.apiservices.repo.UserOrderSetRepo.
2020-06-27 22:29:30,959 DEBUG org.springframework.data.repository.core.support.RepositoryFactorySupport [restartedMain] Initializing repository instance for com.initializers.services.apiservices.repo.OfferConfigurationDBRepo…
2020-06-27 22:29:30,968 DEBUG org.springframework.data.repository.core.support.RepositoryFactorySupport [restartedMain] Finished creation of repository instance for com.initializers.services.apiservices.repo.OfferConfigurationDBRepo.
2020-06-27 22:29:31,001 DEBUG org.springframework.data.repository.core.support.RepositoryFactorySupport [restartedMain] Initializing repository instance for com.initializers.services.apiservices.repo.UserReviewRepo…
2020-06-27 22:29:31,017 DEBUG org.springframework.data.repository.core.support.RepositoryFactorySupport [restartedMain] Finished creation of repository instance for com.initializers.services.apiservices.repo.UserReviewRepo.
2020-06-27 22:29:31,035 DEBUG org.springframework.data.repository.core.support.RepositoryFactorySupport [restartedMain] Initializing repository instance for com.initializers.services.apiservices.repo.UserWishlistRepo…
2020-06-27 22:29:31,049 DEBUG org.springframework.data.repository.core.support.RepositoryFactorySupport [restartedMain] Finished creation of repository instance for com.initializers.services.apiservices.repo.UserWishlistRepo.
2020-06-27 22:29:31,162 INFO com.initializers.services.apiservices.others.ApplicationProperties [restartedMain] app running in dev environment
2020-06-27 22:29:31,164 WARN org.springframework.data.rest.webmvc.halbrowser.HalBrowser [restartedMain] ---
2020-06-27 22:29:31,165 WARN org.springframework.data.rest.webmvc.halbrowser.HalBrowser [restartedMain] Spring Data REST HAL Browser is deprecated! Prefer the HAL Explorer (artifactId: spring-data-rest-hal-explorer)!
2020-06-27 22:29:31,165 WARN org.springframework.data.rest.webmvc.halbrowser.HalBrowser [restartedMain] ---
2020-06-27 22:29:31,203 DEBUG org.springframework.data.repository.core.support.RepositoryFactorySupport [restartedMain] Initializing repository instance for com.initializers.services.apiservices.repo.OfferRepo…
2020-06-27 22:29:31,209 DEBUG org.springframework.data.repository.core.support.RepositoryFactorySupport [restartedMain] Finished creation of repository instance for com.initializers.services.apiservices.repo.OfferRepo.
2020-06-27 22:29:31,617 DEBUG org.springframework.web.servlet.mvc.method.annotation.RequestMappingHandlerAdapter [restartedMain] ControllerAdvice beans: 0 @ModelAttribute, 0 @InitBinder, 0 RequestBodyAdvice, 1 ResponseBodyAdvice
2020-06-27 22:29:31,626 DEBUG org.springframework.web.servlet.handler.AbstractHandlerMethodMapping [restartedMain] 27 mappings in <unknown>
2020-06-27 22:29:31,628 DEBUG org.springframework.web.servlet.handler.AbstractHandlerMethodMapping [restartedMain] 7 mappings in <unknown>
2020-06-27 22:29:31,727 INFO org.springframework.boot.StartupInfoLogger [restartedMain] Started ApiservicesApplication in 16.379 seconds (JVM running for 1383.153)
2020-06-27 22:29:49,427 DEBUG org.springframework.data.mongodb.core.MongoTemplate [http-nio-8080-exec-2] Executing aggregation: [{ "$match" : { "departments" : { "$size" : 1}}}, { "$lookup" : { "from" : "item_sub_category", "localField" : "_id", "foreignField" : "categoryId", "as" : "departments"}}] in collection item_category
