2020-08-15 19:17:44,798 INFO org.springframework.boot.StartupInfoLogger [restartedMain] Starting ApiservicesApplication on karthik-HP-Notebook with PID 4641 (/home/karthik/git/Thavare_daily/apiservices/target/classes started by karthik in /home/karthik/git/Thavare_daily/apiservices)
2020-08-15 19:17:44,804 DEBUG org.springframework.boot.StartupInfoLogger [restartedMain] Running with Spring Boot v2.2.5.RELEASE, Spring v5.2.4.RELEASE
2020-08-15 19:17:44,805 INFO org.springframework.boot.SpringApplication [restartedMain] The following profiles are active: dev
2020-08-15 19:17:51,224 INFO org.springframework.data.repository.config.RepositoryConfigurationDelegate [restartedMain] Bootstrapping Spring Data MongoDB repositories in DEFAULT mode.
2020-08-15 19:17:51,282 DEBUG org.springframework.data.repository.config.RepositoryConfigurationDelegate [restartedMain] Scanning for MongoDB repositories in packages com.initializers.services.apiservices.
2020-08-15 19:17:51,371 DEBUG org.springframework.context.annotation.ClassPathScanningCandidateComponentProvider [restartedMain] Identified candidate component class: file [/home/karthik/git/Thavare_daily/apiservices/target/classes/com/initializers/services/apiservices/repo/AddressRepo.class]
2020-08-15 19:17:51,372 DEBUG org.springframework.context.annotation.ClassPathScanningCandidateComponentProvider [restartedMain] Identified candidate component class: file [/home/karthik/git/Thavare_daily/apiservices/target/classes/com/initializers/services/apiservices/repo/ItemAvailabilityRepo.class]
2020-08-15 19:17:51,373 DEBUG org.springframework.context.annotation.ClassPathScanningCandidateComponentProvider [restartedMain] Identified candidate component class: file [/home/karthik/git/Thavare_daily/apiservices/target/classes/com/initializers/services/apiservices/repo/ItemCategoryRepo.class]
2020-08-15 19:17:51,374 DEBUG org.springframework.context.annotation.ClassPathScanningCandidateComponentProvider [restartedMain] Identified candidate component class: file [/home/karthik/git/Thavare_daily/apiservices/target/classes/com/initializers/services/apiservices/repo/ItemDetailsRepo.class]
2020-08-15 19:17:51,375 DEBUG org.springframework.context.annotation.ClassPathScanningCandidateComponentProvider [restartedMain] Identified candidate component class: file [/home/karthik/git/Thavare_daily/apiservices/target/classes/com/initializers/services/apiservices/repo/ItemSubCategoryRepo.class]
2020-08-15 19:17:51,375 DEBUG org.springframework.context.annotation.ClassPathScanningCandidateComponentProvider [restartedMain] Identified candidate component class: file [/home/karthik/git/Thavare_daily/apiservices/target/classes/com/initializers/services/apiservices/repo/OfferConfigurationDBRepo.class]
2020-08-15 19:17:51,376 DEBUG org.springframework.context.annotation.ClassPathScanningCandidateComponentProvider [restartedMain] Identified candidate component class: file [/home/karthik/git/Thavare_daily/apiservices/target/classes/com/initializers/services/apiservices/repo/OfferRepo.class]
2020-08-15 19:17:51,377 DEBUG org.springframework.context.annotation.ClassPathScanningCandidateComponentProvider [restartedMain] Identified candidate component class: file [/home/karthik/git/Thavare_daily/apiservices/target/classes/com/initializers/services/apiservices/repo/TopDealsRepo.class]
2020-08-15 19:17:51,378 DEBUG org.springframework.context.annotation.ClassPathScanningCandidateComponentProvider [restartedMain] Identified candidate component class: file [/home/karthik/git/Thavare_daily/apiservices/target/classes/com/initializers/services/apiservices/repo/TransientUserDetailsRepo.class]
2020-08-15 19:17:51,379 DEBUG org.springframework.context.annotation.ClassPathScanningCandidateComponentProvider [restartedMain] Identified candidate component class: file [/home/karthik/git/Thavare_daily/apiservices/target/classes/com/initializers/services/apiservices/repo/UserCartRepo.class]
2020-08-15 19:17:51,379 DEBUG org.springframework.context.annotation.ClassPathScanningCandidateComponentProvider [restartedMain] Identified candidate component class: file [/home/karthik/git/Thavare_daily/apiservices/target/classes/com/initializers/services/apiservices/repo/UserDetailsRepo.class]
2020-08-15 19:17:51,380 DEBUG org.springframework.context.annotation.ClassPathScanningCandidateComponentProvider [restartedMain] Identified candidate component class: file [/home/karthik/git/Thavare_daily/apiservices/target/classes/com/initializers/services/apiservices/repo/UserOTPRepo.class]
2020-08-15 19:17:51,381 DEBUG org.springframework.context.annotation.ClassPathScanningCandidateComponentProvider [restartedMain] Identified candidate component class: file [/home/karthik/git/Thavare_daily/apiservices/target/classes/com/initializers/services/apiservices/repo/UserOrderSetRepo.class]
2020-08-15 19:17:51,382 DEBUG org.springframework.context.annotation.ClassPathScanningCandidateComponentProvider [restartedMain] Identified candidate component class: file [/home/karthik/git/Thavare_daily/apiservices/target/classes/com/initializers/services/apiservices/repo/UserReviewRepo.class]
2020-08-15 19:17:51,383 DEBUG org.springframework.context.annotation.ClassPathScanningCandidateComponentProvider [restartedMain] Identified candidate component class: file [/home/karthik/git/Thavare_daily/apiservices/target/classes/com/initializers/services/apiservices/repo/UserWishlistRepo.class]
2020-08-15 19:17:51,674 DEBUG org.springframework.data.repository.config.RepositoryBeanDefinitionBuilder [restartedMain] Registering repository fragment implementation: itemCategoryCustomRepoImpl com.initializers.services.apiservices.repo.Impl.ItemCategoryCustomRepoImpl
2020-08-15 19:17:51,675 DEBUG org.springframework.data.repository.config.RepositoryBeanDefinitionBuilder [restartedMain] Registering repository fragment: itemCategoryCustomRepoImplFragment
2020-08-15 19:17:51,686 INFO org.springframework.data.repository.config.RepositoryConfigurationDelegate [restartedMain] Finished Spring Data repository scanning in 402ms. Found 15 MongoDB repository interfaces.
2020-08-15 19:17:57,782 DEBUG org.springframework.data.convert.CustomConversions [restartedMain] Registering converter from class java.time.LocalDateTime to class java.time.Instant as reading converter although it doesn't convert from a store-supported type! You might want to check your annotation setup at the converter implementation.
2020-08-15 19:17:57,784 DEBUG org.springframework.data.convert.CustomConversions [restartedMain] Registering converter from class java.time.Instant to class java.time.LocalDateTime as reading converter although it doesn't convert from a store-supported type! You might want to check your annotation setup at the converter implementation.
2020-08-15 19:17:58,127 DEBUG org.springframework.data.convert.CustomConversions [restartedMain] Registering converter from class java.time.LocalDateTime to class java.time.Instant as reading converter although it doesn't convert from a store-supported type! You might want to check your annotation setup at the converter implementation.
2020-08-15 19:17:58,128 DEBUG org.springframework.data.convert.CustomConversions [restartedMain] Registering converter from class java.time.Instant to class java.time.LocalDateTime as reading converter although it doesn't convert from a store-supported type! You might want to check your annotation setup at the converter implementation.
2020-08-15 19:17:58,215 DEBUG org.springframework.data.mongodb.core.index.MongoPersistentEntityIndexCreator [restartedMain] Analyzing class class com.initializers.services.apiservices.model.OrderStatus for index information.
2020-08-15 19:17:58,216 DEBUG org.springframework.data.mongodb.core.index.MongoPersistentEntityIndexCreator [restartedMain] Analyzing class class com.initializers.services.apiservices.model.UserCart$CompositeKey for index information.
2020-08-15 19:17:58,217 DEBUG org.springframework.data.mongodb.core.index.MongoPersistentEntityIndexCreator [restartedMain] Analyzing class class com.initializers.services.apiservices.model.item.ItemCategory for index information.
2020-08-15 19:17:58,231 DEBUG org.springframework.data.mongodb.core.index.MongoPersistentEntityIndexCreator [restartedMain] Analyzing class class com.initializers.services.apiservices.model.UserWishlist for index information.
2020-08-15 19:17:58,233 DEBUG org.springframework.data.mongodb.core.index.MongoPersistentEntityIndexCreator [restartedMain] Analyzing class class com.initializers.services.apiservices.model.DatabaseSequence for index information.
2020-08-15 19:17:58,236 DEBUG org.springframework.data.mongodb.core.index.MongoPersistentEntityIndexCreator [restartedMain] Analyzing class class com.initializers.services.apiservices.model.UserOrderSet for index information.
2020-08-15 19:17:58,243 DEBUG org.springframework.data.mongodb.core.index.MongoPersistentEntityIndexCreator [restartedMain] Analyzing class class com.initializers.services.apiservices.model.UserCart for index information.
2020-08-15 19:17:58,246 DEBUG org.springframework.data.mongodb.core.index.MongoPersistentEntityIndexCreator [restartedMain] Analyzing class class com.initializers.services.apiservices.model.item.ItemDescription for index information.
2020-08-15 19:17:58,247 DEBUG org.springframework.data.mongodb.core.index.MongoPersistentEntityIndexCreator [restartedMain] Analyzing class class com.initializers.services.apiservices.model.item.ItemAvailability for index information.
2020-08-15 19:17:58,248 DEBUG org.springframework.data.mongodb.core.index.MongoPersistentEntityIndexCreator [restartedMain] Analyzing class class com.initializers.services.apiservices.model.item.ItemDetails for index information.
2020-08-15 19:17:58,252 DEBUG org.springframework.data.mongodb.core.index.MongoPersistentEntityIndexCreator [restartedMain] Analyzing class class com.initializers.services.apiservices.model.Offer for index information.
2020-08-15 19:17:58,253 DEBUG org.springframework.data.mongodb.core.index.MongoPersistentEntityIndexCreator [restartedMain] Analyzing class class com.initializers.services.apiservices.model.item.ItemSubCategory for index information.
2020-08-15 19:17:58,255 DEBUG org.springframework.data.mongodb.core.index.MongoPersistentEntityIndexCreator [restartedMain] Analyzing class class com.initializers.services.apiservices.model.UserReview$CompositeKey for index information.
2020-08-15 19:17:58,255 DEBUG org.springframework.data.mongodb.core.index.MongoPersistentEntityIndexCreator [restartedMain] Analyzing class class com.initializers.services.apiservices.model.OfferConfigurationDB for index information.
2020-08-15 19:17:58,257 DEBUG org.springframework.data.mongodb.core.index.MongoPersistentEntityIndexCreator [restartedMain] Analyzing class class com.initializers.services.apiservices.model.TransientUserDetails for index information.
2020-08-15 19:17:58,258 DEBUG org.springframework.data.mongodb.core.index.MongoPersistentEntityIndexCreator [restartedMain] Analyzing class class com.initializers.services.apiservices.model.TopDeals for index information.
2020-08-15 19:17:58,260 DEBUG org.springframework.data.mongodb.core.index.MongoPersistentEntityIndexCreator [restartedMain] Analyzing class class com.initializers.services.apiservices.model.UserDetails for index information.
2020-08-15 19:17:58,261 DEBUG org.springframework.data.mongodb.core.index.MongoPersistentEntityIndexCreator [restartedMain] Analyzing class class com.initializers.services.apiservices.model.UserOTP for index information.
2020-08-15 19:17:58,263 DEBUG org.springframework.data.mongodb.core.index.MongoPersistentEntityIndexCreator [restartedMain] Analyzing class class com.initializers.services.apiservices.model.Address for index information.
2020-08-15 19:17:58,265 DEBUG org.springframework.data.mongodb.core.index.MongoPersistentEntityIndexCreator [restartedMain] Analyzing class class com.initializers.services.apiservices.model.UserOrder for index information.
2020-08-15 19:17:58,267 DEBUG org.springframework.data.mongodb.core.index.MongoPersistentEntityIndexCreator [restartedMain] Analyzing class class com.initializers.services.apiservices.model.UserReview for index information.
2020-08-15 19:17:59,875 DEBUG org.springframework.data.repository.core.support.RepositoryFactorySupport [restartedMain] Initializing repository instance for com.initializers.services.apiservices.repo.ItemCategoryRepo…
2020-08-15 19:18:00,146 DEBUG org.springframework.data.repository.core.support.RepositoryFactorySupport [restartedMain] Finished creation of repository instance for com.initializers.services.apiservices.repo.ItemCategoryRepo.
2020-08-15 19:18:00,163 DEBUG org.springframework.data.repository.core.support.RepositoryFactorySupport [restartedMain] Initializing repository instance for com.initializers.services.apiservices.repo.ItemSubCategoryRepo…
2020-08-15 19:18:00,182 DEBUG org.springframework.data.repository.core.support.RepositoryFactorySupport [restartedMain] Finished creation of repository instance for com.initializers.services.apiservices.repo.ItemSubCategoryRepo.
2020-08-15 19:18:00,196 DEBUG org.springframework.data.repository.core.support.RepositoryFactorySupport [restartedMain] Initializing repository instance for com.initializers.services.apiservices.repo.ItemAvailabilityRepo…
2020-08-15 19:18:00,213 DEBUG org.springframework.data.repository.core.support.RepositoryFactorySupport [restartedMain] Finished creation of repository instance for com.initializers.services.apiservices.repo.ItemAvailabilityRepo.
2020-08-15 19:18:00,222 DEBUG org.springframework.data.repository.core.support.RepositoryFactorySupport [restartedMain] Initializing repository instance for com.initializers.services.apiservices.repo.ItemDetailsRepo…
2020-08-15 19:18:00,238 DEBUG org.springframework.data.repository.core.support.RepositoryFactorySupport [restartedMain] Finished creation of repository instance for com.initializers.services.apiservices.repo.ItemDetailsRepo.
2020-08-15 19:18:00,382 DEBUG org.springframework.data.repository.core.support.RepositoryFactorySupport [restartedMain] Initializing repository instance for com.initializers.services.apiservices.repo.UserOrderSetRepo…
2020-08-15 19:18:00,399 DEBUG org.springframework.data.repository.core.support.RepositoryFactorySupport [restartedMain] Finished creation of repository instance for com.initializers.services.apiservices.repo.UserOrderSetRepo.
2020-08-15 19:18:00,415 DEBUG org.springframework.data.repository.core.support.RepositoryFactorySupport [restartedMain] Initializing repository instance for com.initializers.services.apiservices.repo.UserDetailsRepo…
2020-08-15 19:18:00,430 DEBUG org.springframework.data.repository.core.support.RepositoryFactorySupport [restartedMain] Finished creation of repository instance for com.initializers.services.apiservices.repo.UserDetailsRepo.
2020-08-15 19:18:00,449 DEBUG org.springframework.data.repository.core.support.RepositoryFactorySupport [restartedMain] Initializing repository instance for com.initializers.services.apiservices.repo.TransientUserDetailsRepo…
2020-08-15 19:18:00,474 DEBUG org.springframework.data.repository.core.support.RepositoryFactorySupport [restartedMain] Finished creation of repository instance for com.initializers.services.apiservices.repo.TransientUserDetailsRepo.
2020-08-15 19:18:00,486 DEBUG org.springframework.data.repository.core.support.RepositoryFactorySupport [restartedMain] Initializing repository instance for com.initializers.services.apiservices.repo.UserOTPRepo…
2020-08-15 19:18:00,494 DEBUG org.springframework.data.repository.core.support.RepositoryFactorySupport [restartedMain] Finished creation of repository instance for com.initializers.services.apiservices.repo.UserOTPRepo.
2020-08-15 19:18:00,511 DEBUG org.springframework.data.repository.core.support.RepositoryFactorySupport [restartedMain] Initializing repository instance for com.initializers.services.apiservices.repo.AddressRepo…
2020-08-15 19:18:00,521 DEBUG org.springframework.data.repository.core.support.RepositoryFactorySupport [restartedMain] Finished creation of repository instance for com.initializers.services.apiservices.repo.AddressRepo.
2020-08-15 19:18:00,548 DEBUG org.springframework.data.repository.core.support.RepositoryFactorySupport [restartedMain] Initializing repository instance for com.initializers.services.apiservices.repo.TopDealsRepo…
2020-08-15 19:18:00,555 DEBUG org.springframework.data.repository.core.support.RepositoryFactorySupport [restartedMain] Finished creation of repository instance for com.initializers.services.apiservices.repo.TopDealsRepo.
2020-08-15 19:18:00,575 DEBUG org.springframework.data.repository.core.support.RepositoryFactorySupport [restartedMain] Initializing repository instance for com.initializers.services.apiservices.repo.UserCartRepo…
2020-08-15 19:18:00,586 DEBUG org.springframework.data.repository.core.support.RepositoryFactorySupport [restartedMain] Finished creation of repository instance for com.initializers.services.apiservices.repo.UserCartRepo.
2020-08-15 19:18:00,598 DEBUG org.springframework.data.repository.core.support.RepositoryFactorySupport [restartedMain] Initializing repository instance for com.initializers.services.apiservices.repo.OfferConfigurationDBRepo…
2020-08-15 19:18:00,606 DEBUG org.springframework.data.repository.core.support.RepositoryFactorySupport [restartedMain] Finished creation of repository instance for com.initializers.services.apiservices.repo.OfferConfigurationDBRepo.
2020-08-15 19:18:00,628 DEBUG org.springframework.data.repository.core.support.RepositoryFactorySupport [restartedMain] Initializing repository instance for com.initializers.services.apiservices.repo.UserReviewRepo…
2020-08-15 19:18:00,636 DEBUG org.springframework.data.repository.core.support.RepositoryFactorySupport [restartedMain] Finished creation of repository instance for com.initializers.services.apiservices.repo.UserReviewRepo.
2020-08-15 19:18:00,652 DEBUG org.springframework.data.repository.core.support.RepositoryFactorySupport [restartedMain] Initializing repository instance for com.initializers.services.apiservices.repo.UserWishlistRepo…
2020-08-15 19:18:00,660 DEBUG org.springframework.data.repository.core.support.RepositoryFactorySupport [restartedMain] Finished creation of repository instance for com.initializers.services.apiservices.repo.UserWishlistRepo.
2020-08-15 19:18:00,744 INFO com.initializers.services.apiservices.others.ApplicationProperties [restartedMain] app running in dev environment
2020-08-15 19:18:00,747 WARN org.springframework.data.rest.webmvc.halbrowser.HalBrowser [restartedMain] ---
2020-08-15 19:18:00,747 WARN org.springframework.data.rest.webmvc.halbrowser.HalBrowser [restartedMain] Spring Data REST HAL Browser is deprecated! Prefer the HAL Explorer (artifactId: spring-data-rest-hal-explorer)!
2020-08-15 19:18:00,748 WARN org.springframework.data.rest.webmvc.halbrowser.HalBrowser [restartedMain] ---
2020-08-15 19:18:00,906 DEBUG org.springframework.data.repository.core.support.RepositoryFactorySupport [restartedMain] Initializing repository instance for com.initializers.services.apiservices.repo.OfferRepo…
2020-08-15 19:18:00,917 DEBUG org.springframework.data.repository.core.support.RepositoryFactorySupport [restartedMain] Finished creation of repository instance for com.initializers.services.apiservices.repo.OfferRepo.
2020-08-15 19:18:02,380 DEBUG org.springframework.web.servlet.mvc.method.annotation.RequestMappingHandlerAdapter [restartedMain] ControllerAdvice beans: 0 @ModelAttribute, 0 @InitBinder, 0 RequestBodyAdvice, 1 ResponseBodyAdvice
2020-08-15 19:18:02,411 DEBUG org.springframework.web.servlet.handler.AbstractHandlerMethodMapping [restartedMain] 27 mappings in <unknown>
2020-08-15 19:18:02,416 DEBUG org.springframework.web.servlet.handler.AbstractHandlerMethodMapping [restartedMain] 7 mappings in <unknown>
2020-08-15 19:18:02,734 INFO org.springframework.boot.StartupInfoLogger [restartedMain] Started ApiservicesApplication in 20.167 seconds (JVM running for 21.831)
2020-08-15 19:18:32,778 DEBUG org.springframework.data.mongodb.core.MongoTemplate [http-nio-8080-exec-3] Executing aggregation: [{ "$project" : { "key" : "$_id", "value" : "$name"}}] in collection item_category
2020-08-15 19:18:32,779 DEBUG org.springframework.data.mongodb.core.MongoTemplate [http-nio-8080-exec-1] Executing aggregation: [{ "$lookup" : { "from" : "item_sub_category", "localField" : "subCategoryId", "foreignField" : "_id", "as" : "join_subcat"}}, { "$lookup" : { "from" : "item_category", "localField" : "categoryId", "foreignField" : "_id", "as" : "join_cat"}}, { "$project" : { "_id" : 1, "name" : 1, "imageLinks" : 1, "status" : 1, "subCategoryId" : "$join_subcat.name", "categoryId" : "$join_cat.name"}}] in collection item_details
2020-08-15 19:18:32,785 DEBUG org.springframework.data.mongodb.core.MongoTemplate [http-nio-8080-exec-4] Executing aggregation: [{ "$project" : { "key" : "$_id", "value" : "$name"}}] in collection item_sub_category
2020-08-15 19:18:33,095 DEBUG org.springframework.data.mongodb.core.index.MongoPersistentEntityIndexCreator [http-nio-8080-exec-4] Analyzing class class com.initializers.services.apiservices.others.Suggestions for index information.
2020-08-15 19:18:33,383 DEBUG org.springframework.data.mongodb.core.index.MongoPersistentEntityIndexCreator [http-nio-8080-exec-1] Analyzing class class com.initializers.services.apiservices.model.item.ItemDetailsList for index information.
2020-08-15 19:18:36,675 DEBUG org.springframework.data.mongodb.core.MongoTemplate [http-nio-8080-exec-2] Executing aggregation: [{ "$lookup" : { "from" : "item_sub_category", "localField" : "subCategoryId", "foreignField" : "_id", "as" : "join_subcat"}}, { "$lookup" : { "from" : "item_category", "localField" : "categoryId", "foreignField" : "_id", "as" : "join_cat"}}, { "$match" : { "_id" : { "$numberLong" : "1"}}}, { "$project" : { "_id" : 1, "name" : 1, "subCategoryId" : 1, "imageLinks" : 1, "description" : 1, "itemAvailabilities" : 1, "status" : 1, "categoryId" : 1, "subCategoryName" : "$join_subcat.name", "categoryName" : "$join_cat.name"}}] in collection item_details
2020-08-15 19:18:36,787 DEBUG org.springframework.data.mongodb.repository.query.MongoQueryCreator [http-nio-8080-exec-2] Created query Query: { "itemId" : { "$numberLong" : "1"}}, Fields: {}, Sort: {}
2020-08-15 19:18:36,796 DEBUG org.springframework.data.mongodb.core.MongoTemplate [http-nio-8080-exec-2] find using query: { "itemId" : { "$numberLong" : "1"}} fields: Document{{}} for class: class com.initializers.services.apiservices.model.item.ItemAvailability in collection: item_availability
2020-08-15 19:18:36,853 DEBUG org.springframework.data.mongodb.core.mapping.event.AbstractMongoEventListener [http-nio-8080-exec-2] onAfterLoad(Document{{_id=1, itemId=1, actualPrice=100.0, discount=10, discountPrice=90.0, value=1.0, unit=KG, available=Active, state=Success, _class=com.initializers.services.apiservices.model.item.ItemAvailability}})
2020-08-15 19:18:36,868 DEBUG org.springframework.data.mongodb.core.mapping.event.AbstractMongoEventListener [http-nio-8080-exec-2] onAfterConvert(Document{{_id=1, itemId=1, actualPrice=100.0, discount=10, discountPrice=90.0, value=1.0, unit=KG, available=Active, state=Success, _class=com.initializers.services.apiservices.model.item.ItemAvailability}}, com.initializers.services.apiservices.model.item.ItemAvailability@43f72e1d)
2020-08-15 19:18:36,869 DEBUG org.springframework.data.mongodb.core.mapping.event.AbstractMongoEventListener [http-nio-8080-exec-2] onAfterLoad(Document{{_id=2, itemId=1, actualPrice=200.0, discount=15, discountPrice=170.0, value=2.0, unit=KG, available=InActive, state=Error, _class=com.initializers.services.apiservices.model.item.ItemAvailability}})
2020-08-15 19:18:36,870 DEBUG org.springframework.data.mongodb.core.mapping.event.AbstractMongoEventListener [http-nio-8080-exec-2] onAfterConvert(Document{{_id=2, itemId=1, actualPrice=200.0, discount=15, discountPrice=170.0, value=2.0, unit=KG, available=InActive, state=Error, _class=com.initializers.services.apiservices.model.item.ItemAvailability}}, com.initializers.services.apiservices.model.item.ItemAvailability@786ed58c)
2020-08-15 19:35:39,571 DEBUG org.springframework.data.mongodb.core.MongoTemplate [http-nio-8080-exec-8] Executing aggregation: [{ "$lookup" : { "from" : "item_sub_category", "localField" : "subCategoryId", "foreignField" : "_id", "as" : "join_subcat"}}, { "$lookup" : { "from" : "item_category", "localField" : "categoryId", "foreignField" : "_id", "as" : "join_cat"}}, { "$match" : { "_id" : { "$numberLong" : "1"}}}, { "$project" : { "_id" : 1, "name" : 1, "subCategoryId" : 1, "imageLinks" : 1, "description" : 1, "itemAvailabilities" : 1, "status" : 1, "categoryId" : 1, "subCategoryName" : "$join_subcat.name", "categoryName" : "$join_cat.name"}}] in collection item_details
2020-08-15 19:35:39,578 DEBUG org.springframework.data.mongodb.repository.query.MongoQueryCreator [http-nio-8080-exec-8] Created query Query: { "itemId" : { "$numberLong" : "1"}}, Fields: {}, Sort: {}
2020-08-15 19:35:39,579 DEBUG org.springframework.data.mongodb.core.MongoTemplate [http-nio-8080-exec-8] find using query: { "itemId" : { "$numberLong" : "1"}} fields: Document{{}} for class: class com.initializers.services.apiservices.model.item.ItemAvailability in collection: item_availability
2020-08-15 19:35:39,582 DEBUG org.springframework.data.mongodb.core.mapping.event.AbstractMongoEventListener [http-nio-8080-exec-8] onAfterLoad(Document{{_id=1, itemId=1, actualPrice=100.0, discount=10, discountPrice=90.0, value=1.0, unit=KG, available=Active, state=Success, _class=com.initializers.services.apiservices.model.item.ItemAvailability}})
2020-08-15 19:35:39,586 DEBUG org.springframework.data.mongodb.core.mapping.event.AbstractMongoEventListener [http-nio-8080-exec-8] onAfterConvert(Document{{_id=1, itemId=1, actualPrice=100.0, discount=10, discountPrice=90.0, value=1.0, unit=KG, available=Active, state=Success, _class=com.initializers.services.apiservices.model.item.ItemAvailability}}, com.initializers.services.apiservices.model.item.ItemAvailability@488fe068)
2020-08-15 19:35:39,587 DEBUG org.springframework.data.mongodb.core.mapping.event.AbstractMongoEventListener [http-nio-8080-exec-8] onAfterLoad(Document{{_id=2, itemId=1, actualPrice=200.0, discount=15, discountPrice=170.0, value=2.0, unit=KG, available=InActive, state=Error, _class=com.initializers.services.apiservices.model.item.ItemAvailability}})
2020-08-15 19:35:39,590 DEBUG org.springframework.data.mongodb.core.mapping.event.AbstractMongoEventListener [http-nio-8080-exec-8] onAfterConvert(Document{{_id=2, itemId=1, actualPrice=200.0, discount=15, discountPrice=170.0, value=2.0, unit=KG, available=InActive, state=Error, _class=com.initializers.services.apiservices.model.item.ItemAvailability}}, com.initializers.services.apiservices.model.item.ItemAvailability@6eb2b57b)
2020-08-15 19:35:39,612 DEBUG org.springframework.data.mongodb.core.MongoTemplate [http-nio-8080-exec-9] Executing aggregation: [{ "$lookup" : { "from" : "item_sub_category", "localField" : "subCategoryId", "foreignField" : "_id", "as" : "join_subcat"}}, { "$lookup" : { "from" : "item_category", "localField" : "categoryId", "foreignField" : "_id", "as" : "join_cat"}}, { "$match" : { "_id" : { "$numberLong" : "1"}}}, { "$project" : { "_id" : 1, "name" : 1, "subCategoryId" : 1, "imageLinks" : 1, "description" : 1, "itemAvailabilities" : 1, "status" : 1, "categoryId" : 1, "subCategoryName" : "$join_subcat.name", "categoryName" : "$join_cat.name"}}] in collection item_details
2020-08-15 19:35:39,621 DEBUG org.springframework.data.mongodb.repository.query.MongoQueryCreator [http-nio-8080-exec-9] Created query Query: { "itemId" : { "$numberLong" : "1"}}, Fields: {}, Sort: {}
2020-08-15 19:35:39,624 DEBUG org.springframework.data.mongodb.core.MongoTemplate [http-nio-8080-exec-9] find using query: { "itemId" : { "$numberLong" : "1"}} fields: Document{{}} for class: class com.initializers.services.apiservices.model.item.ItemAvailability in collection: item_availability
2020-08-15 19:35:39,628 DEBUG org.springframework.data.mongodb.core.mapping.event.AbstractMongoEventListener [http-nio-8080-exec-9] onAfterLoad(Document{{_id=1, itemId=1, actualPrice=100.0, discount=10, discountPrice=90.0, value=1.0, unit=KG, available=Active, state=Success, _class=com.initializers.services.apiservices.model.item.ItemAvailability}})
2020-08-15 19:35:39,630 DEBUG org.springframework.data.mongodb.core.mapping.event.AbstractMongoEventListener [http-nio-8080-exec-9] onAfterConvert(Document{{_id=1, itemId=1, actualPrice=100.0, discount=10, discountPrice=90.0, value=1.0, unit=KG, available=Active, state=Success, _class=com.initializers.services.apiservices.model.item.ItemAvailability}}, com.initializers.services.apiservices.model.item.ItemAvailability@10415ee)
2020-08-15 19:35:39,631 DEBUG org.springframework.data.mongodb.core.mapping.event.AbstractMongoEventListener [http-nio-8080-exec-9] onAfterLoad(Document{{_id=2, itemId=1, actualPrice=200.0, discount=15, discountPrice=170.0, value=2.0, unit=KG, available=InActive, state=Error, _class=com.initializers.services.apiservices.model.item.ItemAvailability}})
2020-08-15 19:35:39,632 DEBUG org.springframework.data.mongodb.core.mapping.event.AbstractMongoEventListener [http-nio-8080-exec-9] onAfterConvert(Document{{_id=2, itemId=1, actualPrice=200.0, discount=15, discountPrice=170.0, value=2.0, unit=KG, available=InActive, state=Error, _class=com.initializers.services.apiservices.model.item.ItemAvailability}}, com.initializers.services.apiservices.model.item.ItemAvailability@5e712c63)
2020-08-15 19:46:44,304 DEBUG org.springframework.data.mongodb.core.MongoTemplate [http-nio-8080-exec-3] Executing aggregation: [{ "$lookup" : { "from" : "item_sub_category", "localField" : "subCategoryId", "foreignField" : "_id", "as" : "join_subcat"}}, { "$lookup" : { "from" : "item_category", "localField" : "categoryId", "foreignField" : "_id", "as" : "join_cat"}}, { "$project" : { "_id" : 1, "name" : 1, "imageLinks" : 1, "status" : 1, "subCategoryId" : "$join_subcat.name", "categoryId" : "$join_cat.name"}}] in collection item_details
2020-08-15 19:46:44,485 DEBUG org.springframework.data.mongodb.core.MongoTemplate [http-nio-8080-exec-1] Executing aggregation: [{ "$project" : { "key" : "$_id", "value" : "$name"}}] in collection item_category
2020-08-15 19:46:44,491 DEBUG org.springframework.data.mongodb.core.MongoTemplate [http-nio-8080-exec-2] Executing aggregation: [{ "$project" : { "key" : "$_id", "value" : "$name"}}] in collection item_sub_category
2020-08-15 19:48:20,237 DEBUG org.springframework.data.mongodb.core.MongoTemplate [http-nio-8080-exec-7] Executing aggregation: [{ "$lookup" : { "from" : "item_sub_category", "localField" : "subCategoryId", "foreignField" : "_id", "as" : "join_subcat"}}, { "$lookup" : { "from" : "item_category", "localField" : "categoryId", "foreignField" : "_id", "as" : "join_cat"}}, { "$match" : { "_id" : { "$numberLong" : "1"}}}, { "$project" : { "_id" : 1, "name" : 1, "subCategoryId" : 1, "imageLinks" : 1, "description" : 1, "itemAvailabilities" : 1, "status" : 1, "categoryId" : 1, "subCategoryName" : "$join_subcat.name", "categoryName" : "$join_cat.name"}}] in collection item_details
2020-08-15 19:48:20,252 DEBUG org.springframework.data.mongodb.repository.query.MongoQueryCreator [http-nio-8080-exec-7] Created query Query: { "itemId" : { "$numberLong" : "1"}}, Fields: {}, Sort: {}
2020-08-15 19:48:20,253 DEBUG org.springframework.data.mongodb.core.MongoTemplate [http-nio-8080-exec-7] find using query: { "itemId" : { "$numberLong" : "1"}} fields: Document{{}} for class: class com.initializers.services.apiservices.model.item.ItemAvailability in collection: item_availability
2020-08-15 19:48:20,255 DEBUG org.springframework.data.mongodb.core.mapping.event.AbstractMongoEventListener [http-nio-8080-exec-7] onAfterLoad(Document{{_id=1, itemId=1, actualPrice=100.0, discount=10, discountPrice=90.0, value=1.0, unit=KG, available=Active, state=Success, _class=com.initializers.services.apiservices.model.item.ItemAvailability}})
2020-08-15 19:48:20,256 DEBUG org.springframework.data.mongodb.core.mapping.event.AbstractMongoEventListener [http-nio-8080-exec-7] onAfterConvert(Document{{_id=1, itemId=1, actualPrice=100.0, discount=10, discountPrice=90.0, value=1.0, unit=KG, available=Active, state=Success, _class=com.initializers.services.apiservices.model.item.ItemAvailability}}, com.initializers.services.apiservices.model.item.ItemAvailability@1726102e)
2020-08-15 19:48:20,256 DEBUG org.springframework.data.mongodb.core.mapping.event.AbstractMongoEventListener [http-nio-8080-exec-7] onAfterLoad(Document{{_id=2, itemId=1, actualPrice=200.0, discount=15, discountPrice=170.0, value=2.0, unit=KG, available=InActive, state=Error, _class=com.initializers.services.apiservices.model.item.ItemAvailability}})
2020-08-15 19:48:20,257 DEBUG org.springframework.data.mongodb.core.mapping.event.AbstractMongoEventListener [http-nio-8080-exec-7] onAfterConvert(Document{{_id=2, itemId=1, actualPrice=200.0, discount=15, discountPrice=170.0, value=2.0, unit=KG, available=InActive, state=Error, _class=com.initializers.services.apiservices.model.item.ItemAvailability}}, com.initializers.services.apiservices.model.item.ItemAvailability@41b67537)
